{z{{{{{{|{{zz|}{|~~}|~}~~~zz}~~~~~}zz{zz~~}{|}|z}z|}zzzz|}{|{~~~~~~}~|~{~~|zzzz|}z{{{{{{z{zz{|z{
{z{{{{{{{{{zzz|z~z
{z{{{{{~{{z{~zz|z}z|
{z{{{{{~{{|{zz|z}z|
{z{{{{{{{z{}zz|z}z|
{z{{{|{}{{{zz|z~|}{
{z{{{}{}{{{zzz|}{|~~}|~}~~~zz}~~~~~}zz{zz~~}{|}|z}z|}zzzz|}{|{~~~~~~}~|~{~~|zzzz|}z{{{{{zz{zz{}z{
{z{{{}{{{|{|zz|z}{~|
{z{{{}{{{~{zz|zz}
{z{{{}{{{}{{zz|z}{~|
{z{{{~{z{{{{zzz|z}{~|
{z{{{~{}{{{zz|zz}
{z{{{~{~{{{{zz|}{|~~}|~}~~~zz}~~~~~}zz{zz~~}{|}|z}z|}zzzz|}{|{~~~~~~}~|~{~~|zzzz|}z{{{{{{z{zz{|z{
{z{{{~{{{{{zz|z}{~|
{z{{{~{{{}{zz|zz}
{z{{{~{{{}{zz|z}
{z{{{{z{{~{{zz|z}{~|
{z{{{{|{{z{zz|z}{~|
{z{{{|{{{|{{zz|}{|~~}|~}~~~zz}~~~~~}zz{zz~~}{|}|z}z|}zzzz|}{|{~~~~~~}~|~{~~|zzzz|}z{{{{{zz{zz{}z{
{z{{{}{z{{|{zz|}{|~~}|~}~~~zz}~~~~~}zz{zz~~}{|}|z}z|}zzzz|}{|{~~~~~~}~|~{~~|zzzz|}z{{{{{zz{zz{}z{
{z{{{~{~{{{zz|}{|~~}|~}~~~zz}~~~~~}zz{zz~~}{|}|z}z|}zzzz|}{|{~~~~~~}~|~{~~|zzzz|}z{{{{{{z{zz{|z{
{z{{{~{{{z{|zz|}{|~~}|~}~~~zz}~~~~~}zz{zz~~}{|}|z}z|}zzzz|}{|{~~~~~~}~|~{~~|zzzz|}z{{{{{zz{zz{}z{
{z{{{{}{{|{}zz|z||
{z{{{{{{{zz|z||
{{{z{{z{{{}{zzz|}{|~~}|~}~~~zz}~~~~~}zz{zz~~}{|}|z}z|}zzzz|}{|{~~~~~~}~|~{~~|zzzz|}z{{{{{zz{zz{}z{
{{{z{{|{z{{{{zz|}{|~~}|~}~~~zz}~~~~~}zz{zz~~}{|}|z}z|}zzzz|}{|{~~~~~~}~|~{~~|zzzz|}z{{{{{{z{zz{|z{
{{{z{{|{}{{z{zz|z~z
{{{z{{|{{{{{~zz|z|{|z}~zz~
{{{z{{|{{{{{zz|z}z|
{{{z{{~{~{{{~zz|z}~zz}z|}~}}
{{{z{{~{{{{{}zz|z~|}{
{{{z{{~{{{z{~zz|z|{|z}~zz~
{{{{{{{{{{|{~zz|z}z|
{{{{{{{{{{|{zz|z|z
{{{{{{{{{{}{zz~~~~{|~~~~|z~||~{~}~zz~~~~{{{{~{zzz}|}||{}|}|}}~~}~~{~}~~{~|}}}~~{~}z{|{{zzz~~{~|}}~~{~}zzzz~~|z{}x
{{{{{{{{{{~{~zz~~~~{|~~~~|z~||~{~}~zz~~~~{{{{~{zzz}|}||{}|}|}}~~}~~{~}~~{~|}}}~~{~}z{|{{zzz~~{~|}}~~{~}zzzz~~|z{}x
{{{{{{{{{{~{zz~~~~{|~~~~|z~||~{~}~zz~~~~{{{{~{zzz}|}||{}|}|}}~~}~~{~}~~{~|}}}~~{~}z{|{{zzz~~{~|}}~~{~}zzzz~~|z{}x
{{{{{{|{|{{{{zz|z}~zz}z|}~}}
{{{{{{|{}{{|{~zz|z~|}{
{{{{{{}{z{{z{|zz|z}{~|
{{{{{{}{{{{{~zz|z}{~|
{{{{{{~{}{{{{~zz|z}
{{{{{{~{{{|{|zz|z}{~|
{{{|{{z{~{{z{zz|z}{~|
{{{|{{z{{{|{zz|z}{~|
{{{|{{z{{{{{{zz|z}{{}}
{{{|{{z{{{|{zzz|z}{~|
{{{|{{|{|{{|{}zz|z{
{{{|{{|{|{{}{}zz|z{
{{{|{{|{}{{z{{zz|z|{|z}~zz~
{{{}{{z{{{~{zz|z}{~|
{{{}{{z{{{{{{zz|z}{~|
{{{}{{z{{{{{zz|z}{~|
{{{}{{{{z{{~{zzz|z}{~|
{{{}{{{{{{{|{}zz|z}{~|
{{{}{{{{{{z{|zz|z}~zz}z|}~}}
{{{}{{{{{{}{~zz|z~|}{
{{{}{{|{}{{|{~zz|z{}
{{{}{{|{{{~{zz|z}{~|
{{{}{{}{z{{z{zz|z}{~|
{{{}{{}{|{{|{}zz|zz}
{{{}{{}{}{{|{{zz|zz}
{{{}{{}{}{{{zz|z}{~|
{{{}{{}{~{{z{zz|zz}
{{{}{{}{{{~{zz|z}{~|
{{{}{{~{z{{~{{zz|z}{~|
{{{~{{z{~{{{{zzz|z~|||
{{{~{{{{|{{}{}zz|z|{|z}~zz~
{{{~{{{{{{|{zz|z}{~|
{{{~{{{{{{|{zz|z|{|z}~zz~
{{{~{{{{{{}{zz|z|~}
{{{~{{{{{{|{zz|z}{{}}
{{{~{{{{{{~{|zz|z}{{}}
{{{~{{|{~{{{zz|z||
{{{~{{|{{{z{{zz|z|}
{{{~{{|{{{~{zz|z
{{{~{{|{{{{{{zz|z
{{{~{{|{{{|{|zz|z}{~|
{{{~{{}{{{{{zz|z~z
{{{~{{}{|{{z{}zz|z~z
{{{~{{}{|{{~{|zz|z|{|z}~zz~
{{{~{{}{{{{}zz|z}z|
{{{~{{~{z{{{{~zz|z}{~|
{{{{{z{|{{|{zz|z||{
{{{{{z{{{|{|zz|z}{~|
{{{{{{{{{z{{zz|z}z|
{{{{{{{{{z{}zz|z|z
{{{{{|{{{{|{zz|z}{~|
{{{{{|{{{z{zz|z}z|
{{{{{|{{{}{{zz|z}~zz}z|}~}}
{{{{{|{{{~{zz|z}{~|
{{{{{|{{{~{zz|z}{~|
{{{{{}{~{{{{~zz|z~|}{
{{{{{}{{{{zz|z~|}{
{{{{{}{{{|{zz|z}~zz}z|}~}}
{{{{{}{{{|{zzz|z~|}{
{{{{{~{z{{|{zzz|z~|}{
{{{{{~{z{{|{zz|z~|}{
{{{{{~{|{{{{zz|zz}
{{{{{~{}{{z{zzz|zz}
{{{{{~{}{{{zz|z{|}z~
{{{{{z{{{{{zz|z}~zz}z|}~}}
{{{{{}{{{{{~zz|z{
{{{{{~{z{{z{zz|z}{~|
{{{{{~{z{{}{zz|z~z
{{{{{~{{{{}{zz|z}{~|
{{{{{~{{{{~{zz|z|~}
{{{{{~{|{{}{~zz|z|{|z}~zz~
{{{{{~{{{z{~zz|z|{|z}~zz~
{{{{{z{z{{}{|zz|z}{~|
{{{{{z{z{{}{}zz|z}{~|
{{{{{z{{{{z{zz|z}z|
{{{{{}{}{{{{zz|z}{~|
{{{{{}{}{{{{zz|z}{~|
{{{{{}{{{{zz|z}{~|
{{{{{}{{{z{}zz|z}{~|
{{{{{}{{{~{~zz|z}{~|
{{{{{z{~{{z{zz|z}{~|
{{{{{z{~{{|{}zz|z}{~|
{{{{{z{~{{{zz|z}{~|
{{{{{{{{~{zz|z}{~|
{{{{{z{z{{z{zz|z|{|z}~zz~
{{{{{z{{{{}{{zz|z}{~|
{{{{{z{{{{{zz|z}{~|
{{{{{z{{{{{zz|z|{|z}~zz~
{{{{{z{~{{|{}zz|z|{|z}~zz~
{{{{{z{{{}{zz|z|{|z}~zz~
{{{{{z{{{{~zz|z}{~|
{{{{{z{{{}{zz|z}|{}}}}
{{{{{z{{{}{zz|z}|{}}}}
{{{{{{{{{{|{zz|z}{~|
{{{{{{{{{{}{|zz|zz}
{{{{{{{|{{|{~zz|z}{~|
{{{{{{{|{{|{zz|zz}
{{{{{{{~{{{{zz|zz}
{{{{{{{{{~{zz|z}{~|
{{{{{|{z{{z{zz|z}{~|
{{{{{|{z{{z{zz|z|{|z}~zz~
{{{{{|{z{{}{zz|z}{~|
{{{{{|{{{{}{zz|z
{{{{{|{|{{|{zz|z}{~|
{{{{{|{}{{}{{zz|z}{~|
{{{{{|{}{{~{~zz|z|{|z}~zz~
{{{{{|{}{{{zz|z}{~|
{{{{{|{~{{|{zzz|z
{{{{{|{{{z{zz|z}{~|
{{{{{}{{{{{zz|z}z|
{{{{{}{{{~{zz|z{~|}z~
{{{{{}{{{z{|zz|z}{~|
{{{{{}{{{z{}zz|z{~|}z~
{{{{{}{{{z{|zz|z{~|}z~
{{{{{}{{{|{~zz|z{~|}z~
{{{{{~{{{{}{|zz|z{~|}z~
{{{{{~{{{{~{{zz|z}{~|
{{{{{~{~{{z{zz|z}z|
{{{{{~{{{z{}zz|z{|}z~
{{{{{~{{{z{}zz|z{|}z~
{{{{{~{{{z{~zz|z{|}z~
{{{{{~{{{z{zz|z{|}z~
{{{{{~{{{z{zz|z{|}z~
{{{{{~{{{}{zz|z}z|
{{{{{~{{{{zz|z{|}z~
{{{{{{|{{z{~zz|z{~|}z~
{{{{{{{{{zz|z{~|}z~
{{{{{{{{z{zz|z}{~|
{{{{{{{{{zz|z{~|}z~
{{{{{{{{z{~zz|z{~|}z~
{{{{{{{{z{zz|z|{|z}~zz~
{|{z{{z{z{{|{zz|z}{~|
{|{z{{z{z{{}{zzz|z|{|z}~zz~
{|{z{{z{|{{|{{zz|z{~|}z~
