{z{{{{~{{z{zz|}{|~~}|~}~~~zz}~~~~~}zz{zz~~}{|}|z}z|}zzzz|}{|{~~~~~~}~|~{~~|zzzz|}z{{{{{{z{zz{|z{
{z{{{}{{{{z{zz|z~}
{z{{{}{|{{z{zz|z~}
{z{{{}{}{{{{zz|z~{|
{z{{{}{}{{|{zz|z~{|
{z{{{~{}{{~{zz|z~|}~|~
{{{{{{~{{{}{zz|zzz}
{{{}{{{{~{{|{{zz|z}{{}}
{{{}{{{{{{z{zz|}{|~~}|~}~~~zz}~~~~~}zz{zz~~}{|}|z}z|}zzzz|}{|{~~~~~~}~|~{~~|zzzz|}z{{{{{zz{zz{}z{
{{{}{{{{{{z{zz|}{|~~}|~}~~~zz}~~~~~}zz{zz~~}{|}|z}z|}zzzz|}{|{~~~~~~}~|~{~~|zzzz|}z{{{{{{z{zz{|z{
{{{}{{{{{{~{zz|}{|~~}|~}~~~zz}~~~~~}zz{zz~~}{|}|z}z|}zzzz|}{|{~~~~~~}~|~{~~|zzzz|}z{{{{{{z{zz{|z{
{{{}{{|{~{{z{}zz|z}{{}}
{{{}{{|{{{{{|zz|z}{{}}
{{{}{{|{{{z{~zz|z}{{}}
{{{}{{|{{{|{~zz|z}{{}}
{{{}{{}{z{{|{~zz|z|}
{{{}{{}{z{{|{zz|z|}
{{{}{{}{|{{z{zz|z}{{}}
{{{}{{}{}{{}{zz|z|}
{{{}{{}{~{{z{zz|z
{{{}{{}{~{{|{zz|z}{~|
{{{}{{}{{{}{}zz|z{z~
{{{}{{~{|{{z{zz|z}{~|
{{{}{{~{~{{|{zz|z}{~|
{{{}{{{|{{~{zz|z}{{}}
{{{}{{{{{~{|zz|z}{~|
{{{}{{{{{z{~zz|z}{~|
{{{}{{{{{z{zzz|z}{~|
{{{}{{{{{~{zzz|z}{~|
{{{~{{z{z{{z{zz|z}{{}}
{{{~{{z{}{{|{zzz|z||{
{{{~{{z{~{{~{zz|z{
{{{~{{z{{{{zzz|z{
{{{~{{{{{{|{zzz|z}{~|
{{{~{{|{~{{{{zz|z{
{{{~{{|{~{{|{zz~~~~{||{z~zz~~~~{{{{}{|{z{zzz}|}|||~|}~{}~}~|~~~}~~~~~}z~}}~~~~~}~~{~zzzz~~~~~}~~}~zzzz|||~zz|~~x
{{{~{{|{~{{|{zz~~~~{||{z~zz~~~~{{{{}{|{z{zzz}|}|||~|}~{}~}~|~~~}~~~~~}z~}}~~~~~}~~{~zzzz~~~~~}~~}~zzzz|||~zz|~~x
{{{~{{|{~{{|{zz~~~~{||{z~zz~~~~{{{{}{zz}|}|||~|}~{}~}~|~~~~~~~}~|~}~~{~}~z~}}~~~~~~~{~}}~}zzz~}}}}~~~zzz~~~}~}~|~~|zzz~~~|~~}~~~~}zzz~~~}~~{~~}~}zzzz~~||z{}x
{{{~{{|{~{{|{zz~~~~{||{z~zz~~~~{{{{}{zz}|}|||~|}~{}~}~|~~~~~~~}~|~}~~{~}~z~}}~~~~~~~{~}}~}zzz~}}}}~~~zzz~~~}~}~|~~|zzz~~~|~~}~~~~}zzz~~~}~~{~~}~}zzzz~~||z{}x
{{{~{{|{~{{|{zz~~~~{||{z~zz~~~~{{{{}{zz}|}|||~|}~{}~}~|~~~~~~~}~|~}~~{~}~z~}}~~~~~~~{~}}~}zzz~}}}}~~~zzz~~~}~}~|~~|zzz~~~|~~}~~~~}zzz~~~}~~{~~}~}zzzz~~||z{}x
{{{~{{|{~{{}{zzz~~~~{||{z~zz~~~~{{{{}{zz}|}|||~|}~{}~}~|~~~~~~~}~|~}~~{~}~z~}}~~~~~~~{~}}~}zzz~}}}}~~~zzz~~~}~}~|~~|zzz~~~|~~}~~~~}zzz~~~}~~{~~}~}zzzz~~||z{}x
{{{~{{|{~{{}{zzz~~~~{||{z~zz~~~~{{{{}{zz}|}|||~|}~{}~}~|~~~~~~~}~|~}~~{~}~z~}}~~~~~~~{~}}~}zzz~}}}}~~~zzz~~~}~}~|~~|zzz~~~|~~}~~~~}zzz~~~}~~{~~}~}zzzz~~||z{}x
{{{~{{|{~{{}{zzz~~~~{||{z~zz~~~~{{{{}{zz}|}|||~|}~{}~}~|~~~~~~~}~|~}~~{~}~z~}}~~~~~~~{~}}~}zzz~}}}}~~~zzz~~~}~}~|~~|zzz~~~|~~}~~~~}zzz~~~}~~{~~}~}zzzz~~||z{}x
{{{~{{|{~{{}{zzz~~~~{||{z~zz~~~~{{{{}{zz}|}|||~|}~{}~}~|~~~~~~~}~|~}~~{~}~z~}}~~~~~~~{~}}~}zzz~}}}}~~~zzz~~~}~}~|~~|zzz~~~|~~}~~~~}zzz~~~}~~{~~}~}zzzz~~||z{}x
{{{~{{|{~{{{zz|z{
{{{~{{|{{{z{{zz~~~~{||{z~zz~~~~{{{{}{|{z{zzz}|}|||~|}~{}~}~|~~~}~~~~~}z~}}~~~~~}~~{~zzzz~~~~~}~~}~zzzz|||~zz|~~x
{{{~{{|{{{z{}zz~~~~{||{z~zz~~~~{{{{}{|{z{zzz}|}|||~|}~{}~}~|~~~}~~~~~}z~}}~~~~~}~~{~zzzz~~~~~}~~}~zzzz|||~zz|~~x
{{{~{{|{{{z{}zz~~~~{||{z~zz~~~~{{{{}{zz}|}|||~|}~{}~}~|~~~~~~~}~|~}~~{~}~z~}}~~~~~~~{~}}~}zzz~}}}}~~~zzz~~~}~}~|~~|zzz~~~|~~}~~~~}zzz~~~}~~{~~}~}zzzz~~||z{}x
{{{~{{|{{{z{}zz~~~~{||{z~zz~~~~{{{{}{zz}|}|||~|}~{}~}~|~~~~~~~}~|~}~~{~}~z~}}~~~~~~~{~}}~}zzz~}}}}~~~zzz~~~}~}~|~~|zzz~~~|~~}~~~~}zzz~~~}~~{~~}~}zzzz~~||z{}x
{{{~{{|{{{z{~zz~~~~{||{z~zz~~~~{{{{}{zz}|}|||~|}~{}~}~|~~~~~~~}~|~}~~{~}~z~}}~~~~~~~{~}}~}zzz~}}}}~~~zzz~~~}~}~|~~|zzz~~~|~~}~~~~}zzz~~~}~~{~~}~}zzzz~~||z{}x
{{{~{{|{{{z{~zz~~~~{||{z~zz~~~~{{{{}{zz}|}|||~|}~{}~}~|~~~~~~~}~|~}~~{~}~z~}}~~~~~~~{~}}~}zzz~}}}}~~~zzz~~~}~}~|~~|zzz~~~|~~}~~~~}zzz~~~}~~{~~}~}zzzz~~||z{}x
{{{~{{|{{{z{~zz~~~~{||{z~zz~~~~{{{{}{zz}|}|||~|}~{}~}~|~~~~~~~}~|~}~~{~}~z~}}~~~~~~~{~}}~}zzz~}}}}~~~zzz~~~}~}~|~~|zzz~~~|~~}~~~~}zzz~~~}~~{~~}~}zzzz~~||z{}x
{{{~{{|{{{z{~zz~~~~{||{z~zz~~~~{{{{}{zz}|}|||~|}~{}~}~|~~~~~~~}~|~}~~{~}~z~}}~~~~~~~{~}}~}zzz~}}}}~~~zzz~~~}~}~|~~|zzz~~~|~~}~~~~}zzz~~~}~~{~~}~}zzzz~~||z{}x
{{{~{{|{{{z{~zz~~~~{||{z~zz~~~~{{{{}{zz}|}|||~|}~{}~}~|~~~~~~~}~|~}~~{~}~z~}}~~~~~~~{~}}~}zzz~}}}}~~~zzz~~~}~}~|~~|zzz~~~|~~}~~~~}zzz~~~}~~{~~}~}zzzz~~||z{}x
{{{~{{|{{{{{zz|z||
{{{~{{|{{{|{zz|z|}
{{{~{{|{{{z{{zz|z|}
{{{~{{|{{{}{zz|z{
{{{~{{|{{{|{zz|z{{{
{{{~{{|{{{}{}zz|}{|~~}|~}~~~zz}~~~~~}zz{zz~~}{|}|z}z|}zzzz|}{|{~~~~~~}~|~{~~|zzzz|}z{{{{{{z{zz{|z{
{{{~{{}{{{|{{zz|}{|~~}|~}~~~zz}~~~~~}zz{zz~~}{|}|z}z|}zzzz|}{|{~~~~~~}~|~{~~|zzzz|}z{{{{{{z{zz{|z{
{{{~{{}{{{{zzz|z}{~|
{{{~{{~{z{{|{zz|z}{~|
{{{~{{~{z{{}{zz|z{
{{{~{{~{{{{}{zz|z{{{
{{{~{{~{~{{z{zz|z}{~|
{{{~{{~{~{{}{zz|z
{{{~{{~{{{}{zzz|z}{~|
{{{~{{~{{{}{zz|z{{{
{{{~{{{~{{|{zz|z{
{{{{{z{{{{zz|z{}
{{{{{z{{{{zzz|z}{~|
{{{{{z{{{}{{zz|z
{{{{{z{{{z{zz|z
{{{{{z{{{|{zz|z}}|}
{{{{{z{{{}{zz|z
{{{{{z{{{{zz|z
{{{{{{{z{{|{zzz|z}{~|
{{{{{{{{{{zz|z}{~|
{{{{{{{{{z{zz|z{|}z~
{{{{{{{{{|{}zz|z{~|}z~
{{{{{{{{{|{zz|z{~|}z~
{{{{{{{{{}{zz|z{~|}z~
{{{{{{{{{~{zzz|z{|}z~
{{{{{{{{{}{zzz|z}{~|
{{{{{{{{{{{zz|z{|}z~
{{{{{{{{{{~zz|z{|}z~
{{{{{{{{{{zz|z{|}z~
{{{{{{{{{}{zz|z{~|}z~
{{{{{{{{{~{~zz|z{~|}z~
{{{{{|{|{{~{}zz|z{|}z~
{{{{{|{}{{{{zzz|zz}
{{{{{|{}{{{}zz|z}{~|
{{{{{|{~{{~{|zz|z{|}z~
{{{{{|{~{{~{}zz|z{|}z~
{{{{{|{~{{~{zz|z{|}z~
{{{{{|{{{}{~zz|z{|}z~
{{{{{|{{{}{~zz|z{|}z~
{{{{{|{{{{zzz|z{|}z~
{{{{{}{z{{{{{zz|zz}
{{{{{}{z{{|{zz|z{|}z~
{{{{{}{z{{}{zzz|z{~|}z~
{{{{{}{z{{}{zzz|z{|}z~
{{{{{}{z{{}{{zz|z{~|}z~
{{{{{}{{{{{~zz|z}{~|
{{{{{}{|{{|{zz|z}{~|
{{{{{}{|{{~{zz|z}{~|
{{{{{}{|{{{zz|z{|}z~
{{{{{}{|{{{zz|z{|}z~
{{{{{}{|{{{zz|z{|}z~
{{{{{}{{{}{|zz|z|z
{{{{{}{{{{{|zz|z|z
{{{{{}{{{}{zz|z{|}z~
{{{{{}{{{}{zz|z{|}z~
{{{{{~{{{|{zz|z}~zz}z|}}
{{{{{~{{{~{|zz|z{~|}z~
{{{{{~{{{~{}zz|z~{z}
{{{{{~{{{~{zz|z}~zz}z|}}
{{{{{~{{{}{zz|z{~|}z~
{{{{{~{{{{{zz|z{~|}z~
{{{{{{{{{}{zz|z{~|}z~
{{{{{{{{{}{zz|z{~|}z~
{{{{{{{{{{{zz|z{~|}z~
{{{{{{{{{{|zz|z{~|}z~
{{{{{{{{{{zz|z|{|z}~zz~
{{{{{{}{{{{zz|z}{~|
{{{{{{}{{~{~zz|z}{~|
{{{{{{~{{z{~zz|z{|}z~
{{{{{{~{{{{zz|z{~|}z~
{{{{{z{{{{{zz|z{|}z~
{{{{{z{{{{{zz|z{|}z~
{{{{{z{{{{{zz|z{|}z~
{{{{{z{{{|{zzz|z{|}z~
{{{{{z{{{|{zzz|z{|}z~
{{{{{z{{{{{zz|z}
{{{{{z{{{~{}zz|z}{~|
{{{{{z{{{z{zz|z}{~|
{{{{{z{{{}{|zz|z}{~|
{{{{{{{z{{}{zz|z{|}z~
{{{{{{{z{{}{zz|z{|}z~
{{{{{{{z{{~{{zz|z{|}z~
{{{{{{{{}{zzz|z}{~|
{{{{{z{z{{z{~zz|z}{~|
{{{{{{{{{}{~zz|z~|
{{{{{{{{{{}zz|z}{~|
{{{{{{{{{{~zz|z~|
{{{{{{{{{z{}zz|z~|
{{{{{|{z{{z{|zz|z}{~|
{{{{{|{{{{{{}zz|zz|
{{{{{|{|{{{zz|z}{~|
{{{{{|{}{{|{{zz|zz|
{{{{{|{~{{{zz|z}{~|
{{{{{|{{{z{{zz|z}{~|
{{{{{{{~{{}{zz|z|z
{{{{{{{{{z{zz|z{~|}z~
{{{{{{{{{{{zzz|z{~|}z~
{{{{{{{{{{{{zz|z}~zz}z|}}
{{{{{{{{{{{zz|z{~|}z~
{{{{{{{{{{{zz|z}~zz}z|}}
{{{{{~{}{{}{zz|z~|}{
{{{{{{{{}{~zz|z}~zz}z|}}
{{{{{{{{~{zzz|z{~|}z~
{{{{{{{{~{|zz|z{~|}z~
{{{{{{{{~{zz|z}~zz}z|}}
{{{{{{{{{~zz|z}~zz}z|}}
{{{{{{{{}{zz|z{|}z~
{{{{{{{{~{zzz|z{|}z~
{{{{{{{{~{{zz|z{|}z~
{{{{{z{z{{{{}zz|z{|}z~
{{{{{z{z{{}{|zz|z{|}z~
{{{{{z{z{{}{zz|z{|}z~
{{{{{z{{{{|{zz|z{|}z~
{{{{{z{{{{|{zz|z{|}z~
{{{{{z{{{{|{zz|z{|}z~
{{{{{z{{{{|{zz|z{|}z~
{{{{{z{|{{|{}zz|z{|}z~
{{{{{z{|{{|{zz|z{|}z~
{{{{{z{|{{|{zz|z{|}z~
{{{{{z{|{{|{zz|z{|}z~
{{{{{z{|{{|{zz|z{|}z~
{{{{{z{{{z{zz|z}{~|
{{{{{z{{{z{zz|z{|}z~
{{{{{z{{{z{zz|z{|}z~
{{{{{z{{{{{zzz|z{|}z~
{{{{{z{{{{{|zz|z{|}z~
{{{{{z{{{{{|zz|z{|}z~
{{{{{z{{{}{zz|z}{~|
{{{{{{{~{{{{~zz|z}{~|
{{{{{{{{{|{zzz|z}{~|
{{{{{{{{{z{|zz|z}{~|
{{{{{{{{{~{zzz|z{|}z~
{{{{{{{{{~{zzz|z{|}z~
{{{{{{{{{~{zz|z{|}z~
{{{{{{{{{|{zzz|z{|}z~
{{{{{{{{{|{{zz|z{|}z~
{{{{{{{{{|{|zz|z{|}z~
{{{{{{{{{|{}zz|z{|}z~
{{{{{{{{{|{~zz|z{|}z~
{{{{{{{{{|{zz|z{|}z~
{{{{{{{{{|{zz|z{|}z~
{{{{{{{{{|{zz|z{|}z~
{{{{{{{{{~{zzz|z{|}z~
{{{{{}{~{{}{zzz|z|z
{{{{{}{{{}{zz|z{|}z~
{{{{{}{{{{{~zz|z{|}z~
{{{{{}{{{{{zz|z}~zz}z|}}
{{{{{}{{{|{zz|z}~zz}z|}}
{{{{{}{{{{{~zz|z~|}{
{{{{{~{z{{{{|zz|z~|}{
{{{{{{{{}{}zz|z~|}{
{|{z{{{{{{{{zz|z|{|z}~zz~
{|{z{{{{{{|{zz|z~z
{|{z{{{{{{}{|zz|z~z
{|{z{{{{{{z{}zz|z~z
{|{z{{{{{{z{zz|z|~}
{|{z{{{{{{|{}zz|z}z|
{|{z{{}{~{{{{~zz|z|{|z}~zz~
{|{z{{}{{{z{{zz|z|{|z}~zz~
{|{z{{}{{{z{zz|z|{|z}~zz~
{|{z{{~{|{{{{}zz|z|{|z}~zz~
