{z{{{{{{{zz|}{|~~}|~}~~~zz}~~~~~}zz{zz~~}{|}|z}z|}zzzz|}{|{~~~~~~}~|~{~~|zzzz|}z{{{{{{z{zz{|z{
{z{{{{{{{{zz|}{|~~}|~}~~~zz}~~~~~}zz{zz~~}{|}|z}z|}zzzz|}{|{~~~~~~}~|~{~~|zzzz|}z{{{{{{z{zz{|z{
{z{{{{{z{{|{zz|z~}|}
{z{{{{{{{{|{{zz|z{
{z{{{{{{{{{~zz|z|{|z}~zz~
{z{{{{{|{{{{zz|z|~}|
{z{{{{{~{{}{zz|z{~z
{z{{{{{~{{{zz|z{~z
{z{{{{{{{|{|zz|z{~z
{z{{{{{{{{{}zz|z}}~}
{z{{{{{{{{{zz~~~~{||{z~zz~~~~{{{{|{|{{}zz}|}|||~|}~}|~~{~~}~|~~~~~z}}|~{~~~}zzz~~~~~}~~}~zzz{zzzz{zzzz{zzzz}~|||}||{||}|zzzz~~~{~}~~{~zzzz|~~|}{}}z{~zz{|}~}z{{}x
{z{{{{{{{|{zz~~~~{||{z~zz~~~~{{{{|{|{{}zz}|}|||~|}~}|~~{~~}~|~~~~~z}}|~{~~~}zzz~~~~~}~~}~zzz{zzzz{zzzz{zzzz}~|||}||{||}|zzzz~~~{~}~~{~zzzz|~~|}{}}z{~zz{|}~}z{{}x
{z{{{{{{{{zz|z{
{z{{{|{z{{{~zz|z{
{z{{{|{{{{|{zz|z{
{z{{{|{|{{|{}zz|z{
{z{{{|{}{{{zz|z|{|z}~zz~
{z{{{|{{{z{}zz|z{{{
{z{{{|{{{z{zz|z{}
{z{{{|{{{{{|zz|z{}
{z{{{|{{{z{zz|z~z
{z{{{|{{{{zz|z}{~|
{z{{{}{z{{|{|zz|z|{|z}~zz~
{z{{{}{{{{z{zz|z{{{
{z{{{}{{{{zz|z|{|z}~zz~
{z{{{}{{{}{zz|z|{|z}~zz~
{z{{{~{z{{~{zzz|z~|}{
{z{{{~{}{{z{zz|z~{z}
{z{{{~{{{|{zz|z~{z}
{z{{{~{{{}{zz|z|{|z}~zz~
{z{{{{z{{{{zzz|z|{|z}~zz~
{z{{{{z{{}{zz|z|{|z}~zz~
{z{{{{{{{z{~zz|z|{|z}~zz~
{z{{{{{{{|{}zz|z}{~|
{z{{{{{{{|{~zz|z|{|z}~zz~
{z{{{{{{{}{zzz|z|{|z}~zz~
{z{{{{{{{~{zzz|z|{|z}~zz~
{z{{{z{}{{}{zz|z}{~|
{z{{{z{~{{{|zz|z}{~|
{z{{{z{{{{zz|z}{~|
{z{{{{{z{{z{}zz|z}{~|
{z{{{{{z{{{{zzz|z}{{}}
{z{{{{{{{{{{zz|z}{{}}
{z{{{{{}{{{{|zz|z}{{}}
{z{{{{{}{{}{zz|z}{~|
{z{{{{{{{z{{zz|z|}
{z{{{|{z{{~{zz|z}{~|
{z{{{|{}{{|{}zz|z}{~|
{z{{{|{{{z{{zz|z}
{z{{{|{{{|{zz|z}
{z{{{}{{{{z{zz|z}{~|
{z{{{}{}{{~{{zz|z}
{z{{{}{~{{{{|zz|z}{~|
{z{{{}{{{}{zzz|z}{~|
{z{{{}{{{z{zz|z}{~|
{z{{{}{{{z{zz|z}{~|
{z{{{}{{{|{zz|z}{~|
{z{{{~{z{{~{}zz|z}{~|
{z{{{~{{{{{zz|z}{~|
{z{{{~{{{}{~zz|z}
{z{{{~{{{|{zz|z}{~|
{z{{{{z{{{{zzz|z}{~|
{z{{{{z{{}{{zz|z}{~|
{z{{{{z{{{{zz|z}{~|
{z{{{{{{{{{}zz|z}{{}}
{z{{{{|{{{{{zz|z}{{}}
{z{{{{|{{~{{zz|z}{{}}
{z{{{{~{{{{{zz|z}{~|
{z{{{{{{{{zz|z}{~|
{z{{{{{{~{~zz|z}{~|
{z{{{{{{{{zz|z}{~|
{z{{{{{{}{~zz|z}{~|
{{{z{{z{}{{z{zz|z}{~|
{{{z{{z{~{{{{zz|z}{~|
{{{z{{z{{{z{zz|z}{~|
{{{z{{z{{{|{zz|z}{{}}
{{{z{{z{{{}{zzz|z}{~|
{{{z{{{{|{{{{}zz|z|{|z}~zz~
{{{z{{|{z{{{{|zz|z}{~|
{{{z{{|{z{{{{zz|zz}
{{{z{{|{z{{}{zz|zz}
{{{z{{|{z{{{zz|zz}
{{{z{{|{|{{z{|zz|z}
{{{z{{|{|{{}{|zz|z}
{{{z{{|{~{{{{{zz|z}{~|
{{{z{{|{{{~{zz|z}{~|
{{{z{{}{{{~{{zz|z}{~|
{{{z{{}{{{z{zz|z}{~|
{{{z{{}{{{{{zz|z}{~|
{{{z{{~{z{{}{|zz|z}{~|
{{{z{{~{{{{{{zz|z}{~|
{{{z{{~{{{{~{{zz|z}{~|
{{{z{{~{~{{~{{zz|z}{~|
{{{z{{~{{{{zz|z}{~|
{{{z{{~{{{{{|zz|zz}
{{{z{{~{{{~{zz|z}{~|
{{{z{{{z{{{}zz|zz}
{{{z{{{|{{|{zz|z}{~|
{{{z{{{}{{{{~zz|z}{~|
{{{z{{{{{}{zz|z}{~|
{{{z{{{{{|{}zz|z}{~|
{{{z{{{{{~{~zz|z}{~|
{{{z{{{{{{zzz|z}{{}}
{{{{{{z{{{{{zz|z|{|z}~zz~
{{{{{{{{}{{|{~zz|z}{~|
{{{{{{{{~{{{{~zz|z}{~|
{{{{{{{{~{{}{zzz|z}{~|
{{{{{{{{{{z{zz|z{|}z~
{{{{{{{{{{z{zz|z{|}z~
{{{{{{{{{{|{zzz|z{|}z~
{{{{{{|{z{{{}zz|z}{~|
{{{{{{|{{{{|{zz|z{|}z~
{{{{{{|{{{{|{zz|z{|}z~
{{{{{{|{{{{}{zzz|z{|}z~
{{{{{{|{~{{|{}zz|z{|}z~
{{{{{{|{~{{|{}zz|z{|}z~
{{{{{{|{~{{|{~zz|z{|}z~
{{{{{{|{{{~{|zz|}{|~~}|~}~~~zz}~~~~~}zz{zz~~}{|}|z}z|}zzzz|}{|{~~~~~~}~|~{~~|zzzz|}z{{{{{{z{zz{|z{
{{{{{{|{{{z{|zz|z{|}z~
{{{{{{|{{{z{|zz|z{|}z~
{{{{{{|{{{}{zz|z}{~|
{{{{{{|{{{z{~zz|z}{~|
{{{{{{|{{{|{|zz|z|~}
{{{{{{|{{{|{|zz|zz}
{{{{{{|{{{}{zz|z}{~|
{{{{{{|{{{~{}zz|z}{~|
{{{{{{}{{{|{zz|z}{~|
{{{{{{}{{{~{zz|z{|}z~
{{{{{{}{{{z{zzz|z{|}z~
{{{{{{{z{{z{zz|z}{~|
{{{}{{}{z{{|{}zz|z|z
{{{}{{}{|{{{{{zz|z}~zz}z|}~}}
{{{}{{}{~{{~{~zz|z~|}{
{{{}{{}{{{z{zz|z}~zz}z|}~}}
{{{}{{}{{{~{zz|z~|}{
{{{}{{~{{{{|zz|z~{z}
{{{}{{{{{{|{zz|z}{~|
{{{}{{{|{{{{zz|z{|}z~
{{{}{{{}{{z{|zz|z~|{z|~|
{{{}{{{~{{}{zz|z}{~|
{{{}{{{{{{{zz|z{~|}z~
{{{}{{{{{~{{zz|z{~|}z~
{{{~{{{{{{|{zz|z}{~|
{{{~{{|{|{{{{zzz|zz}
{{{~{{|{|{{{{~zz|zz}
{{{~{{|{~{{{{{zz|z}{~|
{{{~{{|{{{~{zz|z{|}z~
{{{~{{|{{{~{zz|z{|}z~
{{{~{{|{{{~{zz|z{|}z~
{{{~{{|{{{{zz|z|
{{{~{{{{{{zzz|z|z
{{{~{{{{{~{zzz|z}~zz}z|}}
{{{{{z{{{{{zz|z{~|}z~
{{{{{z{|{{|{zz|z}{~|
{{{{{z{}{{z{|zz|z}~zz}z|}}
{{{{{z{}{{{{}zz|z{~|}z~
{{{{{z{}{{{{zz|z{~|}z~
{{{{{z{}{{{{zz|z}~zz}z|}}
{{{{{z{}{{}{~zz|z}~zz}z|}}
{{{{{z{}{{~{zzz|z}~zz}z|}}
{{{{{z{~{{}{|zz|z{~|}z~
{{{{{z{~{{~{}zz|z{~|}z~
{{{{{z{{{|{zz|z~|}{
{{{{{z{{{{zz|z{~|}z~
{{{{{z{{{{zz|z{~|}z~
{{{{{z{{{{zz|z{~|}z~
{{{{{{{{{z{}zz|z|}
{{{{{{{{{|{|zz|z|}
{{{{{{{{{~{zz|z|}
{{{{{{{{{}{zz|z{|}z~
{{{{{{{{{}{zz|z{|}z~
{{{{{{{{{~{zzz|z{{{z|}z~
{{{{{{{{{~{{zz|z{{{z|}z~
{{{{{{{{{~{|zz|z{|{z|}z~
{{{{{{{{{~{}zz|z{|{z|}z~
{{{{{{{{{~{}zz|z{|{z|}z~
{{{{{{{{{{}zz|z{}
{{{{{|{{{}{|zz|z~|}{
{{{{{|{{{z{zzz|z}{~|
{{{{{}{z{{z{zz|z}{~|
{{{{{}{z{{{zz|z|{|z}~zz~
{{{{{}{{{{~{zz|z}{~|
{{{{{}{|{{}{zz|z}{~|
{{{{{}{}{{{{zz|z{|}z~
{{{{{}{}{{{{zz|z{|}z~
{{{{{}{}{{|{zz|z{~|}z~
{{{{{}{}{{|{zz|z{~|}z~
{{{{{}{}{{}{{zz|zz}
{{{{{}{~{{{{{zz|z}{~|
{{{{{}{~{{{{zz|z{~|}z~
{{{{{}{~{{{{zz|z{|}z~
{{{{{}{~{{~{~zz|z{~|}z~
{{{{{~{z{{{{zz|z{|}z~
{{{{{~{}{{{{{zz|z}{~|
{{{{{{{{{{|zz|z{|}z~
{{{{{{{{|{|zz|z{~|}z~
{{{{{{{{|{zz|z{~|}z~
{{{{{{{{|{zz|z{|}z~
{{{{{{{{~{zz|z}{~|
{{{{{{{{{~zz|z|
{{{{{{{{|{}zz|z|
{{{{{z{z{{|{zz|z|z
{{{{{z{|{{{}zz|z{~|}z~
{{{{{z{}{{|{~zz|z}{~|
{{{{{z{}{{}{|zz|z~{z}
{{{{{z{}{{}{zz|z}~zz}z|}}
{{{{{z{}{{~{{zz|z}~zz}z|}}
{{{{{z{}{{{zz|z}~zz}z|}}
{{{{{z{~{{z{|zz|z}~zz}z|}}
{{{{{z{{{}{zz|z~|}{
{{{{{z{{{z{zz|z~|}{
{{{{{{{}{{}{}zz|z~|{z|~|
{{{{{{{}{{~{zz|z}~zz}z|}}
{{{{{{{{{}{}zz|z}{~|
{{{{{}{|{{}{{zz|z}{~|
{{{{{}{}{{~{}zz|z}{~|
{{{{{}{~{{}{|zz|z}{~|
{{{{{}{~{{~{{zz|z{~|}z~
{{{{{}{~{{~{{zz|z{|}z~
{{{{{}{{{z{~zz|z{~|}z~
{{{{{{{{z{}zz|z}{~|
{{{{{{{{{~{zz|z{~|}z~
{{{{{|{z{{|{zz|z}{~|
{{{{{|{{{{{{zz|z}~zz}z|}}
{{{{{|{{{{|{zz|z}~zz}z|}}
{{{{{|{{{{}{zz|z}~zz}z|}}
{{{{{|{|{{{}zz|z{~|}z~
{{{{{|{}{{~{zz|z~|}{
{{{{{|{}{{{~zz|z~|}{
{{{{{|{{{z{zz|z}~zz}z|}}
{{{{{|{{{z{zz|z{~|}z~
{{{{{|{{{~{{zz|z}{~|
{{{{{|{{{{{zzz|z}~zz}z|}}
{{{{{|{{{|{zz|z}~zz}z|}}
{{{{{|{{{}{|zz|z}~zz}z|}}
{{{{{|{{{|{zz|z{~|}z~
{{{{{|{{{|{{zz|z~|}{
{{{{{|{{{}{zzz|z~|}{
{|{z{{{{{{{{zz|z}~zz}z|}~}}
{|{z{{|{{{{z{|zz|z}~zz}z|}~}}
{|{z{{|{|{{z{zz|z~|}{
{|{z{{}{{{{{zz|}{|~~}|~}~~~zz}~~~~~}zz{zz~~}{|}|z}z|}zzzz|}{|{~~~~~~}~|~{~~|zzzz|}z{{{{{{z{zz{|z{
{|{}{{|{{{z{zzz|}{|~~}|~}~~~zz}~~~~~}zz{zz~~}{|}|z}z|}zzzz|}{|{~~~~~~}~|~{~~|zzzz|}z{{{{{{z{zz{|z{
