{z{{{|{{{{}{zz|}{|~~}|~}~~~zz}~~~~~}zz{zz~~}{|}|z}z|}zzzz|}{|{~~~~~~}~|~{~~|zzzz|}z{{{{{zz{zz{}z{
{z{{{|{~{{}{zzz|}{|~~}|~}~~~zz}~~~~~}zz{zz~~}{|}|z}z|}zzzz|}{|{~~~~~~}~|~{~~|zzzz|}z{{{{{{z{zz{|z{
{z{{{|{{{{{zz|z}{~|
{z{{{|{{{z{zz|z|~}
{z{{{}{z{{{zz|z}z|
{z{{{}{{{{}{zz|z|{|z}~zz~
{z{{{~{{{{{zz|z|{|z}~zz~
{z{{{{{{{|zz|z{zzz~
{z{{{{{{~{zz|z|z}
{z{{{{{{|{~zz|z}{~|
{z{{{{{{}{zz|zz}
{z{{{{{{~{zzz|z}
{z{{{{{{|{}zz|z}{~|
{z{{{z{{{~{zz|z}z|
{z{{{{{}{{{{|zz|z}~zz}z|}~}}
{z{{{{{~{{|{zz|z~|}{
{z{{{{{{{{}zz|z|z
{z{{{{{{{|{zz|z~|}{
{z{{{{{{{|{zz|z}~zz}z|}~}}
{z{{{{{{{{zz|z~|}{
{z{{{|{}{{}{|zz|z~z
{z{{{|{{{{|zz|z|z
{z{{{|{{{{~zz|z}z|
{z{{{}{}{{z{zz|z}~zz}z|}~}}
{z{{{}{{{|{~zz|z}z|
{z{{{}{{{|{zz|z}z|
{z{{{}{{{}{zz|z||{
{{{z{{{{{{{|{|zz|z}~}
{{{z{{{{{{{}{zzz|zz}
{{{z{{{{{{{~{~zz|z}{~|
{{{z{{{{{{{{zz|zz}
{{{z{{{{|{{|{zz|z}{~|
{{{z{{{{~{{{{zz|z}{~|
{{{z{{{{{{~{zzz|z}{~|
{{{z{{{{{{{zzz|z}{~|
{{{z{{{{{{}{|zz|z}{~|
{{{z{{{{{{~{zz|z}{~|
{{{z{{{{{{z{zz|z}{~|
{{{z{{{{{{{{zz|z}~}
{{{z{{{{{{}{zz|z{~}
{{{z{{|{|{{|{zz|z~}
{{{z{{|{|{{|{zz|zz~}
{{{z{{|{|{{|{zz|z}~}
{{{z{{|{}{{z{}zz|z}{~|
{{{z{{|{}{{z{zz|z}~}
{{{z{{|{}{{{{{zz|z}~}
{{{z{{|{}{{{{|zz|z~~}
{{{z{{|{}{{{{}zz|z~}
{{{z{{|{}{{{{}zz|z~~}
{{{z{{|{}{{{{zz|z~~}
{{{z{{|{}{{{zz|z}{~|
{{{z{{|{{{{zz|z
{{{z{{|{{{}{zz|z|
{{{z{{|{{{~{}zz|zz{
{{{z{{|{{{z{{zz|z|z
{{{z{{|{{{}{zz|z}~zz}z|}~}}
{{{z{{|{{{~{|zz|z~|}{
{{{z{{|{{{{zz|z~|}{
{{{z{{}{{{}{}zz|}{|~~}|~}~~~zz}~~~~~}zz{zz~~}{|}|z}z|}zzzz|}{|{~~~~~~}~|~{~~|zzzz|}z{{{{{{z{zz{|z{
{{{z{{~{z{{{{|zz|}{|~~}|~}~~~zz}~~~~~}zz{zz~~}{|}|z}z|}zzzz|}{|{~~~~~~}~|~{~~|zzzz|}z{{{{{{z{zz{|z{
{{{z{{~{{{{~{|zz|}{|~~}|~}~~~zz}~~~~~}zz{zz~~}{|}|z}z|}zzzz|}{|{~~~~~~}~|~{~~|zzzz|}z{{{{{{z{zz{|z{
{{{z{{~{}{{z{zz|z
{{{z{{~{~{{{zzz|z
{{{z{{~{{{{{zz|z}{~|
{{{z{{~{{{z{zz|z
{{{z{{~{{{{~zz|z
{{{z{{~{{{{{}zz|z}{~|
{{{z{{~{{{{zzz|z}{~|
{{{z{{{{{{z{zz|z}{~|
{{{z{{{|{{|{}zz|z}{~|
{{{{{{z{|{{}{zz|z}{~|
{{{{{{z{}{{}{zzz|z}~}
{{{{{{z{}{{}{}zz|z}~}
{{{{{{z{}{{}{~zz|z}~}
{{{{{{z{}{{}{~zz|z}~}
{{{{{{z{}{{{}zz|z}{~|
{{{{{{z{{{z{zz|z}{~|
{{{{{{z{{{{{zz|z}{~|
{{{{{{z{{{}{zz|z}
{{{{{{z{{{|{~zz|z}{~|
{{{{{{z{{{{zz|z}{~|
{{{{{{z{{{{{}zz|z}~}
{{{{{{z{{{|{{zz|z}{~|
{{{{{{{{|{{|{zz|z}{~|
{{{{{{{{}{{{{|zz|z}{~|
{{{{{{{{~{{{zz|z}{~|
{{{{{{{{{{{{}zz|z||
{{{{{{{{{{}{zzz|z}~}
{{{{{{{{{{}{zz|zz~}
{{{{{{{{{{}{zz|zz~}
{{{{{{{{{{z{|zz|z||
{{{{{{|{z{{}{zz|z}{~|
{{{{{{|{{{{}{~zz|z||
{{{{{{|{{{{{}zz|z||
{{{{{{|{{{z{zz|z}{~|
{{{{{{|{{{|{zzz|zz~}
{{{{{{|{{{{zz|z}{~|
{{{{{{|{{{{{zz|z}{~|
{{{{{{|{{{{{zz|z}{~|
{{{{{{|{{{|{{zz|z}{~|
{{{{{{|{{{|{}zz|z}~}
{{{{{{|{{{}{|zz|z}{~|
{{{{{{|{{{{zz|z|{|z}~zz~
{{{{{{|{{{|{{zz|z~}
{{{{{{}{{{{{|zz|z}~}
{{{{{{}{{{{{~zz|z}~}
{{{{{{}{}{{{{zz|z|{|z}~zz~
{{{{{{}{}{{}{}zz|z}~}
{{{{{{}{}{{}{zz|zz}
{{{{{{}{~{{{{zzz|z}{~|
{{{{{{}{~{{|{zz|z}|{}}}}
{{{{{{}{~{{}{zz|z}~}
{{{|{{z{{{{}{zz|z~{|
{{{|{{}{{{{~{zz|z~{|
{{{|{{}{|{{{{zz|z}{~|
{{{|{{}{|{{~{zz|z}{~|
{{{|{{}{|{{{}zz|z}{~|
{{{|{{}{}{{}{zzz|z}{~|
{{{|{{}{}{{~{zz|z}{~|
{{{|{{}{~{{|{~zz|z~{|
{{{|{{}{{{{{zz|z~{|
{{{|{{}{{{z{zz|z}{~|
{{{|{{}{{{}{}zz|z}{~|
{{{|{{}{{{{zzz|z~{|
{{{|{{}{{{~{zz|z}{~|
{{{|{{}{{{~{zz|z~{|
{{{|{{}{{{}{zz|z~{|
{{{|{{}{{{|{zz|z}{~|
{{{|{{}{{{~{zz|z}{~|
{{{|{{~{z{{z{~zz|z~{|
{{{|{{~{{{{{zz|z}{~|
{{{|{{~{|{{}{zz|zz{|
{{{|{{~{|{{}{zz|z{z
{{{|{{~{{{|{zz|z{z
{{{|{{~{{{z{zz|z}{~|
{{{|{{~{{{}{zz|z}{~|
{{{|{{{z{{}{|zz|z}{~|
{{{|{{{}{{}{}zz|z}{~|
{{{|{{{~{{{{zzz|z}{~|
{{{|{{{~{{}{|zz|z}{~|
{{{|{{{{{{{zz|z}{~|
{{{|{{{{{|{zz|z}
{{{|{{{{{{zzz|z{z
{{{|{{{{{{{zz|z{z
{{{|{{{{{}{{zz|z}{~|
{{{|{{{{{~{}zz|z}{~|
{{{|{{{{{|{zz|z}{~|
{{{|{{{{{|{zz|z}{~|
{{{|{{{{{~{zzz|z~~}
{{{}{{z{}{{{{zzz|z}{~|
{{{}{{z{}{{}{~zz|z
{{{}{{{{|{{z{|zz|z|
{{{}{{{{|{{{{zz|z~}
{{{}{{{{|{{}{zz|z|
{{{}{{{{~{{~{zz|z|
{{{}{{{{{{z{zzz|}{|~~}|~}~~~zz}~~~~~}zz{zz~~}{|}|z}z|}zzzz|}{|{~~~~~~}~|~{~~|zzzz|}z{{{{{{z{zz{|z{
{{{}{{{{{{|{zz|z~}
{{{}{{|{~{{}{zzz|z~~}|
{{{}{{|{~{{~{zzz|z|
{{{}{{|{{{|{{zz|z|
{{{}{{|{{{~{|zz|z|
{{{}{{|{{{{|zz|z|
{{{}{{}{}{{z{zz|z~}z}
{{{~{{z{z{{}{zz|z|
{{{~{{z{}{{z{zz|z|}
{{{~{{z{}{{|{}zz|z}~z~
{{{~{{z{~{{z{}zz|z|}}
{{{~{{z{{{~{zzz|z}{~|
{{{~{{z{{{~{zz|z}{~|
{{{~{{z{{{z{}zz|zz~}
{{{~{{z{{{z{~zz|zz~}
{{{~{{z{{{z{zz|zz~}
{{{~{{z{{{{{{zz|z~}
{{{~{{z{{{{{|zz|z~}
{{{~{{z{{{{{}zz|z~}
{{{~{{z{{{{{~zz|z~}
{{{~{{z{{{|{{zz|zz~}
{{{~{{z{{{}{zz|z}{~|
{{{~{{z{{{{{|zz|z}{~|
{{{~{{z{{{}{{zz|z}{~|
{{{~{{z{{{~{{zz|z}{~|
{{{~{{z{{{{zz|z}{~|
{{{~{{{{{{{zz|z}{~|
{{{~{{{{{{|{zzz|zz~}
{{{~{{{{{{}{zz|z}~}
{{{~{{{{{{}{}zz|z~~}
{{{~{{{{{{z{zzz|zz~}
{{{~{{{{{{z{|zz|zz~}
{{{~{{{{{{z{zz|zz{
{{{~{{|{{{{z{zz|z}
{{{~{{|{}{{z{zz|zz{
{{{~{{|{{{z{zzz|zz{
{{{~{{|{{{|{zz|zz{
{{{~{{|{{{~{|zz|zz{
{{{~{{|{{{|{|zz|z}{~|
{{{~{{|{{{~{zz|z}{~|
{{{~{{}{{{{{{zz|z}{~|
{{{~{{}{{{{}{|zz|zz~}
{{{~{{}{{{{~{zzz|z}~}
{{{~{{}{{{{~{{zz|z}~}
{{{~{{~{{{{|{zz|z}
{{{~{{~{{{{{~zz|zz~}
{{{~{{~{{{{{zz|z}
{{{~{{~{|{{{{zz|z}{~|
{{{~{{~{|{{~{{zz|zz~}
{{{~{{~{|{{~{|zz|zz~}
{{{~{{~{|{{~{}zz|zz~}
{{{~{{~{~{{~{~zz|z}{~|
{{{~{{~{~{{{zz|z}{~|
{{{~{{~{{{{{}zz|z}|{}}}}
{{{~{{~{{{{{zz|z}{~|
{{{{{z{z{{z{zzz|z}{~|
{{{{{z{{{~{zz|zz{|
{{{{{z{{{{{zz|z}{~|
{{{{{{{|{{{{|zz|z}{~|
{{{{{{{{{|{zzz|z}{~|
{{{{{{{{{}{zz|z}{~|
{{{{{{{{{~{zz|z}{~|
{{{{{{{{{}{zzz|zz~}
{{{{{|{z{{}{zz|z{z
{{{{{|{|{{{zz|z}{~|
{{{{{|{~{{z{zz|z}{~|
{{{{{|{~{{}{zz|z}{~|
{{{{{|{~{{{{zz|z}~}
{{{{{}{~{{{{{zz|z}{~|
{{{{{}{~{{|{~zz|z{}
{{{{{}{~{{~{zz|z}{~|
{{{{{}{{{{{zz|z|}|
{{{{{}{{{}{zz|z|}|
{{{{{}{{{z{zz|z|}|
{{{{{}{{{~{{zz~~~~{|~}~|~|~{~~|~~~zz~~~~{{~{|{zz}|}|||~|}~~~~|}~~}~}~|~~~~~}}~~~}|~~~{~~~~~}~z~~~~}z~|~~~~}}~~~~~zzz~}~~~~}}~~~~~}}~}zzz}~}|}|zzz||{|}}|zzzz~|~~{~}~~{~zzzz~~|zzx
{{{{{}{{{{zz|z|}|
{{{{{}{{{|{zz|z|}|
{{{{{}{{{{}zz|z|}|
{{{{{}{{{{{zzz|z|}|
{{{{{~{{{z{zz|z~
{{{{{~{{{{{}zz|z~
{{{{{{{{}{zzz|z}{~|
{{{{{{{{z{zzz|z{~|}z~
{{{{{{{{z{{zz|z{~|}z~
{{{{{{{{~{{zz|z{~|}z~
{{{{{{{{z{~zz|zz
{{{{{{{{z{zz|z}z|
{{{{{}{}{{|{~zz|z{~|}z~
{{{{{}{}{{~{~zz|z|~}
{{{{{}{~{{{{zz|z{~|}z~
{{{{{}{{{|{}zz|z}{~|
{{{{{}{{{~{~zz|z|~}
{{{{{}{{{{{zzz|z{~|}z~
{{{{{~{z{{|{}zz|z}{~|
{{{{{~{z{{|{zz|z}
{{{{{~{z{{{zz|z}{~|
{{{{{~{}{{z{|zz|z}{~|
{{{{{~{}{{{{zz|zz}
{{{{{~{}{{~{zzz|z}{~|
{{{{{{{{}{zz|z{|}z~
{{{{{{{{{~zz|z{~|}z~
{{{{{{{{{zz|z{~|}z~
{{{{{{{{{zz|z{|}z~
{{{{{{{{}{zzz|z{|}z~
{{{{{{{{}{zzz|z{|}z~
{{{{{z{~{{{zz|z|z
{{{{{z{{{z{zz|z}~zz}z|}~}}
{{{{{z{{{~{}zz|z~|}{
{{{{{{{z{{|{}zz|z|z
{{{{{{{z{{}{zz|z}~zz}z|}~}}
{{{{{{{{{{{zz|z~|}{
{{{{{{{{{zz|z{|}z~
{{{{{|{z{{|{}zz|z{|}z~
{{{{{|{z{{|{~zz|z{|}z~
{{{{{|{z{{|{~zz|z{|}z~
{{{{{}{{{{{|zz|z{|}z~
{{{{{}{{{{{}zz|z{|}z~
{{{{{}{{{{{zz|z{|}z~
{{{{{z{|{{{}zz|z}{~|
{{{{{z{}{{}{zz|z}{~|
{{{{{z{~{{z{zz|z}{~|
{{{{{z{{{{{zz|zz~}
{{{{{{{~{{z{zz|z}{~|
{{{{{{{~{{{{}zz|zz|
{{{{{{{{{}{}zz|z}{~|
{{{{{{{{{}{~zz|zz|
{{{{{{{{{|{zz|z}{~|
{{{{{{{{{~{|zz|z}{~|
{{{{{|{z{{{{zz|z{z
{{{{{|{z{{~{zz|z{z
{{{{{|{{{{{{zz|z{z
{{{{{{|{{}{{zz|z|}
{{{{{{|{{{zz|z{z
{{{{{{~{{~{zz|z}{~|
{{{{{{{{z{{zz|z{z
{{{{{{{{{{~zz|zz}
{{{{{{{{~{zz|z}{~|
{{{{{{{{{{zz|z}{~|
{{{{{{{{~{{zz|z}{~|
{{{{{{{{{{zz|z|}|
{{{{{{{{{}zz|z|}|
{|{z{{z{{{{{{zz|z}~}
{|{z{{z{{{{|{zz|z}~}
{|{z{{z{}{{}{zz|z}{~|
{|{z{{z{{{{{zz|z{z
{|{z{{z{{{{zz|z}{~|
{|{z{{z{{{}{{zz|z}{~|
{|{z{{z{{{{{zz|z{z
{|{z{{z{{{}{zz|z}{~|
{|{z{{{{|{{{{zz|z}{~|
{|{z{{{{|{{}{~zz|zz}
{|{z{{{{|{{}{zz|z}
{|{z{{{{}{{z{zz|z}{~|
{|{z{{{{}{{}{zz|z}{~|
{|{z{{{{{{~{~zz|z}{~|
{|{z{{{{{{{{~zz|z}{~|
{|{z{{{{{{}{zz|z}{~|
{|{z{{{{{{z{zzz|z}{~|
{|{z{{{{{{|{~zz|z}{~|
{|{z{{|{{{{{{zz|z}{~|
{|{z{{|{|{{}{zz|z}{~|
{|{z{{|{{{{{{zz|z|z|
