{z{z{{z{{{{{{zz|}{|~~}|~}~~~zz}~~~~~}zz{zz~~}{|}|z}z|}zzzz|}{|{~~~~~~}~|~{~~|zzzz|}z{{{{{{z{zz{|z{
{z{}{{|{{{|{{zz|}{|~~}|~}~~~zz}~~~~~}zz{zz~~}{|}|z}z|}zzzz|}{|{~~~~~~}~|~{~~|zzzz|}z{{{{{{z{zz{|z{
{z{{{}{{{~{}zz|}{|~~}|~}~~~zz}~~~~~}zz{zz~~}{|}|z}z|}zzzz|}{|{~~~~~~}~|~{~~|zzzz|}z{{{{{{z{zz{|z{
{z{{{}{{{z{zz|}{|~~}|~}~~~zz}~~~~~}zz{zz~~}{|}|z}z|}zzzz|}{|{~~~~~~}~|~{~~|zzzz|}z{{{{{{z{zz{|z{
{z{{{{|{{~{}zz|}{|~~}|~}~~~zz}~~~~~}zz{zz~~}{|}|z}z|}zzzz|}{|{~~~~~~}~|~{~~|zzzz|}z{{{{{{z{zz{|z{
{z{{{{}{{{{zz|}{|~~}|~}~~~zz}~~~~~}zz{zz~~}{|}|z}z|}zzzz|}{|{~~~~~~}~|~{~~|zzzz|}z{{{{{{z{zz{|z{
{z{{{{~{{{{zz|}{|~~}|~}~~~zz}~~~~~}zz{zz~~}{|}|z}z|}zzzz|}{|{~~~~~~}~|~{~~|zzzz|}z{{{{{{z{zz{|z{
{{{z{{z{{{}{zz|}{|~~}|~}~~~zz}~~~~~}zz{zz~~}{|}|z}z|}zzzz|}{|{~~~~~~}~|~{~~|zzzz|}z{{{{{{z{zz{|z{
{{{z{{|{z{{{zzz|}{|~~}|~}~~~zz}~~~~~}zz{zz~~}{|}|z}z|}zzzz|}{|{~~~~~~}~|~{~~|zzzz|}z{{{{{{z{zz{|z{
{{{z{{|{|{{~{zzz|}{|~~}|~}~~~zz}~~~~~}zz{zz~~}{|}|z}z|}zzzz|}{|{~~~~~~}~|~{~~|zzzz|}z{{{{{{z{zz{|z{
{{{z{{|{}{{{zz|z{
{{{z{{|{{{z{{zz|z|{|z}~zz~
{{{z{{|{{{z{zz|z|{|z}~zz~
{{{z{{|{{{|{zz|z{{{
{{{z{{|{{{~{}zz|z||
{{{z{{~{{{z{zzz|}{|~~}|~}~~~zz}~~~~~}zz{zz~~}{|}|z}z|}zzzz|}{|{~~~~~~}~|~{~~|zzzz|}z{{{{{{z{zz{|z{
{{{z{{~{{{{|zz|}{|~~}|~}~~~zz}~~~~~}zz{zz~~}{|}|z}z|}zzzz|}{|{~~~~~~}~|~{~~|zzzz|}z{{{{{{z{zz{|z{
{{{{{{{{z{{|{|zz|}{|~~}|~}~~~zz}~~~~~}zz{zz~~}{|}|z}z|}zzzz|}{|{~~~~~~}~|~{~~|zzzz|}z{{{{{{z{zz{|z{
{{{{{{{{z{{~{zz|z~
{{{{{{{{{{}{zz|z~|}{
{{{}{{}{|{{{{{zz|}{|~~}|~}~~~zz}~~~~~}zz{zz~~}{|}|z}z|}zzzz|}{|{~~~~~~}~|~{~~|zzzz|}z{{{{{zz{zz{}z{
{{{}{{{{{{|{zz|}{|~~}|~}~~~zz}~~~~~}zz{zz~~}{|}|z}z|}zzzz|}{|{~~~~~~}~|~{~~|zzzz|}z{{{{{{z{zz{|z{
{{{{{z{{{}{zzz|}{|~~}|~}~~~zz}~~~~~}zz{zz~~}{|}|z}z|}zzzz|}{|{~~~~~~}~|~{~~|zzzz|}z{{{{{{z{zz{|z{
{{{{{z{{{|{}zz|}{|~~}|~}~~~zz}~~~~~}zz{zz~~}{|}|z}z|}zzzz|}{|{~~~~~~}~|~{~~|zzzz|}z{{{{{zz{zz{}z{
