{z{{{{{{{{zz|}{|~~}|~}~~~zz}~~~~~}zz{zz~~}{|}|z}z|}zzzz|}{|{~~~~~~}~|~{~~|zzzz|}z{{{{{{z{zz{|z{
{z{{{z{{{{zz|z|~}
{z{{{z{{{{zz~~~~{||{z~zz~~~~{{{{}{zz}|}|||~|}~{}~}~|~~~~~~~}~|~}~~{~}~z~}}~~~~~~~{~}}~}zzz~}}}}~~~zzz~~~}~}~|~~|zzz~~~|~~}~~~~}zzz~~~}~~{~~}~}zzzz~~||z{}x
{z{{{z{{{{{zzz|z|~}
{z{{{{{{{{|{~zz|zz}
{z{{{{{{{{~{zzz|z{|}z~
{z{{{{{{{{{}zz|z{|}z~
{z{{{{{}{{~{{zz|z}z|
{z{{{~{~{{{{|zz|z}~zz}z|}~}}
{z{{{~{{{z{zz|z~|}{
{z{{{z{{{|{zz|z~
{z{{{|{~{{}{zzz|z~
{z{{{|{{{{{|zz|z|}
{z{{{|{{{{{~zz|z~
{z{{{|{{{}{zz|z}|{}}}}
{z{{{}{{{|{zz|z~z
{z{{{{}{{z{zz|z}{~|
{z{{{{}{{}{zz|z}{~|
{z{{{{~{{~{zz|z}{~|
{{{z{{z{}{{{{zz|}{|~~}|~}~~~zz}~~~~~}zz{zz~~}{|}|z}z|}zzzz|}{|{~~~~~~}~|~{~~|zzzz|}z{{{{{zz{zz{}z{
{{{z{{z{{{{{{zz|z{|}z~
{{{z{{z{{{{{|zz|z{|}z~
{{{z{{z{{{{{}zz|z{|}z~
{{{z{{z{{{|{zz|z{|}z~
{{{z{{{{{{{{{zz|z{~|}z~
{{{z{{{{{{{{}zz|z{|}z~
{{{z{{{{{{{{~zz|z{|}z~
{{{z{{{{{{{{zz|z{|}z~
{{{z{{}{{{{{{}zz|z{|}z~
{{{z{{}{{{{|{~zz|z}~zz}z|}~}}
{{{z{{}{|{{|{zz|z}~zz}z|}}
{{{z{{}{|{{|{zz|z}~zz}z|}~}}
{{{z{{}{{{{{zz|z}~zz}z|}~}}
{{{z{{}{{{z{}zz|z~z
{{{z{{~{}{{|{{zz|z}~zz}z|}~}}
{{{z{{~{~{{{zz|z~|}{
{{{z{{~{{{{~zz|z}~zz}z|}~}}
{{{{{{z{{{|{zz|z}~zz}z|}~}}
{{{{{{{{z{{|{~zz|z}~zz}z|}~}}
{{{{{{{{{~{zz|z}{~|
{{{{{{{{{{zz|z}{~|
{{{{{{{{{~{zz|}{|~~}|~}~~~zz}~~~~~}zz{zz~~}{|}|z}z|}zzzz|}{|{~~~~~~}~|~{~~|zzzz|}z{{{{{{z{zz{|z{
{{{|{{z{z{{{}zz|z}~}
{{{|{{z{z{{{zz|z}
{{{|{{z{{{{z{}zz|z}{}
{{{|{{z{{{{|{|zz|z}|}~
{{{|{{z{{{{}{zzz|z}{}
{{{|{{z{{{{~{zz|z||{|}|~
{{{}{{z{{{~{zz|}{|~~}|~}~~~zz}~~~~~}zz{zz~~}{|}|z}z|}zzzz|}{|{~~~~~~}~|~{~~|zzzz|}z{{{{{{z{zz{|z{
{{{}{{{{z{{{{|zz|}{|~~}|~}~~~zz}~~~~~}zz{zz~~}{|}|z}z|}zzzz|}{|{~~~~~~}~|~{~~|zzzz|}z{{{{{{z{zz{|z{
{{{}{{|{}{{|{zzz|z}{~|
{{{}{{|{}{{}{zz|z}z|
{{{}{{|{{{~{{zz|z}z|
{{{}{{|{{{|{zzz|z{|}z~
{{{}{{|{{{~{~zz|z{}
{{{}{{|{{{{zzz|z}{~|
{{{}{{|{{{{zz|z}{~|
{{{}{{}{z{{{{|zz|z{|}z~
{{{}{{}{|{{~{}zz|z}{}~
{{{}{{}{}{{~{zz|z}{}~
{{{}{{~{z{{z{~zz|z}{~|
{{{}{{~{z{{z{zz|z{|}z~
{{{}{{~{z{{}{zzz|z{|}z~
{{{}{{~{}{{{{zz|z|z
{{{}{{~{~{{z{zz|z{|}z~
{{{}{{~{~{{|{zzz|z}z|
{{{}{{~{~{{}{{zz|z}z|
{{{~{{z{|{{{{zzz|zz~}
{{{~{{z{|{{{{zzz|z}~}
{{{~{{z{{{~{zz|zz~}
{{{~{{z{{{~{zz|z}~}
{{{~{{z{{{~{zz|zz~}
{{{~{{|{{{z{zz|z|{|z}~zz~
{{{~{{|{{{z{zz|z}{~|
{{{{{|{z{{~{{zz|z}{~|
{{{{{}{{{z{~zz|z{{
{{{{{~{|{{}{zz|z{{
{{{{{~{~{{|{zz|zzz}
{{{{{~{~{{~{zz~~~~{}~}~zz~~~~{{{{{zz}|}}|}~{~~~~}~~}}~~}~~}~z}~~~~}~}zzz~}~~~zzzz~|~|~~~}~}zzz~|~zzzz~{~}|||~~}~{x
{{{{{~{~{{~{zz~~~~{}z~{|~~~~~|~{~}~|~~~zz~~~~{{}{z{zz}|}|||~|}~{}~}~~~~~~}~~~}~z~|}|~}~~{~{{zzz~|}|~}~~{~{|zzz|}||zzz|}||zzz|}||zzz|}||zzzz~~|~~|~~}}{z}zzzz~~~~}{z}zzzz~~~~}{{}zzzz~{~}|||~~}~{x
{{{{{~{~{{~{zz~~~~{||{z~zz~~~~{{{{~{{{{~zz}|}|}|{|}~~~~~~{~~~z~|}|~}~~{~zzzz~~{~~{~~|zzzz}|~~}|{}x
{{{{{~{~{{~{zz~~~~{}z~{|~~~~~|~{~}~|~~~zz~~~~{{}{z{zz}|}|||~|}~{}~}~~~~~~}~~~}~z~|}|~}~~{~{{zzz~|}|~}~~{~{|zzz|}||zzz|}||zzz|}||zzz|}||zzzz~~|~~|~~}}{z}zzzz~~~~}{z}zzzz~~~~}{{}zzzz~{~}|||~~}~{x
{{{{{~{~{{~{zz~~~~{||{z~zz~~~~{{{{~{{{{~zz}|}|}|{|}~~~~~~{~~~z~|}|~}~~{~zzzz~~{~~{~~|zzzz}|~~}|{}x
{{{{{~{~{{~{zz~~~~{}z~{|~~~~~|~{~}~|~~~zz~~~~{{}{z{zz}|}|||~|}~{}~}~~~~~~}~~~}~z~|}|~}~~{~{{zzz~|}|~}~~{~{|zzz|}||zzz|}||zzz|}||zzz|}||zzzz~~|~~|~~}}{z}zzzz~~~~}{z}zzzz~~~~}{{}zzzz~{~}|||~~}~{x
{{{{{~{~{{~{zz~~~~{||{z~zz~~~~{{{{~{{{{~zz}|}|}|{|}~~~~~~{~~~z~|}|~}~~{~zzzz~~{~~{~~|zzzz}|~~}|{}x
{{{{{~{{{|{zz|z}{~|
{{{{{~{{{|{zz|z}{~|
{{{{{~{{{~{zz|z}
{{{{{~{{{z{zz|z}{~|
{{{{{~{{{{{zz|z}{~|
{{{{{~{{{|{{zz|z~}}{
{{{{{{{{{{{zz|z}{~|
{{{{{{}{{|{zz|zz}
{{{{{{~{{z{zz|z}{~|
{{{{{{~{{{{zz|z}{~|
{{{{{z{}{{}{zzz|z}{~|
{{{{{z{}{{~{zzz|z}{~|
{{{{{z{~{{}{zz|z}{~|
{{{{{z{{{z{zz|z}{~|
{{{{{z{{{|{zzz|z}{~|
{{{{{}{{{|{zz|z{{
{{{{{{{{z{zz|}{|~~}|~}~~~zz}~~~~~}zz{zz~~}{|}|z}z|}zzzz|}{|{~~~~~~}~|~{~~|zzzz|}z{{{{{{z{zz{|z{
{{{{{~{z{{{{zzz|z}{~|
{{{{{~{|{{z{zz|z{|}z~
{{{{{~{}{{{zz|z}{~|
{{{{{~{~{{z{~zz|z{|}z~
{{{{{}{z{{|{|zz|z|z
{{{{{}{{{{{zz|z}~zz}z|}~}}
{{{{{}{~{{{zz|z~|}{
{{{{{}{{{z{}zz|z~|}{
{{{{{}{{{{{zz|z}~zz}z|}~}}
{{{{{}{{{{{}zz|z~|}{
