{z{{{{|{{{{|zz|}{|~~}|~}~~~zz}~~~~~}zz{zz~~}{|}|z}z|}zzzz|}{|{~~~~~~}~|~{~~|zzzz|}z{{{{{{z{zz{|z{
{z{{{{~{{|{zz|z||{|}|~
{z{{{{~{{}{|zz|z||{|}|~
{z{{{{{{z{zz|z}~}
{z{{{{{{}{|zz|z{~}
{z{{{z{|{{{{{zz|z|}}
{z{{{z{}{{{{}zz|z{}|}z~
{z{{{z{}{{{{zz|z|
{z{{{z{}{{{{zz|z|
{z{{{z{}{{|{zzz|z|
{z{{{z{}{{|{zzz|z|
{z{{{z{}{{|{zzz|z|
{z{{{z{}{{|{{zz|z|
{z{{{z{}{{|{}zz|z|
{z{{{z{}{{|{~zz|z~}
{z{{{z{}{{|{zz|z~}
{z{{{z{}{{|{zz|z~}
{z{{{z{}{{|{zz|z~}
{z{{{z{~{{~{|zz|z}{~|
{z{{{z{{{}{{zz|z|{|z}~zz~
{z{{{{{z{{}{~zz|zz~}
{z{{{{{z{{~{zzz|z|~}
{z{{{{{z{{~{{zz|z~}
{z{{{{{{{{~{zz|z{}|}z~
{z{{{{{}{{{{~zz|z}{~|
{z{{{|{{{z{~zz|z}{~|
{z{{{|{{{{{zz|z}{~|
{z{{{|{{{|{}zz|z}{~|
{z{{{{~{{}{zz|z}z|
{z{{{z{|{{}{|zz|z}{~|
{z{{{~{~{{~{~zz|z}{~|
{z{{{{{{{{|zz|z{|}z~
{z{{{{{{{{~zz|z{|}z~
{z{{{{{{{{zz|z{|}z~
{z{{{{{{{{zz|z{|}z~
{z{{{{{{|{|zz|z{|}z~
{{{z{{{{|{{{{{zz|z}~zz}z|}~}}
{{{z{{{{}{{|{|zz|z|z
{{{z{{{{}{{|{zz~~~~{|~~~~|z~||~{~}~zz~~~~{{{{~{zzz}|}||{}|}|}}~~}~~{~}~~{~|}}}~~{~}z{|{{zzz~~{~|}}~~{~}zzzz~~|z{}x
{{{z{{{{}{{}{{zz~~~~{|~~~~|z~||~{~}~zz~~~~{{{{~{zzz}|}||{}|}|}}~~}~~{~}~~{~|}}}~~{~}z{|{{zzz~~{~|}}~~{~}zzzz~~|z{}x
{{{z{{{{}{{}{}zz~~~~{|~~~~|z~||~{~}~zz~~~~{{{{~{zzz}|}||{}|}|}}~~}~~{~}~~{~|}}}~~{~}z{|{{zzz~~{~|}}~~{~}zzzz~~|z{}x
{{{z{{{{}{{~{zz~~~~{|~~~~|z~||~{~}~zz~~~~{{{{~{zzz}|}||{}|}|}}~~}~~{~}~~{~|}}}~~{~}z{|{{zzz~~{~|}}~~{~}zzzz~~|z{}x
{{{z{{{{}{{{zzz~~~~{|~~~~|z~||~{~}~zz~~~~{{{{~{zzz}|}||{}|}|}}~~}~~{~}~~{~|}}}~~{~}z{|{{zzz~~{~|}}~~{~}zzzz~~|z{}x
{{{z{{{{~{{z{zz|z}~zz}z|}~}}
{{{z{{{{{{}{{zz|z~|}{
{{{{{{}{{{~{|zz|z}{~|
{{{{{{}{{{{{|zz|z|
{{{{{{}{{{{{}zz|z|
{{{{{{}{{{{{}zz|z|
{{{{{{}{{{{{~zz|z|
{{{{{{}{{{{{zz|z|
{{{{{{}{{{|{~zz|z|
{{{{{{}{{{|{~zz|z|
{{{{{{}{{{}{~zz|z|
{{{{{{}{{{}{~zz|z|
{{{{{{}{{{~{}zz|z~~}
{{{{{{}{{{{}zz|z~~}
{{{{{{}{{{{zz|z~}
{{{{{{}{{{{zz|z~~}
{{{{{{}{{{{zz|z~}
{{{{{{~{z{{z{|zz|z~}
{{{{{{~{z{{z{}zz|z~}
{{{{{{~{z{{z{}zz|z~}
{{{{{{~{z{{z{~zz|z~}
{{{{{{~{z{{z{~zz|z~}
{{{{{{~{z{{{{zzz|z~}
{{{{{{~{z{{|{zz|z~~}
{{{{{{~{{{{{zzz|z}{~|
{{{{{{~{|{{{{zz|z}|{}}}}
{{{{{{~{|{{}{zzz|z}|{}}}}
{{{{{{~{|{{~{}zz|z~}
{{{{{{~{{{z{}zz|z}{~|
{{{{{{~{{{|{zz|z}{~|
{{{{{{~{{{~{zz|z}{~|
{{{{{{~{{{{|zz|z}{~|
{{{{{{~{{{|{zz|z}{~|
{{{{{{~{{{{zz|z}{~|
{{{{{{~{{{|{zzz|z}{~|
{{{{{{{}{{|{zz|zz}
{{{{{{{~{{{{~zz|zz}
{{{{{{{~{{~{~zz|z}{~|
{{{{{{{{{z{~zz|z}{~|
{{{|{{z{z{{{{zz|z}{~|
{{{|{{z{z{{|{zzz|z}{~|
{{{|{{z{|{{}{}zz|z
{{{|{{z{|{{}{zz|z
{{{|{{~{|{{z{}zz|z}z|
{{{|{{~{{{z{zz|z}~zz}z|}~}}
{{{|{{~{{{|{|zz|z}~zz}z|}~}}
{{{|{{~{{{{{zzz|z}~zz}z|}~}}
{{{|{{~{{{z{zz|z~|}{
{{{}{{z{|{{{zz|zz{}~~z
{{{}{{{{{{{~zz|z{|}z~
{{{}{{|{z{{~{~zz|z}|{}}}}
{{{}{{|{{{{|{|zz|z{|}z~
{{{}{{~{z{{}{{zz|z}z|
{{{}{{{z{{~{zz|z{|}z~
{{{}{{{z{{{zzz|z{|}z~
{{{}{{{~{{{zz|z~}
{{{}{{{{{z{zzz|z~}
{{{}{{{{{|{}zz|z}{~|
{{{~{{z{~{{|{}zz|z}{~|
{{{~{{z{~{{|{~zz|z}{~|
{{{~{{z{{{}{zz|z}{~|
{{{~{{z{{{{}zz|z}{~|
{{{~{{z{{{{{zz|z}{~|
{{{~{{z{{{~{|zz|z}|{}}}}
{{{~{{z{{{~{}zz|z}{~|
{{{~{{{{z{{{{zz|z
{{{~{{{{z{{|{zzz|z
{{{~{{{{z{{|{zz|z
{{{~{{{{z{{}{zzz|z
{{{~{{{{z{{~{zz|z
{{{~{{{{z{{~{zz|z
{{{~{{{{{{{z{{zz|z|}}
{{{~{{{{}{{{{zz|z
{{{~{{{{}{{|{zzz|z
{{{~{{{{}{{{|zz|z~~}
{{{~{{{{}{{{zz|z|}}
{{{~{{{{{{~{zz|z~}
{{{~{{{{{{~{zz|z~~}
{{{~{{{{{{{zz|z~~}
{{{~{{{{{{{zz|z~}
{{{~{{{{{{{zzz|z}{~|
{{{~{{{{{{z{|zz|z
{{{~{{{{{{z{~zz|z
{{{~{{{{{{}{zz|z
{{{~{{{{{{~{~zz|z
{{{~{{{{{{{zz|z~}
{{{~{{{{{{{zz|z~~}
{{{~{{|{z{{z{zz|z~}
{{{~{{|{z{{z{zz|z~}
{{{~{{|{z{{z{zz|z~~}
{{{~{{|{z{{z{zz|z~}
{{{~{{|{z{{{|zz|z|}}
{{{~{{|{z{{{zz|z|
{{{~{{|{z{{{zz|z|
{{{~{{|{z{{{zz|z|
{{{~{{|{{{{z{~zz|z|
{{{~{{|{{{{{zz|z|
{{{~{{|{{{{{zz|z|
{{{~{{|{|{{{{|zz|z|
{{{~{{|{|{{{{}zz|z|
{{{~{{|{|{{{{zz|z|
{{{~{{|{|{{{{zz|z|
{{{~{{|{|{{{}zz|z|
{{{~{{|{~{{z{zz|z|
{{{~{{|{{{}{zz|z}{~|
{{{~{{|{{{}{zz|z}{~|
{{{~{{}{|{{|{{zz|}{|~~}|~}~~~zz}~~~~~}zz{zz~~}{|}|z}z|}zzzz|}{|{~~~~~~}~|~{~~|zzzz|}z{{{{{{z{zz{|z{
{{{~{{}{}{{~{zzz|}{|~~}|~}~~~zz}~~~~~}zz{zz~~}{|}|z}z|}zzzz|}{|{~~~~~~}~|~{~~|zzzz|}z{{{{{{z{zz{|z{
{{{~{{}{~{{{{{zz|z~}
{{{~{{}{~{{{{~zz|z~}
{{{~{{}{~{{{zz|z|
{{{~{{}{{{z{zz|z|
{{{~{{}{{{|{zz|z|
{{{~{{}{{{|{zz|z|
{{{~{{}{{{{{zz|zz~}
{{{~{{}{{{{{zz|zz~}
{{{~{{}{{{z{zz|z}{~|
{{{~{{~{z{{}{}zz|z}|{}}}}
{{{~{{~{{{{}{}zz|z}{~|
{{{~{{~{~{{~{zzz|z}{~|
{{{~{{~{{{|{}zz|z}{~|
{{{~{{~{{{{{{zz|z|
{{{~{{{}{{{zzz~~~~{|}~~~~~~}~~|~zz~~~~{{|{z{zz}|}}}|}~}|~~{~~}~~~||}~~~~|~~}z~}}~}z~~~~}~~{~zzz}|}}}|}z~~~{~~}~~~~~}~~~~~~~~~zzz~~}}z~|zzzzz~~~|~~}~~~~}{z}zzzz{}~{}{}x
{{{~{{{~{{{{~zz~~~~{|}~~~~~~}~~|~zz~~~~{{|{z{zz}|}}}|}~}|~~{~~}~~~||}~~~~|~~}z~}}~}z~~~~}~~{~zzz}|}}}|}z~~~{~~}~~~~~}~~~~~~~~~zzz~~}}z~|zzzzz~~~|~~}~~~~}{z}zzzz{}~{}{}x
{{{~{{{~{{|{zz~~~~{|}~~~~~~}~~|~zz~~~~{{|{z{zz}|}}}|}~}|~~{~~}~~~||}~~~~|~~}z~}}~}z~~~~}~~{~zzz}|}}}|}z~~~{~~}~~~~~}~~~~~~~~~zzz~~}}z~|zzzzz~~~|~~}~~~~}{z}zzzz{}~{}{}x
{{{~{{{~{{}{zz~~~~{|}~~~~~~}~~|~zz~~~~{{|{z{zz}|}}}|}~}|~~{~~}~~~||}~~~~|~~}z~}}~}z~~~~}~~{~zzz}|}}}|}z~~~{~~}~~~~~}~~~~~~~~~zzz~~}}z~|zzzzz~~~|~~}~~~~}{z}zzzz{}~{}{}x
{{{~{{{~{{{zz~~~~{|}~~~~~~}~~|~zz~~~~{{|{z{zz}|}}}|}~}|~~{~~}~~~||}~~~~|~~}z~}}~}z~~~~}~~{~zzz}|}}}|}z~~~{~~}~~~~~}~~~~~~~~~zzz~~}}z~|zzzzz~~~|~~}~~~~}{z}zzzz{}~{}{}x
{{{~{{{{{{{zz~~~~{|}~~~~~~}~~|~zz~~~~{{|{z{zz}|}}}|}~}|~~{~~}~~~||}~~~~|~~}z~}}~}z~~~~}~~{~zzz}|}}}|}z~~~{~~}~~~~~}~~~~~~~~~zzz~~}}z~|zzzzz~~~|~~}~~~~}{z}zzzz{}~{}{}x
{{{~{{{{{~{zzz~~~~{|}~~~~~~}~~|~zz~~~~{{|{z{zz}|}}}|}~}|~~{~~}~~~||}~~~~|~~}z~}}~}z~~~~}~~{~zzz}|}}}|}z~~~{~~}~~~~~}~~~~~~~~~zzz~~}}z~|zzzzz~~~|~~}~~~~}{z}zzzz{}~{}{}x
{{{~{{{{{z{~zz~~~~{|}~~~~~~}~~|~zz~~~~{{|{z{zz}|}}}|}~}|~~{~~}~~~||}~~~~|~~}z~}}~}z~~~~}~~{~zzz}|}}}|}z~~~{~~}~~~~~}~~~~~~~~~zzz~~}}z~|zzzzz~~~|~~}~~~~}{z}zzzz{}~{}{}x
{{{~{{{{{}{zz|z}{~|
{{{~{{{{{~{~zz|z}{~|
{{{~{{{{{z{zz|z|z}
{{{~{{{{{z{zz|z}~}
{{{~{{{{{}{zz|z{~}
{{{~{{{{{|{~zz|z}{~|
{{{~{{{{{~{zz|z}{~|
{{{{{z{z{{~{zz|z|
{{{{{z{z{{{zz|z|
{{{{{z{{{{z{zz|z|
{{{{{z{{{{|{zz|z}{~|
{{{{{z{{{{~{zz|z}|
{{{{{z{}{{{{zz|z}|
{{{{{z{~{{{zz|z}|
{{{{{z{{{z{{zz|z}{~|
{{{{{z{{{{{|zz|z}|
{{{{{z{{{z{{zz|z}{~|
{{{{{z{{{z{zz|z~}
{{{{{z{{{z{zz|z|~}
{{{{{z{{{z{zz|z|~}
{{{{{z{{{z{zz|z~}
{{{{{z{{{z{zz|z~}
{{{{{z{{{{{zzz|z~}
{{{{{z{{{{{{zz|zz~}
{{{{{z{{{{{|zz|zz~}
{{{{{z{{{z{zzz|}{|~~}|~}~~~zz}~~~~~}zz{zz~~}{|}|z}z|}zzzz|}{|{~~~~~~}~|~{~~|zzzz|}z{{{{{{z{zz{|z{
{{{{{}{|{{|{zz|z}{~|
{{{{{}{|{{}{zz|z}|
{{{{{}{}{{{~zz|z}|
{{{{{}{~{{{{zz|z}{~|
{{{{{}{{{{{~zz|z}{~|
{{{{{}{{{}{zz|z}{~|
{{{{{~{{{|{zz|z}{~|
{{{{{~{{{}{zz|z}
{{{{{~{{{~{zz|z}
{{{{{~{{{~{zz|z
{{{{{{{{{|{}zz|z}{~|
{{{{{{{{{~{zz|zz~}
{{{{{{{{{~{zz|zz~}
{{{{{{{{{{zz|z|}}
{{{{{{|{{|{}zz|z|}
{{{{{{|{{{|zz|z|}
{{{{{{}{{|{zzz|z|}
{{{{{{}{{{zz|z}~}
{{{{{{}{{{zz|z}~}
{{{{{{~{{z{{zz|z}~}
{{{{{{~{{z{~zz|zz~}
{{{{{{~{{z{zz|zz~}
{{{{{{~{{{{zz|zz~}
{{{{{{~{{|{zzz|zz~}
{{{{{{~{{}{}zz|z}~}
{{{{{{~{{}{zz|zz~}
{{{{{{~{{~{zzz|z{z
{{{{{{~{{{}zz|zz~}
{{{{{{~{{{~zz|z}~}
{{{{{{{{{{zzz|z{z
{{{{{{{{|{{zz|zz~}
{{{{{{{{|{|zz|z}~}
{{{{{{{{}{zzz|z{z
{{{{{{{{{~zz|z}{~|
{{{{{{{{z{zz|z}{~|
{{{{{z{z{{z{zz|z}~}
{{{{{z{z{{z{zz|z}{~|
{{{{{z{z{{}{zz|zz~}
{{{{{z{|{{z{zz|z}{~|
{{{{{z{~{{|{zz|z}{~|
{{{{{z{{{z{{zz|zz{}
{{{{{{{|{{z{zzz|z}{~|
{{{{{{{|{{~{zz|z}{~|
{{{{{{{}{{~{}zz|z}{~|
{{{{{{{~{{|{}zz|z}{~|
{{{{{{{{{{{zz|z}{~|
{{{{{{{{{}{|zz|z}z|
{{{{{{{{{{zzz|z}{~|
{{{{{{{{{}{}zz|z}{~|
{{{{{~{{{{{zz|z}~zz}z|}~}}
{{{{{~{{{{zz|z~|}{
{{{{{{z{{{zz|z~z
{{{{{{{{{z{zzz|z~z
{{{{{{{{{{{~zz|z~z
{{{{{{|{{}{{zz|z}z|
{{{{{{{{~{zz|z}~zz}z|}~}}
{{{{{z{|{{z{{zz|z~|}{
{{{{{{{~{{{{zz|z~z
{{{{{{{~{{{zz|z~z
{{{{{{{{{}{zz|z}{~|
{{{{{{{{{{{zz|z}{~|
{{{{{|{z{{{{zzz|z}z|
{{{{{|{{{|{zz|z}{~|
{{{{{|{{{~{~zz|z}{~|
{{{{{~{{{~{~zz|z}{~|
{{{{{}{~{{{{{zz|z|z
{{{{{~{{{z{zz|z}~zz}z|}~}}
{{{{{~{{{{{zz|z~|}{
{{{{{{z{{{{zz|z}~zz}z|}~}}
{{{{{{{{{|{zz|z~|}{
{{{{{{{{{}{{zz|z~|}{
{{{{{z{|{{{{zz|z|z
{{{{{z{|{{|{zz|z{|}z~
{{{{{z{}{{z{zz|z}z|
{{{{{z{}{{z{zz|z|z
{{{{{z{}{{|{zz~~~~{|~~~~|z~||~{~}~zz~~~~{{{{~{zzz}|}||{}|}|}}~~}~~{~}~~{~|}}}~~{~}z{|{{zzz~~{~|}}~~{~}zzzz~~|z{}x
{{{{{z{}{{}{zz~~~~{|~~~~|z~||~{~}~zz~~~~{{{{~{zzz}|}||{}|}|}}~~}~~{~}~~{~|}}}~~{~}z{|{{zzz~~{~|}}~~{~}zzzz~~|z{}x
{|{z{{z{}{{|{zz|z{{{{{~
{|{z{{z{{{z{zz|z{{{{{~
{|{z{{{{}{{~{zz|z~z
{|{z{{{{~{{z{zzz|z~z
{|{z{{{{~{{{{~zz|z~z
{|{z{{|{z{{~{~zz|z}z|
{|{z{{|{}{{}{zz|z{|}z~
{|{z{{~{{{}{zz|z}~zz}z|}~}}
{|{z{{{z{{|{zz|z~|}{
{|{z{{{{{{}{{zz|z~|}{
{|{|{{}{~{{{{zz|}{|~~}|~}~~~zz}~~~~~}zz{zz~~}{|}|z}z|}zzzz|}{|{~~~~~~}~|~{~~|zzzz|}z{{{{{{z{zz{|z{
{z{{{z{z{{|{zz|z~
{z{{{z{z{{|{zz|z~
{z{{{z{z{{|{zz|z~
{z{{{z{z{{|{zz|z~
{z{{{z{z{{|{zz|z~
{z{{{z{z{{|{zz|z~
{z{{{z{z{{|{zz|z~
{z{{{z{z{{|{zz|z~
{z{{{z{z{{|{zz|z~
{z{{{z{z{{|{zz|z~
{z{{{z{z{{|{zz|z~
{z{{{z{z{{|{zz|z~
{z{{{z{z{{|{zz|z~
{z{{{z{z{{|{zz|z~
{z{{{z{z{{}{zzz|z~
{z{{{z{z{{}{zzz|z{{
{z{{{z{z{{}{{zz|z{{
{z{{{z{z{{}{{zz|z{{
{z{{{z{z{{}{{zz|z{{
{z{{{z{z{{}{{zz|z~|}{}
{z{{{z{z{{}{|zz|z~|}{}
{z{{{z{z{{}{|zz|z~|}{
{z{{{z{z{{}{|zz|z~|}{}
{z{{{z{z{{}{}zz|z}z|
{z{{{z{z{{}{}zz|z}{}~
{z{{{z{z{{}{~zz|z}{}~
