{{{~{{z{~{{|{{zz|}{|~~}|~}~~~zz}~~~~~}zz{zz~~}{|}|z}z|}zzzz|}{|{~~~~~~}~|~{~~|zzzz|}z{{{{{{z{zz{|z{
{{{~{{z{{{{{{zz|z~}
{{{~{{z{{{{}zz|z~{z}
{{{~{{z{{{z{}zz|z|z
{{{~{{z{{{{{zz|z}~}
{{{~{{z{{{{~zz|z~}
{{{~{{{{~{{}{zzz|z
{{{~{{{{~{{}{zz|z{}zz
{{{~{{{{{{|{zz|z~}}{
{{{~{{|{|{{|{zz|}{|~~}|~}~~~zz}~~~~~}zz{zz~~}{|}|z}z|}zzzz|}{|{~~~~~~}~|~{~~|zzzz|}z{{{{{{z{zz{|z{
{{{~{{|{{{}{zz|z}~}
{{{~{{|{{{~{zzz|z~}
{{{~{{|{{{{|zz|z~}
{{{~{{}{{{{|{~zz|z{~}
{{{~{{}{{{{}{~zz|z{~}
{{{~{{}{|{{~{zz|z}~}
{{{~{{}{}{{z{zz|zz~{}
{{{~{{}{{{}{|zz|z}{~|
{{{~{{~{{{{}{zz|}{|~~}|~}~~~zz}~~~~~}zz{zz~~}{|}|z}z|}zzzz|}{|{~~~~~~}~|~{~~|zzzz|}z{{{{{{z{zz{|z{
{{{~{{~{{{~{~zz|z}~}
{{{~{{{{{{z{zzz|z{~}
{{{~{{{{{}{zz|zz~{}
{{{~{{{{{{{~zz~~~~{|}~~~~|{}}~~zz~~~~{{~{zz}|}|}||||}z~|~~|~}~}~~~~zz~~{~~~~}~~{~~|~}zzzz~|z|}}}}}{}x
{{{~{{{{{}{zz|}{|~~}|~}~~~zz}~~~~~}zz{zz~~}{|}|z}z|}zzzz|}{|{~~~~~~}~|~{~~|zzzz|}z{{{{{{z{zz{|z{
{{{{{z{|{{z{|zz|zz~{}
{{{{{z{|{{{{{zz~~~~{|}~~~~|{}}~~zz~~~~{{~{zz}|}|}||||}z~|~~|~}~}~~~~zz~~{~~~~}~~{~~|~}zzzz~|z|}}}}}{}x
{{{{{z{|{{~{zzz|}{|~~}|~}~~~zz}~~~~~}zz{zz~~}{|}|z}z|}zzzz|}{|{~~~~~~}~|~{~~|zzzz|}z{{{{{{z{zz{|z{
{{{{{{{{{|{~zz|z}~}
{{{{{{{{{}{}zz|z{~}
{{{{{{{{{{zz|z}{~|
{{{{{{{{{|{~zz|z{}
{{{{{|{z{{{{zz|z{}
{{{{{|{}{{{zz|zz~{}
{{{{{|{~{{{~zz|z{~}
{{{{{|{{{}{|zz|z}{~|
{{{{{|{{{{{zzz|zz~{}
{{{{{|{{{|{~zz~~~~{|}~~~~|{}}~~zz~~~~{{~{zz}|}|}||||}z~|~~|~}~}~~~~zz~~{~~~~}~~{~~|~}zzzz{z~~~|~}}|||x
{{{{{|{{{~{{zz~~~~{|}~~~~|{}}~~zz~~~~{{~{zz}|}|}||||}z~|~~|~}~}~~~~zz~~{~~~~}~~{~~|~}zzzz{z~~~|~}}|||x
{{{{{|{{{}{zz~~~~{|{}}~~}z~{|~|~~~zz~~~~{{{{{|zz}|}}}}~}||}|}~}|~~{~~}~~~~{~~~z}|~~~}z~{~~zzz|{}}}}||}}z|{}|}~}~}~|}zzz|{}}}}||}}z|{}|}~}|}||}|}|}|}~zzz|}||zzzz|~}z~~}~zzzz}|||~{}}zz|}|}x
{{{{{{~{{{zz|}{|~~}|~}~~~zz}~~~~~}zz{zz~~}{|}|z}z|}zzzz|}{|{~~~~~~}~|~{~~|zzzz|}z{{{{{zz{zz{}z{
{{{{{z{z{{{{zz|z}~}
{{{{{z{}{{}{zz|z}~}
{{{{{z{{{{zzz|z}~}
{{{{{z{{{{~zz|z}|}~
{{{{{{{z{{{{{zz|z}~}
{{{{{{{{{~{zz|}{|~~}|~}~~~zz}~~~~~}zz{zz~~}{|}|z}z|}zzzz|}{|{~~~~~~}~|~{~~|zzzz|}z{{{{{{z{zz{|z{
{{{{{|{{{{zz|z
{{{{{|{{{~{{zz|z
{{{{{|{{{|{zz|z|~}
{{{{{}{z{{~{zz|z~z
{{{{{}{{{{{{{zz|z|{|z}~zz~
{{{{{}{{{{{{~zz|z~z
{{{{{}{{{{|{|zz|z~z
{{{{{}{|{{z{zz|zz~
{{{{{}{|{{~{{zz|z~z
{{{{{~{{{z{zz|zz{~z}
{{{{{{|{{{{zz|z|~}
{{{{{{|{{|{zz~~~~{||{z~zz~~~~{{{{}{zz}|}|||~|}~{}~}~|~~~~~~~}~|~}~~{~}~z~}}~~~~~~~{~}}~}zzz~}}}}~~~zzz~~~}~}~|~~|zzz~~~|~~}~~~~}zzz~~~}~~{~~}~}zzzz~~||z{}x
{{{{{{|{{|{zz~~~~{||{z~zz~~~~{{{{}{zz}|}|||~|}~{}~}~|~~~~~~~}~|~}~~{~}~z~}}~~~~~~~{~}}~}zzz~}}}}~~~zzz~~~}~}~|~~|zzz~~~|~~}~~~~}zzz~~~}~~{~~}~}zzzz~~||z{}x
{{{{{{|{{|{zz~~~~{||{z~zz~~~~{{{{}{zz}|}|||~|}~{}~}~|~~~~~~~}~|~}~~{~}~z~}}~~~~~~~{~}}~}zzz~}}}}~~~zzz~~~}~}~|~~|zzz~~~|~~}~~~~}zzz~~~}~~{~~}~}zzzz~~||z{}x
{{{{{{|{{|{zz~~~~{||{z~zz~~~~{{{{}{zz}|}|||~|}~{}~}~|~~~~~~~}~|~}~~{~}~z~}}~~~~~~~{~}}~}zzz~}}}}~~~zzz~~~}~}~|~~|zzz~~~|~~}~~~~}zzz~~~}~~{~~}~}zzzz~~||z{}x
{{{{{{|{{|{zz~~~~{||{z~zz~~~~{{{{}{zz}|}|||~|}~{}~}~|~~~~~~~}~|~}~~{~}~z~}}~~~~~~~{~}}~}zzz~}}}}~~~zzz~~~}~}~|~~|zzz~~~|~~}~~~~}zzz~~~}~~{~~}~}zzzz~~||z{}x
{{{{{{|{{|{zz~~~~{||{z~zz~~~~{{{{}{zz}|}|||~|}~{}~}~|~~~~~~~}~|~}~~{~}~z~}}~~~~~~~{~}}~}zzz~}}}}~~~zzz~~~}~}~|~~|zzz~~~|~~}~~~~}zzz~~~}~~{~~}~}zzzz~~||z{}x
{{{{{{|{{|{zz~~~~{||{z~zz~~~~{{{{}{zz}|}|||~|}~{}~}~|~~~~~~~}~|~}~~{~}~z~}}~~~~~~~{~}}~}zzz~}}}}~~~zzz~~~}~}~|~~|zzz~~~|~~}~~~~}zzz~~~}~~{~~}~}zzzz~~||z{}x
{{{{{{}{{z{zzz|z|~}
{{{{{{{{|{zz|z}{~|
{{{{{{{{~{zz|z}{~|
{{{{{z{z{{|{zz|z|{|z}~zz~
{{{{{z{{{{{~zz|z|~}
{{{{{z{|{{z{{zz|z~z
{{{{{z{|{{{{zz|z|~}
{{{{{z{}{{{{zzz|z}{~|
{{{{{z{}{{|{{zz|z{|}z~
{{{{{z{{{z{zz|z|{|z}~zz~
{{{{{{{|{{z{zz|z|{|z}~zz~
{{{{{|{|{{z{~zz|z}{~|
