{z{{{}{z{{}{~zz|}{|~~}|~}~~~zz}~~~~~}zz{zz~~}{|}|z}z|}zzzz|}{|{~~~~~~}~|~{~~|zzzz|}z{{{{{{z{zz{|z{
{z{{{}{{{|{zzz|z{|}z~
{z{{{}{{{|{|zz|z{|}z~
{z{{{}{{{{zz|z}z|
{z{{{{{{|{zzz|z|z
{z{{{{{{}{|zz|z|z
{z{{{{{{{~zz|z}~zz}z|}~}}
{z{{{z{z{{~{{zz|z~|}{
{z{{{z{{{{{zz|z}~zz}z|}~}}
{z{{{z{{{}{zz|z~z
{z{{{z{{{|{}zz|z{||}z~
{z{{{z{{{}{zz|z}{~|
{z{{{{{{{~{zz|z}{~|
{z{{{{{{{z{zz|z}{~|
{z{{{{{{{~{|zz|z}{~|
{z{{{{{{{{}zz|z{|}z~
{z{{{{{{{|{zz|z}{~|
{z{{{{{{{~{{zz|z{|}z~
{z{{{{{{{{zz|z{|}z~
{z{{{{{{{{zz|z{|}z~
{z{{{|{z{{z{{zz|z{|}z~
{z{{{|{z{{}{zz|z{|}z~
{z{{{|{z{{~{zzz|z{|}z~
{z{{{|{{{{z{zz|z{|}z~
{z{{{|{{{{z{zz|z{|}z~
{z{{{|{{{{{{zzz|z{|}z~
{z{{{|{{{{{{{zz|z{|}z~
{z{{{|{{{{~{}zz|z{|}z~
{z{{{|{{{{{zz|z{|}z~
{z{{{|{|{{{{zz|z}{~|
{z{{{|{|{{|{zz|z{|}z~
{z{{{|{|{{}{zzz|z{|}z~
{z{{{|{|{{}{}zz|z{|}z~
{z{{{|{|{{}{zz|z}z|
{z{{{~{{{{|zz|z}{~|
{z{{{~{{{{{}zz|z}{~|
{z{{{~{{{|{}zz|z{|}z~
{z{{{~{{{z{zz|z}{~|
{z{{{~{{{~{zz|z{|}z~
{z{{{~{{{~{zz|z{|}z~
{z{{{~{{{z{}zz|z}{~|
{{{z{{z{{{{{{}zz|z}{~|
{{{z{{z{}{{{{zzz|z}z|
{{{z{{z{~{{}{zz|}{|~~}|~}~~~zz}~~~~~}zz{zz~~}{|}|z}z|}zzzz|}{|{~~~~~~}~|~{~~|zzzz|}z{{{{{zz{zz{}z{
{{{z{{z{{{{{|zz|z{|}z~
{{{z{{{{~{{|{|zz|z|{|z}~zz~
{{{z{{{{{{{zz|z}{~|
{{{z{{{{{{{{}zz|z~}
{{{z{{|{|{{z{zz|z}z|
{{{z{{|{{{|{zz|z|z
{{{z{{~{}{{{{zz|z|{|z}~zz~
{{{{{{{{z{{|{~zz|z|{{
{{{~{{z{{{~{}zz|z}z|
{{{~{{{{{{z{}zz|z|z
{{{~{{{{{{}{zz|z~{z}
{{{~{{{{{{}{zz|z}~zz}z|}~}}
{{{~{{{{{{}{zzz|z~|}{
{{{~{{|{{{{|{|zz|z~z
{{{~{{}{z{{{{}zz|z}{~|
{{{~{{}{z{{|{|zz|z{||}z~
{{{{{{{{{{zz|z}~zz}z|}~}}
{{{{{{{{}{zz|z~|}{
{{{{{{{{{{|zz|z}~zz}z|}~}}
{{{{{{{{~{zzz|z~|}{
{{{{{{{{{zz|z{|}z~
{{{{{{{{{zz|z{|}z~
{{{{{{{{z{zzz|z{|}z~
{{{{{{{{z{{zz|z{|}z~
{{{{{{{{z{|zz|z{|}z~
{{{{{{{{z{}zz|z{|}z~
{{{{{{{{z{zz|z{|}z~
{{{{{{{{|{zz|z}z|
