{{{|{{|{{{{{~zz|}{|~~}|~}~~~zz}~~~~~}zz{{{zzz~~}{|}|{}z|}|z}z|}zzzz|}{|}~{z~~zzzz|}z{{{{{|z{zz{zz{|{
{{{|{{}{}{{}{zz|z~z
{{{|{{}{}{{~{zz|z~z
{{{|{{}{{{{{zz|z}{~|
{{{|{{}{{{{}zz|z}{{}}
{{{|{{~{z{{{{zz|z}{{}}
{{{|{{~{{{{z{~zz|z}{{}}
{{{|{{~{|{{|{zz|z}{~|
{{{|{{~{|{{{}zz|z{zz|
{{{|{{~{}{{|{zz|z~
{{{|{{~{{{{{zz|z{
{{{|{{~{{{}{~zz|z|{|z}~zz~
{{{|{{~{{{~{zz|z|{|z}~zz~
{{{|{{~{{{}{{zz|z}
{{{|{{~{{{}{zz|z}{{}
{{{|{{~{{{}{zz|z~
{{{|{{~{{{z{~zz|z{
{{{|{{{z{{{{zz|z~z
{{{|{{{z{{|{zz|z~z
{{{|{{{z{{}{~zz|z~z
{{{|{{{{{|{zz|z}{{}}
{{{|{{{{{|{zz|z}{~|
{{{|{{{{{}{~zz|z~
{{{|{{{{{~{zz|z~|}{
{{{|{{{{{|{{zz|z{
{{{}{{z{{{{}{zz|z|{|z}~zz~
{{{}{{z{{{{~{zz|z|{|z}~zz~
{{{}{{z{|{{z{zz|z|{|z}~zz~
{{{}{{z{|{{~{zz|z|{|z}~zz~
{{{}{{z{}{{{{zz|z}{~|
{{{}{{z{~{{|{zz|z|{|z}~zz~
{{{}{{{{{{{{zz|z}{~|
{{{}{{{{{{{zz|z}z|
{{{}{{|{|{{~{}zz|z{~|}z~
{{{}{{}{{{~{zz|z|z
{{{}{{}{{{{~zz|z}~zz}z|}~}}
{{{}{{~{{{{{{~zz|z~|}{
{{{}{{~{|{{|{zz|z}z|
{{{}{{~{{{~{{zz|z{~|}z~
{{{}{{{~{{z{zz|z|z
{{{}{{{~{{{{|zz|z}~zz}z|}~}}
{{{}{{{{{|{|zz|}{|~~}|~}~~~zz}~~~~~}zz{{{zzz~~}{|}|{}z|}|z}z|}zzzz|}{|}~{z~~zzzz|}z{{{{{zz{zz{zz{|{~
{{{}{{{{{}{{zz|}{|~~}|~}~~~zz}~~~~~}zz{{{zzz~~}{|}|{}z|}|z}z|}zzzz|}{|}~{z~~zzzz|}z{{{{{|z{zz{zz{|{
