{{{z{{|{~{{~{zz|}{|~~}|~}~~~zz}~~~~~}zz{{{zzz~~}{|}|{}z|}z}z|}zzzz|}{|}~{z~~z}z|}zzzz|}z{{{{{|z{zz{zz{|{
{{{z{{|{~{{{zzz||||{|}|zz|~||{{{{|{{{{{{x
{{{z{{|{~{{{zzz||||{|}|zz|~||{{{{|{{{{{x
{{{z{{|{~{{{zzz||||{|}|zz|~||{{{{|{{{{}{{x
{{{z{{|{~{{{zzz||||{|}|zz|~||{{{{|{{{{z{{x
{{{z{{|{~{{{zzz||||{|}|zz|~||{{{{|{{{{~{x
{{{z{{|{~{{{zzz||||{|}|zz|~||{{{{|{{{{|{x
{{{z{{|{~{{{zzz||||{|}|zz|~||{{|{{{{z{~{x
{{{z{{|{~{{{zzz||||{|}|zz|~||{{|{{{~{{{{}x
{{{z{{|{~{{{zzz||||{|}|zz|~||{{|{{{}{|{{{x
{{{z{{|{~{{{zzz||||{|}|zz|~||{{|{{{}{{{}x
{{{z{{|{~{{{zzz||||{|}|zz|~||{{|{{{{{{{x
{{{z{{|{~{{{zzz||||{|}|zz|~||{{|{{{{{z{z{zx
{{{z{{|{~{{{zzz||||{|}|zz|~||{{|{{{{{~{{x
{{{~{{}{}{{{{zzz|z{|}z~
{{{~{{}{}{{{{zzz|z{|}z~
{{{~{{}{}{{{{|zz|z{~|}z~
{{{~{{}{}{{{{|zz|z{~|}z~
{{{~{{}{{{{{zz|z{|}z~
{{{~{{}{{{{{zz|z{|}z~
{{{~{{}{{{{{zz|z{~|}z~
{{{~{{}{{{{{zz|z{~|}z~
{{{{{}{~{{{{zzz|zz~
{{{{{}{~{{{{zzz|zz~
{{{{{}{{{~{zz|z{~|}z~
{{{{{}{{{~{zz|z{~|}z~
{{{{{}{{{z{}zz|z}{~|
{{{{{}{{{z{}zz|z}{~|
{{{{{}{{{{{zz|z{~|}z~
{{{{{}{{{{{zz|z{~|}z~
{{{{{}{{{~{zz|z{|}z~
{{{{{}{{{~{zz|z{|}z~
{{{{{}{{{{zz|z}z|
{{{{{}{{{{{zz|z~|
{{{{{}{{{{{zz|z~|
{{{{{~{}{{}{}zz|z{~|}z~
{{{{{~{}{{}{}zz|z{~|}z~
{{{{{~{}{{}{~zz|z{|}z~
{{{{{~{}{{}{~zz|z{|}z~
{{{{{~{}{{~{}zz|z{|}z~
{{{{{~{}{{~{~zz|z{|}z~
{{{{{~{}{{~{zz|z{~|}z~
{{{{{~{}{{~{zz|z{~|}z~
{{{{{~{{{{~zz|zz~
{{{{{~{{{{~zz|zz~
{{{{{~{{{~{zz|z{~|}z~
{{{{{~{{{~{zz|z{~|}z~
{{{{{~{{{z{zz|z}{~|
{{{{{~{{{z{zz|z}{~|
{{{{{~{{{{{zzz|z{~|}z~
{{{{{~{{{{{zzz|z{~|}z~
{{{{{~{{{}{zz|}{|~~}|~}~~~zz}~~~~~}zz{{{zzz~~}{|}|{}z|}z}z|}zzzz|}{|}~{z~~z}z|}zzzz|}z{{{{{|z{zz{zz{|{
{{{{{~{{{}{zz||||{|}|zz|~||{{{{|{{{{{{x
{{{{{~{{{}{zz||||{|}|zz|~||{{{{|{{{{{x
{{{{{~{{{}{zz||||{|}|zz|~||{{{{|{{{{}{{x
{{{{{~{{{}{zz||||{|}|zz|~||{{{{|{{{{z{{x
{{{{{~{{{}{zz||||{|}|zz|~||{{{{|{{{{~{x
{{{{{~{{{}{zz||||{|}|zz|~||{{{{|{{{{|{x
{{{{{~{{{}{zz||||{|}|zz|~||{{|{{{{z{~{x
{{{{{~{{{}{zz||||{|}|zz|~||{{|{{{~{{{{}x
{{{{{~{{{}{zz||||{|}|zz|~||{{|{{{}{|{{{x
{{{{{~{{{}{zz||||{|}|zz|~||{{|{{{}{{{}x
{{{{{~{{{}{zz||||{|}|zz|~||{{|{{{{{{{x
{{{{{~{{{}{zz||||{|}|zz|~||{{|{{{{{z{z{zx
{{{{{~{{{}{zz||||{|}|zz|~||{{|{{{{{~{{x
{{{{{{z{{z{zz|z}z|
{{{{{{z{{~{zzz|z{|}z~
{{{{{{z{{~{zzz|z{|}z~
{{{{{{z{{~{|zz|z{|}z~
{{{{{{z{{~{|zz|z{|}z~
{{{{{{z{{~{zz|z{|}z~
{{{{{{z{{~{zz|z{|}z~
{{{{{z{z{{|{{zz|z}z|
{{{{{z{}{{{{{zz|z|z
{{{{{z{}{{{{zz|z}~zz}z|}~}}
{{{{{z{{{}{zz|z}~zz}z|}~}}
{{{{{{{{{z{zz|z{~|}z~
{{{{{{{{{z{zz|z{~|}z~
{{{{{{{{{z{zz|z{|}z~
{{{{{{{{{z{zz|z{|}z~
{{{{{{{{{|{zzz|z{|}z~
{{{{{{{{{|{{zz|z{|}z~
{{{{{{{{{|{{zz|z{~|}z~
{{{{{{{{{|{|zz|z{~|}z~
{{{{{{{{{~{zz|z{~|}z~
{{{{{{{{{~{zz|z{~|}z~
{{{{{{{{{~{zz|z{|}z~
{{{{{{{{{~{zz|z{|}z~
{{{{{{{{{{zz|z{|}z~
{{{{{{{{{{zz|z{|}z~
{{{{{{{{{z{}zz|z{~|}z~
{{{{{{{{{z{}zz|z{~|}z~
{{{{{|{{{~{{zz|z}z|
{{{{{}{{{|{|zz|z~|
{{{{{}{{{|{|zz|z~|
{{{{{}{{{~{|zz|z}z|
{{{{{~{|{{}{zz|z}~zz}z|}~}}
{{{{{~{~{{}{|zz|z}~zz}z|}~}}
{{{{{{}{{}{zz|z|{|z}~zz~
{{{{{{}{{}{zz|z|{|z}~zz~
{{{{{{{{}{zz|z}{~|
{{{{{{{{}{zz|z}{~|
{{{{{{{{z{zz|z}{~|
{{{{{{{{z{zz|z}{~|
{{{{{z{{{{{{|zz|zz~
{{{{{z{{{{{{}zz|zz~
{{{{{z{{{{|{zz|zz~
{{{{{z{{{{|{zz|zz~
{{{{{z{|{{}{}zz|z|{|z}~zz~
{{{{{z{|{{}{}zz|z|{|z}~zz~
{{{{{~{~{{z{zz|z|{|z}~zz~
{{{{{~{~{{z{zz|z|{|z}~zz~
{{{{{~{~{{{}zz|z}{~|
{{{{{~{~{{{}zz|z}{~|
{{{{{~{{{{{{zz|z}{~|
{{{{{~{{{{{|zz|z}{~|
{{{{{~{{{}{{zz|z}z|
{{{{{{{{{{{zz|z}{~|
{{{{{{{{{{{zz|z}{~|
{{{{{{{{{}{zzz|z}{~|
{{{{{{{{{}{zzz|z}{~|
{{{{{{|{{}{zzz|z}{~|
{{{{{{|{{}{{zz|z}{~|
{{{{{{}{{}{~zz|z}{~|
{{{{{{}{{}{~zz|z}{~|
{{{{{{~{{}{~zz|z}{~|
{{{{{{~{{}{~zz|z}{~|
{{{{{{{{}{|zz|z}{~|
{{{{{{{{}{}zz|z}{~|
{{{{{{{{}{zz|z}{~|
{{{{{{{{}{zz|z}{~|
{{{{{z{{{{}{{zz|z}{~|
{{{{{z{{{{}{|zz|z}{~|
{{{{{z{{{z{{zz|z|{|z}~zz~
{{{{{z{{{z{{zz|z|{|z}~zz~
{{{{{{{{{}{zz|z}{~|
{{{{{{{{{}{zz|z}{~|
{{{{{{{{{~{zz|z}{~|
{{{{{{{{{{zzz|z}{~|
{{{{{{{{{}{zz|z}{~|
{{{{{{{{{}{zz|z}{~|
{{{{{|{z{{{zz|z}{~|
{{{{{|{z{{{zz|z}{~|
{{{{{|{{{{{{~zz|z}{~|
{{{{{|{{{{{{~zz|z}{~|
{{{{{|{~{{z{zz|z}{~|
{{{{{|{~{{z{zz|z}{~|
{{{{{|{{{|{~zz|z}{~|
{{{{{|{{{|{~zz|z}{~|
{{{{{|{{{z{zzz|z}{~|
{{{{{|{{{z{zzz|z}{~|
{{{{{}{~{{}{zz|z}{~|
{{{{{}{~{{}{zz|z}{~|
{{{{{}{{{{{|zz|z}{~|
{{{{{}{{{{{|zz|z}{~|
{{{{{}{{{}{zz|z}{~|
{{{{{}{{{}{zz|z}{~|
{{{{{}{{{{{zzz|z}{~|
{{{{{}{{{{{zzz|z}{~|
{{{{{}{{{{{zz|z~|
{{{{{}{{{{{zz|z~|
