{z{{{{{{{|{zz|}{|~~}|~}~~~zz}~~~~~}zz{zz~~}{|}|z}z|}zzzz|}{|{~~~~~~}~|~{~~|zzzz|}z{{{{{zz{zz{zz{|{~
{z{{{{{{{|{zz||||{|}|zz|~||{{{{|{{{{{{x
{z{{{{{{{|{zz||||{|}|zz|~||{{{{|{{{{{x
{z{{{{{{{|{zz||||{|}|zz|~||{{{{|{{{{}{{x
{z{{{{{{{|{zz||||{|}|zz|~||{{{{|{{{{z{{x
{z{{{{{{{|{zz||||{|}|zz|~||{{{{|{{{{~{x
{z{{{{{{{|{zz||||{|}|zz|~||{{{{|{{{{|{x
{z{{{{{{{|{zz||||{|}|zz|~||{{|{{{{z{~{x
{z{{{{{{{|{zz||||{|}|zz|~||{{|{{{~{{{{}x
{z{{{{{{{|{zz||||{|}|zz|~||{{|{{{}{|{{{x
{z{{{{{{{|{zz||||{|}|zz|~||{{|{{{}{{{}x
{z{{{{{{{|{zz||||{|}|zz|~||{{|{{{{{{{x
{z{{{{{{{|{zz||||{|}|zz|~||{{|{{{{{z{z{zx
{z{{{{{{{|{zz||||{|}|zz|~||{{|{{{{{~{{x
{z{{{|{|{{{zz|z}~zz}z|}~}}
{z{{{|{{{z{zz|z}~zz}z|}~}}
{z{{{~{{{|{zzz|z}~zz}z|}~}}
{z{{{}{{{~{zz|}{|~~}|~}~~~zz}~~~~~}zz{zz~~}{|}|z}z|}zzzz|}{|{~~~~~~}~|~{~~|zzzz|}z{{{{{|z{zz{{z{
{z{{{}{{{~{zz||||{|}|zz|~||{{{{|{{{{{{x
{z{{{}{{{~{zz||||{|}|zz|~||{{{{|{{{{{x
{z{{{}{{{~{zz||||{|}|zz|~||{{{{|{{{{}{{x
{z{{{}{{{~{zz||||{|}|zz|~||{{{{|{{{{z{{x
{z{{{}{{{~{zz||||{|}|zz|~||{{{{|{{{{~{x
{z{{{}{{{~{zz||||{|}|zz|~||{{{{|{{{{|{x
{z{{{}{{{~{zz||||{|}|zz|~||{{|{{{{z{~{x
{z{{{}{{{~{zz||||{|}|zz|~||{{|{{{~{{{{}x
{z{{{}{{{~{zz||||{|}|zz|~||{{|{{{}{|{{{x
{z{{{}{{{~{zz||||{|}|zz|~||{{|{{{}{{{}x
{z{{{}{{{~{zz||||{|}|zz|~||{{|{{{{{{{x
{z{{{}{{{~{zz||||{|}|zz|~||{{|{{{{{z{z{zx
{z{{{}{{{~{zz||||{|}|zz|~||{{|{{{{{~{{x
{z{{{{{{}{|zz|}{|~~}|~}~~~zz}~~~~~}zz{zz~~}{|}|z}z|}zzzz|}{|{~~~~~~}~|~{~~|zzzz|}z{{{{{|z{zz{{z{
{z{{{{{{}{}zz||||{|}|zz|~||{{{{|{{{{{{x
{z{{{{{{}{}zz||||{|}|zz|~||{{{{|{{{{{x
{z{{{{{{}{}zz||||{|}|zz|~||{{{{|{{{{}{{x
{z{{{{{{}{}zz||||{|}|zz|~||{{{{|{{{{z{{x
{z{{{{{{}{}zz||||{|}|zz|~||{{{{|{{{{~{x
{z{{{{{{}{}zz||||{|}|zz|~||{{{{|{{{{|{x
{z{{{{{{}{}zz||||{|}|zz|~||{{|{{{{z{~{x
{z{{{{{{}{}zz||||{|}|zz|~||{{|{{{~{{{{}x
{z{{{{{{}{}zz||||{|}|zz|~||{{|{{{}{|{{{x
{z{{{{{{}{}zz||||{|}|zz|~||{{|{{{}{{{}x
{z{{{{{{}{}zz||||{|}|zz|~||{{|{{{{{{{x
{z{{{{{{}{}zz||||{|}|zz|~||{{|{{{{{z{z{zx
{z{{{{{{}{}zz||||{|}|zz|~||{{|{{{{{~{{x
{{{z{{z{{{{zz|z|{|z}~zz~
{{{z{{z{{{{zz|z|{|z}~zz~
{{{z{{z{{{{{zz|z|{|z}~zz~
{{{z{{z{{{{{zz|z|{|z}~zz~
{{{z{{z{{{{zzz|z}{~|
{{{z{{z{{{{{zz|z}{~|
{{{z{{{{{{{z{{zz|z}z|
{{{z{{{{{{}{{zz|z|{|z}~zz~
{{{z{{{{{{}{{zz|z|{|z}~zz~
{{{z{{{{{{}{zz|z|{|z}~zz~
{{{z{{{{{{}{zz|z|{|z}~zz~
{{{z{{|{{{{|{zz|z{|}z~
{{{z{{|{{{{|{zz|z{|}z~
{{{z{{|{{{|{~zz|z{|}z~
{{{z{{|{{{|{~zz|z{|}z~
{{{z{{{|{{|{zz|z{|}z~
{{{z{{{|{{|{zz|z{|}z~
{{{z{{{|{{|{zz|z{|}z~
{{{z{{{|{{|{zz|z{|}z~
{{{z{{{}{{z{{zz|z{|}z~
{{{z{{{}{{z{{zz|z{|}z~
{{{z{{{{{{{{zz|z|{|z}~zz~
{{{z{{{{{{{{zz|z|{|z}~zz~
{{{{{{z{}{{~{zz|z}~zz}z|}~}}
{{{{{{z{~{{|{~zz|z~|}{
{{{{{{{{|{{}{zz|z{{{{{~
{{{{{{{{|{{}{zz|z{{{{{~
{{{{{{{{|{{~{|zz|z{{{{{~
{{{{{{{{|{{~{}zz|z{{{{{~
{{{}{{{{~{{|{zz|z~|
{{{}{{{{~{{|{zz|z~|
{{{}{{{{{{{{~zz|z{|}z~
{{{}{{{{{{{{~zz|z{|}z~
{{{}{{{{{{~{zz|z}z|
{{{}{{{{{{|{~zz|z{|}z~
{{{}{{{{{{|{~zz|z{|}z~
{{{}{{|{{{|{zz|z{|}z~
{{{}{{|{{{|{zz|z{|}z~
{{{}{{}{{{z{{zz|z{|}z~
{{{}{{}{{{z{|zz|z{|}z~
{{{}{{}{{{z{zz|z}z|
{{{~{{z{{{}{zz|z}~zz}z|}~}}
{{{~{{z{{{|{}zz|z{|}z~
{{{~{{z{{{|{}zz|z{|}z~
{{{~{{z{{{~{zz|z~|}{
{{{~{{z{{{z{|zz|z{|}z~
{{{~{{z{{{z{|zz|z{|}z~
{{{~{{z{{{}{~zz|z}~zz}z|}~}}
{{{~{{{{z{{}{zzz|z~|}{
{{{~{{{{{{z{|zz|z}z|
{{{~{{{{{{~{zzz|z}~zz}z|}~}}
{{{~{{|{z{{z{zz|z~|}{
{{{~{{|{|{{z{zz|z}~zz}z|}~}}
{{{~{{|{|{{|{}zz|z~|}{
{{{{{|{{{{zzz|z{|}z~
{{{{{|{{{{zzz|z{|}z~
{{{{{|{{{{{zz|z{|}z~
{{{{{|{{{{{zz|z{|}z~
{{{{{|{{{{}zz|z{|}z~
{{{{{|{{{{}zz|z{|}z~
{{{{{z{z{{z{zz|zz
{{{{{z{|{{}{~zz|z}z|
{{{{{z{{{}{zz|z}{~|
{{{{{z{{{}{zz|z}{~|
{{{{{z{{{{{|zz|z|{|z}~zz~
{{{{{z{{{{{|zz|z|{|z}~zz~
{{{{{{{{{}{zz|z}{~|
{{{{{{{{{}{zz|z}{~|
{{{{{{{{{z{~zz|z|{|z}~zz~
{{{{{{{{{z{~zz|z|{|z}~zz~
{{{{{|{z{{}{~zz|z}{~|
{{{{{|{z{{}{~zz|z}{~|
{{{{{|{z{{{zzz|z|{|z}~zz~
{{{{{|{z{{{zzz|z|{|z}~zz~
{{{{{|{{{{z{{zz|z}{~|
{{{{{|{{{{z{{zz|z}{~|
{{{{{|{{{{}{zz|z}z|
{{{{{}{{{{}{}zz|z}~zz}z|}~}}
{{{{{}{~{{z{zz|z~|}{
{{{{{}{{{|{zz|z{|}z~
{{{{{}{{{|{zz|z{|}z~
{{{{{}{{{}{}zz|z{|}z~
{{{{{}{{{}{}zz|z{|}z~
{{{{{}{{{}{zz|z{~|}z~
{{{{{}{{{}{zz|z{~|}z~
{{{{{}{{{{~zz|z{|}z~
{{{{{}{{{{zz|z{|}z~
{{{{{~{{{|{~zz|z{|}z~
{{{{{~{{{|{~zz|z{|}z~
{{{{{~{{{|{zz|z{|}z~
{{{{{~{{{|{zz|z{|}z~
{{{{{~{{{~{zz|z{|}z~
{{{{{~{{{{zzz|z{|}z~
{{{{{{z{{z{zzz|z}z|
{{{{{{{{{{}{zz|}{|~~}|~}~~~zz}~~~~~}zz{zz~~}{|}|z}z|}zzzz|}{|{~~~~~~}~|~{~~|zzzz|}z{{{{{zz{zz{zz{|{~
{{{{{{{{{{}{zz||||{|}|zz|~||{{{{|{{{{{{x
{{{{{{{{{{}{zz||||{|}|zz|~||{{{{|{{{{{x
{{{{{{{{{{}{zz||||{|}|zz|~||{{{{|{{{{}{{x
{{{{{{{{{{}{zz||||{|}|zz|~||{{{{|{{{{z{{x
{{{{{{{{{{}{zz||||{|}|zz|~||{{{{|{{{{~{x
{{{{{{{{{{}{zz||||{|}|zz|~||{{{{|{{{{|{x
{{{{{{{{{{}{zz||||{|}|zz|~||{{|{{{{z{~{x
{{{{{{{{{{}{zz||||{|}|zz|~||{{|{{{~{{{{}x
{{{{{{{{{{}{zz||||{|}|zz|~||{{|{{{}{|{{{x
{{{{{{{{{{}{zz||||{|}|zz|~||{{|{{{}{{{}x
{{{{{{{{{{}{zz||||{|}|zz|~||{{|{{{{{{{x
{{{{{{{{{{}{zz||||{|}|zz|~||{{|{{{{{z{z{zx
{{{{{{{{{{}{zz||||{|}|zz|~||{{|{{{{{~{{x
{{{{{{{{{{zz|}{|~~}|~}~~~zz}~~~~~}zz{zz~~}{|}|z}z|}zzzz|}{|{~~~~~~}~|~{~~|zzzz|}z{{{{{|z{zz{{z{
{{{{{{{{{{zz||||{|}|zz|~||{{{{|{{{{{{x
{{{{{{{{{{zz||||{|}|zz|~||{{{{|{{{{{x
{{{{{{{{{{zz||||{|}|zz|~||{{{{|{{{{}{{x
{{{{{{{{{{zz||||{|}|zz|~||{{{{|{{{{z{{x
{{{{{{{{{{zz||||{|}|zz|~||{{{{|{{{{~{x
{{{{{{{{{{zz||||{|}|zz|~||{{{{|{{{{|{x
{{{{{{{{{{zz||||{|}|zz|~||{{|{{{{z{~{x
{{{{{{{{{{zz||||{|}|zz|~||{{|{{{~{{{{}x
{{{{{{{{{{zz||||{|}|zz|~||{{|{{{}{|{{{x
{{{{{{{{{{zz||||{|}|zz|~||{{|{{{}{{{}x
{{{{{{{{{{zz||||{|}|zz|~||{{|{{{{{{{x
{{{{{{{{{{zz||||{|}|zz|~||{{|{{{{{z{z{zx
{{{{{{{{{{zz||||{|}|zz|~||{{|{{{{{~{{x
{{{{{{{{{~{{zz|z}~zz}z|}~}}
{{{{{|{{{{}{}zz|z}~zz}z|}~}}
{{{{{}{~{{z{|zz|z~|}{
{z{{{{{z{{{{zz|z}{~|
{z{{{{{z{{{{zz|z}{~|
{z{{{|{{{{{zz|z|{|z}~zz~
{z{{{|{{{{{zz|z|{|z}~zz~
{z{{{|{{{|{|zz|z}{~|
{z{{{|{{{|{|zz|z}{~|
{z{{{|{{{|{zz|z}{~|
{z{{{|{{{|{zz|z}{~|
{z{{{|{{{{zz|z}z|
{z{{{}{{{{|{zz|z{|}z~
{z{{{}{{{{|{zz|z{|}z~
{z{{{}{{{~{zz|z{|}z~
{z{{{}{{{~{zz|z{|}z~
{z{{{{|{{~{zz|z|z
{z{{{{|{{{}zz|z}~zz}z|}~}}
{z{{{{}{{~{}zz|z~|}{
{z{{{{~{{|{zz|z~|}{
{{{z{{~{}{{{~zz|z|{|z}~zz~
{{{z{{~{}{{{~zz|z|{|z}~zz~
{{{{{{|{}{{~{~zz|z}{~|
{{{{{{|{}{{~{~zz|z}{~|
{{{{{{|{~{{~{zz|z}{~|
{{{{{{|{~{{~{zz|z}{~|
{{{}{{|{~{{}{zz|z{~|}z~
{{{}{{|{~{{}{zz|z{~|}z~
{{{}{{|{~{{}{zz|z{~|}z~
{{{}{{|{~{{}{zz|z{~|}z~
{{{}{{|{~{{}{zz|z{|}z~
{{{}{{|{~{{}{zz|z{|}z~
{{{}{{|{{{z{zz|z}{~|
{{{}{{|{{{z{zz|z}{~|
{{{}{{|{{{{{zz|z{|}z~
{{{}{{|{{{{{zz|z{|}z~
{{{}{{|{{{|{zz|z}z|
{{{}{{|{{{~{zz|z}z|
{{{}{{}{{{{{|zz|z}{~|
{{{}{{}{{{{{|zz|z}{~|
{{{}{{}{{{z{~zz|z}{~|
{{{}{{}{{{z{~zz|z}{~|
{{{}{{}{{{{{zzz|z{|}z~
{{{}{{}{{{{{zzz|z{|}z~
{{{}{{}{{{{{~zz|z{|}z~
{{{}{{}{{{{{~zz|z{|}z~
{{{}{{}{{{z{~zz|z{|}z~
{{{}{{}{{{z{~zz|z{|}z~
{{{}{{{{{z{{zz|z}{~|
{{{}{{{{{z{{zz|z}{~|
{{{}{{{{{}{zz|z}{~|
{{{}{{{{{}{zz|z}{~|
{{{}{{{{{~{}zz|z{|}z~
{{{}{{{{{~{}zz|z{|}z~
{{{~{{z{{{{~{zz|z}{~|
{{{~{{z{{{{~{zz|z}{~|
{{{~{{z{}{{~{|zz|z}{~|
{{{~{{z{}{{~{|zz|z}{~|
{{{~{{z{~{{|{zz|z{~|}z~
{{{~{{z{~{{|{zz|z{~|}z~
{{{~{{z{{{~{zzz|z{|}z~
{{{~{{z{{{~{zzz|z{|}z~
{{{~{{z{{{~{{zz|z{|}z~
{{{~{{z{{{~{{zz|z{|}z~
{{{~{{z{{{~{|zz|z{|}z~
{{{~{{z{{{~{}zz|z{|}z~
{{{~{{z{{{~{}zz|z{~|}z~
{{{~{{z{{{~{}zz|z{~|}z~
{{{~{{{{z{{{{zz|z{|}z~
{{{~{{{{z{{{{zz|z{|}z~
{{{~{{{{{{{{zz|z{|}z~
{{{~{{{{{{{{zz|z{|}z~
{{{~{{{{|{{z{zzz|z{|}z~
{{{~{{{{|{{z{zzz|z{|}z~
{{{~{{{{|{{z{zzz|z{~|}z~
{{{~{{{{|{{z{{zz|z{~|}z~
{{{~{{{{|{{z{|zz|z{~|}z~
{{{~{{{{|{{z{}zz|z{~|}z~
{{{~{{{{}{{{zz|z}{~|
{{{~{{{{}{{{zz|z}{~|
{{{~{{{{~{{z{zz|z}{~|
{{{~{{{{~{{z{zz|z}{~|
{{{~{{{{~{{|{zz|z}{~|
{{{~{{{{~{{|{zz|z}{~|
{{{~{{{{~{{}{zz|z}{~|
{{{~{{{{~{{}{zz|z}{~|
{{{~{{{{~{{~{zz|z}{~|
{{{~{{{{~{{~{zz|z}{~|
{{{~{{|{}{{{zz|z{|}z~
{{{~{{|{}{{{zz|z{|}z~
{{{~{{|{~{{z{zzz|z{|}z~
{{{~{{|{~{{z{zzz|z{|}z~
{{{~{{|{~{{z{{zz|z{|}z~
{{{~{{|{~{{z{{zz|z{|}z~
{{{~{{|{~{{z{|zz|z{~|}z~
{{{~{{|{~{{z{|zz|z{~|}z~
{{{~{{|{~{{z{}zz|z{~|}z~
{{{~{{|{~{{z{}zz|z{~|}z~
{{{{{{{|{{{~zz|z{|}z~
{{{{{{{|{{{zz|z{|}z~
{{{{{{{}{{~{zz|z{|}z~
{{{{{{{}{{~{zz|z{|}z~
{{{{{{{}{{~{zz|z{}|}z~
{{{{{{{}{{~{zz|z{}|}z~
{{{{{{{}{{~{zz|z{~|}z~
{{{{{{{}{{~{zz|z{~|}z~
{{{{{{{}{{{zzz|z{~|}z~
{{{{{{{}{{{{zz|z{~|}z~
{{{{{}{|{{{zz|z|z
{{{{{}{}{{{{zzz|z}~zz}z|}~}}
{{{{{}{}{{|{{zz|z}~zz}z|}~}}
{{{{{}{{{{{zz|z~|}{
{{{{{z{~{{z{zz|z}{~|
{{{{{z{~{{z{zz|z}{~|
{{{{{z{{{|{|zz|z}{~|
{{{{{z{{{|{|zz|z}{~|
{{{{{z{{{}{zz|z}{~|
{{{{{z{{{}{zz|z}{~|
{{{{{z{{{{{zz|z}{~|
{{{{{z{{{{{zz|z}{~|
{{{{{z{{{}{zz|z}{~|
{{{{{z{{{}{zz|z}{~|
{{{{{z{{{{zz|z}{~|
{{{{{z{{{{zz|z}{~|
{{{{{{{z{{|{zzz|z}{~|
{{{{{{{z{{|{{zz|z}{~|
{{{{{{{{{{z{zz|z}{~|
{{{{{{{{{{z{zz|z}{~|
{{{{{{{{{{|{zz|z}{~|
{{{{{{{{{{|{zz|z}{~|
{{{{{{{{{{}{zz|z}{~|
{{{{{{{{{{}{zz|z}{~|
{{{{{{{}{{~{{zz|z}{~|
{{{{{{{}{{~{{zz|z}{~|
{{{{{}{z{{}{zzz|z}{~|
{{{{{}{z{{}{zzz|z}{~|
{{{{{}{{{{z{zzz|z}{~|
{{{{{}{{{{z{zzz|z}{~|
{{{{{}{~{{|{{zz|z}{~|
{{{{{}{~{{|{{zz|z}{~|
{{{{{}{~{{}{zz|z}{~|
{{{{{}{~{{}{zz|z}{~|
{{{{{}{{{~{zz|z}{~|
{{{{{}{{{~{zz|z}{~|
{{{{{~{z{{z{zz|z}{~|
{{{{{~{z{{z{zz|z}{~|
{{{{{~{z{{~{zz|z}{~|
{{{{{~{z{{~{zz|z}{~|
{{{{{~{{{{}{zz|z}{{}}
{{{{{~{}{{z{zz|z}{~|
{{{{{~{}{{z{zz|z}{~|
{{{{{~{~{{z{zz|z{|}z~
{{{{{~{~{{z{zz|z{|}z~
{{{{{~{~{{z{zz|z{|}z~
{{{{{~{~{{z{zz|z{|}z~
{{{{{~{~{{z{zz|z{|}z~
{{{{{~{~{{z{zz|z{|}z~
{{{{{{{{~{zzz|z}z|
{{{{{z{}{{{{zz|zz
{{{{{z{~{{{{zz|z}{~|
{{{{{z{~{{|{zzz|z}{~|
{{{{{z{~{{~{~zz|z}{~|
{{{{{z{~{{~{zz|z}{~|
{{{{{z{~{{{{zz|z}z|
{{{{{z{{{z{~zz|z{|}z~
{{{{{z{{{z{~zz|z{|}z~
{{{{{{{|{{{zz|z|{|z}~zz~
{{{{{{{|{{{zz|z|{|z}~zz~
{{{{{{{{{~{|zz|z}~zz}z|}~}}
{{{{{{{{{z{zz|z{|}z~
{{{{{{{{{z{zz|z{|}z~
{{{{{{{{{~{zz|z{|}z~
{{{{{{{{{~{zz|z{|}z~
{{{{{{{{{{zz|z}~zz}z|}~}}
{{{{{{{{{z{zz|z~|}{
{{{{{~{~{{z{zz|z}~zz}z|}~}}
{{{{{~{{{|{{zz|z~|}{
{z{{{{{{{{{{zz|zz
{z{{{{{{{|{{zz|zz
{z{{{{{{{|{zz|zz
{z{{{{{{{{zz|zz
{z{{{|{z{{~{zz|z|{|z}~zz~
{z{{{|{z{{~{zz|z|{|z}~zz~
{z{{{|{z{{{zz|z|{|z}~zz~
{z{{{|{z{{{zz|z|{|z}~zz~
{z{{{|{{{{|{zz|z}{~|
{z{{{|{{{{}{zzz|z}{~|
{z{{{|{}{{{{~zz|z{|}z~
{z{{{|{}{{{{~zz|z{|}z~
{z{{{}{{{z{zz|z}{~|
{z{{{}{{{z{zz|z}{~|
{z{{{}{{{|{}zz|z}{~|
{z{{{}{{{|{}zz|z}{~|
{z{{{~{{{{{zz|z{~|}z~
{z{{{~{{{{{zz|z{~|}z~
{z{{{~{{{|{zz|z}{~|
{z{{{~{{{|{zz|z}{~|
{z{{{~{{{}{zz|z}{~|
{z{{{~{{{}{zz|z}{~|
{z{{{~{{{}{zz|z{~|}z~
{z{{{~{{{}{zz|z{~|}z~
{z{{{{{{{}{~zz|z}{~|
{z{{{{{{{}{~zz|z}{~|
{z{{{{|{{|{zz|z}{~|
{z{{{{|{{|{zz|z}{~|
{z{{{{}{{z{zz|z}{~|
{z{{{{}{{z{zz|z}{~|
{z{{{{}{{}{zz|z{|}z~
{z{{{{}{{}{zz|z{|}z~
{z{{{{{{z{zz|z{|}z~
{z{{{{{{z{zz|z{|}z~
{z{{{{{{z{zz|z{~|}z~
{z{{{{{{z{zz|z{~|}z~
{z{{{{{{z{zz|z{~|}z~
{z{{{{{{z{zz|z{~|}z~
{z{{{z{{{{}{zz|z{~|}z~
{z{{{z{{{{}{zz|z{~|}z~
{z{{{z{{{{~{|zz|z{|}z~
{z{{{z{{{{~{}zz|z{|}z~
{z{{{z{~{{{zz|z{|}z~
{z{{{z{~{{{zz|z{|}z~
{z{{{z{~{{{zz|z{~|}z~
{z{{{z{~{{{zz|z{~|}z~
{z{{{{{{{z{{zz|z|z
{z{{{{{{{{{zz|z|z
{z{{{{{{{|{zz|z|z
{z{{{{{{{~{}zz|z|z
{z{{{{{{{{zz|z}~zz}z|}~}}
{z{{{|{|{{z{|zz|z}~zz}z|}~}}
{z{{{|{~{{|{zz|z~|}{
{z{{{~{z{{{zz|z|{|z}~zz~
{z{{{~{z{{{zz|z|{|z}~zz~
{{{z{{{{|{{z{zz|z}{~|
{{{z{{{{|{{z{zz|z}{~|
{{{z{{{{{{{}zz|z}{~|
{{{z{{{{{{{}zz|z}{~|
{{{z{{|{{{{{zz|z{|}z~
{{{z{{|{{{{{zz|z{|}z~
{{{z{{|{{{{zz|z}{~|
{{{z{{|{{{{zz|z}{~|
{{{z{{|{{{z{zz|z|{|z}~zz~
{{{z{{|{{{z{zz|z|{|z}~zz~
{{{}{{|{{{|{zz|z|z
{{{}{{|{{{{|zz|z}~zz}z|}~}}
{{{}{{|{{{~{zz|z~|}{
{{{}{{|{{{z{~zz|z}~zz}z|}~}}
{{{}{{}{z{{|{zz|z~|}{
