{z{{{}{{{{{zz|}{|~~}|~}~~~zz}~~~~~}zz{{{zzz~~}{|}|{}z|}z}z|}zzzz|}{|}~{z~~z}z|}zzzz|}z{{{{{|z{zz{zz{|{
{z{{{}{{{{{zz||||{|}|zz|~||{{{{|{{{{{{x
{z{{{}{{{{{zz||||{|}|zz|~||{{{{|{{{{{x
{z{{{}{{{{{zz||||{|}|zz|~||{{{{|{{{{}{{x
{z{{{}{{{{{zz||||{|}|zz|~||{{{{|{{{{z{{x
{z{{{}{{{{{zz||||{|}|zz|~||{{{{|{{{{~{x
{z{{{}{{{{{zz||||{|}|zz|~||{{{{|{{{{|{x
{z{{{}{{{{{zz||||{|}|zz|~||{{|{{{{z{~{x
{z{{{}{{{{{zz||||{|}|zz|~||{{|{{{~{{{{}x
{z{{{}{{{{{zz||||{|}|zz|~||{{|{{{}{|{{{x
{z{{{}{{{{{zz||||{|}|zz|~||{{|{{{}{{{}x
{z{{{}{{{{{zz||||{|}|zz|~||{{|{{{{{{{x
{z{{{}{{{{{zz||||{|}|zz|~||{{|{{{{{z{z{zx
{z{{{}{{{{{zz||||{|}|zz|~||{{|{{{{{~{{x
{{{z{{z{{{~{}zz|}{|~~}|~}~~~zz}~~~~~}zz{{{zzz~~}{|}|{}z|}z}z|}zzzz|}{|}~{z~~z}z|}zzzz|}z{{{{{|z{zz{zz{|{
{{{z{{z{{{~{}zz||||{|}|zz|~||{{{{|{{{{{{x
{{{z{{z{{{~{}zz||||{|}|zz|~||{{{{|{{{{{x
{{{z{{z{{{~{}zz||||{|}|zz|~||{{{{|{{{{}{{x
{{{z{{z{{{~{}zz||||{|}|zz|~||{{{{|{{{{z{{x
{{{z{{z{{{~{}zz||||{|}|zz|~||{{{{|{{{{~{x
{{{z{{z{{{~{}zz||||{|}|zz|~||{{{{|{{{{|{x
{{{z{{z{{{~{}zz||||{|}|zz|~||{{|{{{{z{~{x
{{{z{{z{{{~{}zz||||{|}|zz|~||{{|{{{~{{{{}x
{{{z{{z{{{~{}zz||||{|}|zz|~||{{|{{{}{|{{{x
{{{z{{z{{{~{}zz||||{|}|zz|~||{{|{{{}{{{}x
{{{z{{z{{{~{}zz||||{|}|zz|~||{{|{{{{{{{x
{{{z{{z{{{~{}zz||||{|}|zz|~||{{|{{{{{z{z{zx
{{{z{{z{{{~{}zz||||{|}|zz|~||{{|{{{{{~{{x
{{{z{{z{{{~{zz|z}{~|
{{{z{{z{{{~{zz|z}{~|
{{{z{{z{{{z{zzz|z}{~|
{{{z{{z{{{z{{zz|z}{~|
{{{z{{}{{{z{zz|}{|~~}|~}~~~zz}~~~~~}zz{{{zzz~~}{|}|{}z|}z}z|}zzzz|}{|}~{z~~z}z|}zzzz|}z{{{{{|z{zz{zz{|{
{{{z{{}{{{{{zzz||||{|}|zz|~||{{{{|{{{{{{x
{{{z{{}{{{{{zzz||||{|}|zz|~||{{{{|{{{{{x
{{{z{{}{{{{{zzz||||{|}|zz|~||{{{{|{{{{}{{x
{{{z{{}{{{{{zzz||||{|}|zz|~||{{{{|{{{{z{{x
{{{z{{}{{{{{zzz||||{|}|zz|~||{{{{|{{{{~{x
{{{z{{}{{{{{zzz||||{|}|zz|~||{{{{|{{{{|{x
{{{z{{}{{{{{zzz||||{|}|zz|~||{{|{{{{z{~{x
{{{z{{}{{{{{zzz||||{|}|zz|~||{{|{{{~{{{{}x
{{{z{{}{{{{{zzz||||{|}|zz|~||{{|{{{}{|{{{x
{{{z{{}{{{{{zzz||||{|}|zz|~||{{|{{{}{{{}x
{{{z{{}{{{{{zzz||||{|}|zz|~||{{|{{{{{{{x
{{{z{{}{{{{{zzz||||{|}|zz|~||{{|{{{{{z{z{zx
{{{z{{}{{{{{zzz||||{|}|zz|~||{{|{{{{{~{{x
{{{z{{~{~{{{{{zz|z}{~|
{{{z{{~{~{{{{|zz|z}{~|
{{{z{{~{{{~{{zz|z|~}
{{{z{{~{{{~{|zz|z|~}
{{{z{{~{{{~{|zz|z|{|z}~zz~
{{{z{{~{{{~{}zz|z|{|z}~zz~
{{{z{{~{{{|{zz|z}z|
{{{z{{{{{}{zzz|z}~zz}z|}~}}
{{{z{{{{{~{zz|z}~zz}z|}~}}
{{{~{{}{}{{|{zz|}{|~~}|~}~~~zz}~~~~~}zz{{{zzz~~}{|}|{}z|}z}z|}zzzz|}{|}~{z~~z}z|}zzzz|}z{{{{{|z{zz{zz{|{
{{{~{{}{}{{}{zzz||||{|}|zz|~||{{{{|{{{{{{x
{{{~{{}{}{{}{zzz||||{|}|zz|~||{{{{|{{{{{x
{{{~{{}{}{{}{zzz||||{|}|zz|~||{{{{|{{{{}{{x
{{{~{{}{}{{}{zzz||||{|}|zz|~||{{{{|{{{{z{{x
{{{~{{}{}{{}{zzz||||{|}|zz|~||{{{{|{{{{~{x
{{{~{{}{}{{}{zzz||||{|}|zz|~||{{{{|{{{{|{x
{{{~{{}{}{{}{zzz||||{|}|zz|~||{{|{{{{z{~{x
{{{~{{}{}{{}{zzz||||{|}|zz|~||{{|{{{~{{{{}x
{{{~{{}{}{{}{zzz||||{|}|zz|~||{{|{{{}{|{{{x
{{{~{{}{}{{}{zzz||||{|}|zz|~||{{|{{{}{{{}x
{{{~{{}{}{{}{zzz||||{|}|zz|~||{{|{{{{{{{x
{{{~{{}{}{{}{zzz||||{|}|zz|~||{{|{{{{{z{z{zx
{{{~{{}{}{{}{zzz||||{|}|zz|~||{{|{{{{{~{{x
