{{{}{{~{{{z{{zz|}{|~~}|~}~~~zz}~~~~~}zz{{{zzz~~}{|}|{}z|}|z}z|}zzzz|}{|}~{z~~zzzz|}z{{{{{|z{zz{zz{|{
{{{}{{~{{{}{{zz|}{|~~}|~}~~~zz}~~~~~}zz{{{zzz~~}{|}|{}z|}|z}z|}zzzz|}{|}~{z~~zzzz|}z{{{{{|z{zz{zz{|{
{{{}{{{{{{|{zz|z|{|z}~zz~
{{{}{{{{{}{zz|z~z
{{{~{{z{z{{~{zzz|z}{~|
{{{~{{z{{{{~{}zz|z}{~|
{{{~{{z{|{{{zz|z}z|
{{{~{{z{{{|{}zz|z{~|}z~
{{{~{{z{{{}{~zz|z{~|}z~
{{{~{{z{{{}{|zz|z{~|}z~
{{{~{{{{{{~{zz|z{~|}z~
{{{~{{{{{{~{zz|z{|}z~
{{{~{{{{{{~{zz|z{|}z~
{{{~{{{{{{~{zz|z{|}z~
{{{~{{{{{{{zzz|z{|}z~
{{{~{{{{{{{{zz|z{|}z~
{{{~{{{{{{{{zz|z{~|}z~
{{{~{{{{{{z{{zz|z}{~|
{{{~{{{{{{z{zz|z}{~|
{{{~{{{{{{~{zzz|z}{~|
{{{~{{|{|{{z{~zz|z}{~|
{{{~{{|{|{{{{zzz|z}{~|
{{{~{{|{~{{|{|zz|z}{~|
{{{~{{}{z{{z{zz|z}{~|
{{{~{{}{z{{~{{zz|z}{~|
{{{~{{}{z{{{zz|z}{~|
{{{~{{}{{{{~{zzz|z}{~|
{{{~{{{{{z{}zz|z}{~|
{{{{{z{z{{{{zzz|z}~zz}z|}}
{{{{{z{z{{{{}zz|z}~zz}z|}~}}
{{{{{z{{{|{{zz|z}~zz}z|}~}}
{{{{{z{{{~{~zz|z}~zz}z|}~}}
