{z{{{{{{~{zz|}{|~~}|~}~~~zz}~~~~~}zz{zz~~}{|}|z}z|}zzzz|}{|{~~~~~~}~|~{~~|zzzz|}z{{{{{|z{zz{{z{
{z{{{{{{{{~{zz|z|{|z}~zz~
{z{{{{{{{{~{zz|z|{|z}~zz~
{z{{{{{{{z{zzz|z~zz|}
{z{{{{{{{z{zzz|z~zz|}
{z{{{{{{{{{~zz|}{|~~}|~}~~~zz}~~~~~}zz{zz~~}{|}|z}z|}zzzz|}{|{~~~~~~}~|~{~~|zzzz|}z{{{{{|z{zz{{z{
{z{{{~{}{{~{zz|z}{~|
{z{{{~{}{{~{zz|z}{~|
{z{{{~{~{{{{zz|z}{~|
{z{{{~{~{{{{zz|z}{~|
{z{{{~{{{~{}zz|z}
{z{{{{{{{z{~zz|z}{~|
{z{{{{{{{z{~zz|z}{~|
{z{{{{~{{}{zz|z}{{}}
{z{{{{{{z{{zz|z}{{}}
{z{{{{{{{{~zz|z}{~|
{z{{{{{{{{~zz|z}{~|
{z{{{{{{}{zz|z}
{z{{{{{{z{zz|z}{~|
{z{{{{{{z{zz|z}{~|
{z{{{{{{{{zzz|z}{{}}
{z{{{{{{z{zzz|z{zz|
{z{{{z{|{{{{zzz|z~
{z{{{z{~{{{{~zz|z~|}{
{z{{{z{{{}{zz|z~
{z{{{}{z{{{zz|z|~}
{z{{{}{z{{{zz|z|~}
{z{{{}{z{{{zz|z~z
{z{{{}{{{{~{{zz|z|{|z}~zz~
{z{{{}{{{{~{{zz|z|{|z}~zz~
{z{{{}{{{z{zz|z}{~|
{z{{{}{{{z{zz|z}{~|
{z{{{}{{{~{zzz|z|{|z}~zz~
{z{{{}{{{~{zzz|z|{|z}~zz~
{z{{{~{z{{z{zz|z}
{z{{{~{z{{{{~zz|z}{{}}
{z{{{~{}{{~{zz|z{zz|
{z{{{~{~{{{{zz|z|{|z}~zz~
{z{{{~{~{{{{zz|z|{|z}~zz~
{z{{{~{{{~{}zz|z~{{z~}|}
{z{{{~{{{~{}zz|z~{{z~}|}
{z{{{{z{{}{zz|z}z|
{z{{{{z{{~{~zz|z}z|
{{{z{{z{{{{{}zz|z|z
{{{z{{z{{{z{zzz|z}~zz}z|}~}}
{{{z{{z{{{{zz|z~|}{
{{{z{{{{{{|{}zz|z{|}z~
{{{z{{{{{{|{}zz|z{|}z~
{{{z{{{{{{|{zz|z|{|z}~zz~
{{{z{{{{{{|{zz|z|{|z}~zz~
{{{z{{|{|{{|{|zz|z}{~|
{{{z{{|{|{{|{|zz|z}{~|
{{{z{{|{}{{}{zz|z}~zz}z|}~}}
{{{z{{|{~{{~{zz|z~|}{
{{{{{{}{{{z{zz|z|{|z}~zz~
{{{{{{}{{{z{zz|z|{|z}~zz~
{{{{{{{{{{zz|z}z|
{{{~{{z{{{z{zz|z|{|z}~zz~
{{{~{{z{{{z{zz|z|{|z}~zz~
{{{~{{{{|{{}{|zz|z{~|}z~
{{{~{{{{|{{}{|zz|z{~|}z~
{{{~{{|{|{{|{zz|z}~zz}z|}~}}
{{{~{{|{}{{|{{zz|z~|}{
{{{{{|{~{{}{~zz|z|{|z}~zz~
{{{{{|{~{{}{~zz|z|{|z}~zz~
{{{{{|{~{{~{zz|z}{~|
{{{{{|{~{{~{zz|z}{~|
{{{{{|{~{{{zz|z}{{}}
{{{{{|{{{|{zz|z|{|z}~zz~
{{{{{|{{{|{zz|z|{|z}~zz~
{{{{{|{{{z{~zz|z|{|z}~zz~
{{{{{|{{{z{~zz|z|{|z}~zz~
{{{{{|{{{{~zz|z~z
{{{{{|{{{}{zz|z}{~|
{{{{{|{{{}{zz|z}{~|
{{{{{}{z{{z{~zz|z}z|
{{{{{}{{{{}{zz|z{|}z~
{{{{{}{{{{}{zz|z{|}z~
{{{{{}{|{{{zz|z}~zz}z|}~}}
{{{{{}{}{{~{zz|z~|}{
{{{{{}{~{{{{zz|z~
{{{{{}{~{{|{{zz|z~
{{{{{}{{{z{zzz|z~|}{
{{{{{|{z{{}{zzz|z{|}z~
{{{{{|{z{{}{zzz|z{|}z~
{{{{{|{z{{}{zz|z{|}z~
{{{{{|{z{{}{zz|z{|}z~
{{{{{|{z{{{zz|z}z|
{{{{{|{{{{}{zz|z{|}z~
{{{{{|{{{{}{zz|z{|}z~
{{{{{~{{{{z{|zz|z{|}z~
{{{{{~{{{{z{}zz|z{|}z~
{{{{{~{{{{zz|z{|}z~
{{{{{~{{{{zz|z{|}z~
{{{{{~{{{{zz|z{|}z~
{{{{{~{{{{zz|z{|}z~
{{{{{~{{{{zz|z{|}z~
{{{{{~{{{{zz|z{|}z~
{{{{{~{{{z{{zz|z{|}z~
{{{{{~{{{z{{zz|z{|}z~
{{{{{~{{{{{~zz|z{|}z~
{{{{{~{{{{{zz|z{|}z~
{{{{{{z{{z{{zz|z}~zz}z|}~}}
{{{{{{|{{{zzz|z~|}{
{z{{{z{{{}{}zz|z}~zz}z|}~}}
