{z{{{{{{}{zz|}{|~~}|~}~~~zz}~~~~~}zz{{{zzz~~}{|}|{}z|}z}z|}zzzz|}{|}~{z~~z}z|}zzzz|}z{{{{{|z{zz{zz{|{
{z{{{{{{~{zzz||||{|}|zz|~||{{{{|{{{{{{x
{z{{{{{{~{zzz||||{|}|zz|~||{{{{|{{{{{x
{z{{{{{{~{zzz||||{|}|zz|~||{{{{|{{{{}{{x
{z{{{{{{~{zzz||||{|}|zz|~||{{{{|{{{{z{{x
{z{{{{{{~{zzz||||{|}|zz|~||{{{{|{{{{~{x
{z{{{{{{~{zzz||||{|}|zz|~||{{{{|{{{{|{x
{z{{{{{{~{zzz||||{|}|zz|~||{{|{{{{z{~{x
{z{{{{{{~{zzz||||{|}|zz|~||{{|{{{~{{{{}x
{z{{{{{{~{zzz||||{|}|zz|~||{{|{{{}{|{{{x
{z{{{{{{~{zzz||||{|}|zz|~||{{|{{{}{{{}x
{z{{{{{{~{zzz||||{|}|zz|~||{{|{{{{{{{x
{z{{{{{{~{zzz||||{|}|zz|~||{{|{{{{{z{z{zx
{z{{{{{{~{zzz||||{|}|zz|~||{{|{{{{{~{{x
{{{{{|{{{|{zz|}{|~~}|~}~~~zz}~~~~~}zz{{{zzz~~}{|}|{}z|}z}z|}zzzz|}{|}~{z~~z}z|}zzzz|}z{{{{{|z{zz{zz{|{
{{{{{|{{{}{zzz||||{|}|zz|~||{{{{|{{{{{{x
{{{{{|{{{}{zzz||||{|}|zz|~||{{{{|{{{{{x
{{{{{|{{{}{zzz||||{|}|zz|~||{{{{|{{{{}{{x
{{{{{|{{{}{zzz||||{|}|zz|~||{{{{|{{{{z{{x
{{{{{|{{{}{zzz||||{|}|zz|~||{{{{|{{{{~{x
{{{{{|{{{}{zzz||||{|}|zz|~||{{{{|{{{{|{x
{{{{{|{{{}{zzz||||{|}|zz|~||{{|{{{{z{~{x
{{{{{|{{{}{zzz||||{|}|zz|~||{{|{{{~{{{{}x
{{{{{|{{{}{zzz||||{|}|zz|~||{{|{{{}{|{{{x
{{{{{|{{{}{zzz||||{|}|zz|~||{{|{{{}{{{}x
{{{{{|{{{}{zzz||||{|}|zz|~||{{|{{{{{{{x
{{{{{|{{{}{zzz||||{|}|zz|~||{{|{{{{{z{z{zx
{{{{{|{{{}{zzz||||{|}|zz|~||{{|{{{{{~{{x
