{z{{{{{}{{{{}zz|}{|~~}|~}~~~zz}~~~~~}zz{{{zzz~~}{|}|{}z|}z}z|}zzzz|}{|}~{z~~z}z|}zzzz|}z{{{{{|z{zz{zz{|{
{z{{{{{}{{{{~zz||||{|}|zz|~||{{{{|{{{{{{x
{z{{{{{}{{{{~zz||||{|}|zz|~||{{{{|{{{{{x
{z{{{{{}{{{{~zz||||{|}|zz|~||{{{{|{{{{}{{x
{z{{{{{}{{{{~zz||||{|}|zz|~||{{{{|{{{{z{{x
{z{{{{{}{{{{~zz||||{|}|zz|~||{{{{|{{{{~{x
{z{{{{{}{{{{~zz||||{|}|zz|~||{{{{|{{{{|{x
{z{{{{{}{{{{~zz||||{|}|zz|~||{{|{{{{z{~{x
{z{{{{{}{{{{~zz||||{|}|zz|~||{{|{{{~{{{{}x
{z{{{{{}{{{{~zz||||{|}|zz|~||{{|{{{}{|{{{x
{z{{{{{}{{{{~zz||||{|}|zz|~||{{|{{{}{{{}x
{z{{{{{}{{{{~zz||||{|}|zz|~||{{|{{{{{{{x
{z{{{{{}{{{{~zz||||{|}|zz|~||{{|{{{{{z{z{zx
{z{{{{{}{{{{~zz||||{|}|zz|~||{{|{{{{{~{{x
{z{{{z{|{{~{zz|z}z|
{z{{{z{}{{~{~zz|z{~|}z~
{z{{{z{}{{~{~zz|z{~|}z~
{z{{{z{}{{~{zz|z{|}z~
{z{{{z{}{{~{zz|z{|}z~
{z{{{z{~{{{{zz|z{|}z~
{z{{{z{~{{{{zz|z{|}z~
{z{{{z{~{{{|zz|z{|}z~
{z{{{z{~{{{|zz|z{|}z~
{z{{{z{~{{{zz|z{~|}z~
{z{{{z{~{{{zz|z{~|}z~
{z{{{z{~{{{zz|z{~|}z~
{z{{{z{~{{{zz|z{~|}z~
{z{{{{{{{{{|zz|z{|}z~
{z{{{{{{{{{|zz|z{|}z~
{z{{{{{{{{{}zz|z{~|}z~
{z{{{{{{{{{}zz|z{~|}z~
{{{z{{z{}{{}{|zz|z}~zz}z|}~}}
{{{{{}{~{{z{zz|}{|~~}|~}~~~zz}~~~~~}zz{{{zzz~~}{|}|{}z|}z}z|}zzzz|}{|}~{z~~z}z|}zzzz|}z{{{{{|z{zz{zz{|{
{{{{{}{~{{z{zz||||{|}|zz|~||{{{{|{{{{{{x
{{{{{}{~{{z{zz||||{|}|zz|~||{{{{|{{{{{x
{{{{{}{~{{z{zz||||{|}|zz|~||{{{{|{{{{}{{x
{{{{{}{~{{z{zz||||{|}|zz|~||{{{{|{{{{z{{x
{{{{{}{~{{z{zz||||{|}|zz|~||{{{{|{{{{~{x
{{{{{}{~{{z{zz||||{|}|zz|~||{{{{|{{{{|{x
{{{{{}{~{{z{zz||||{|}|zz|~||{{|{{{{z{~{x
{{{{{}{~{{z{zz||||{|}|zz|~||{{|{{{~{{{{}x
{{{{{}{~{{z{zz||||{|}|zz|~||{{|{{{}{|{{{x
{{{{{}{~{{z{zz||||{|}|zz|~||{{|{{{}{{{}x
{{{{{}{~{{z{zz||||{|}|zz|~||{{|{{{{{{{x
{{{{{}{~{{z{zz||||{|}|zz|~||{{|{{{{{z{z{zx
{{{{{}{~{{z{zz||||{|}|zz|~||{{|{{{{{~{{x
{{{{{}{{{~{zz|z~|
{{{{{}{{{~{zz|z~|
{{{{{~{{{}{zz|z}{~|
{{{{{~{{{}{zz|z}{~|
{{{{{~{{{~{zz|z}{~|
{{{{{~{{{~{zz|z}{~|
{{{{{~{{{~{|zz|z}{~|
{{{{{~{{{~{|zz|z}{~|
{{{{{~{{{~{zz|z|{|z}~zz~
{{{{{~{{{~{zz|z|{|z}~zz~
{{{{{{z{{|{zz|z}{~|
{{{{{{z{{|{zz|z}{~|
{{{{{{{{|{}zz|z}{~|
{{{{{{{{|{}zz|z}{~|
{{{{{z{z{{|{zz|z}{~|
{{{{{z{z{{}{zzz|z}{~|
{{{{{z{{{{z{~zz|z}{~|
{{{{{z{{{{z{zz|z}{~|
{{{{{z{{{{{zz|z}{~|
{{{{{z{{{{{zz|z}{~|
{{{{{z{|{{{|zz|z}{{}}
{{{{{z{}{{}{zzz|z}{{}}
{{{{{z{{{z{zz|z{{
{{{{{~{{{{{zzz|z~|
{{{{{~{{{{{{zz|z~|
{{{{{{}{{}{zzz|}{|~~}|~}~~~zz}~~~~~}zz{{{zzz~~}{|}|{}z|}z}z|}zzzz|}{|}~{z~~z}z|}zzzz|}z{{{{{|z{zz{zz{|{
{{{{{{}{{}{{zz||||{|}|zz|~||{{{{|{{{{{{x
{{{{{{}{{}{{zz||||{|}|zz|~||{{{{|{{{{{x
{{{{{{}{{}{{zz||||{|}|zz|~||{{{{|{{{{}{{x
{{{{{{}{{}{{zz||||{|}|zz|~||{{{{|{{{{z{{x
{{{{{{}{{}{{zz||||{|}|zz|~||{{{{|{{{{~{x
{{{{{{}{{}{{zz||||{|}|zz|~||{{{{|{{{{|{x
{{{{{{}{{}{{zz||||{|}|zz|~||{{|{{{{z{~{x
{{{{{{}{{}{{zz||||{|}|zz|~||{{|{{{~{{{{}x
{{{{{{}{{}{{zz||||{|}|zz|~||{{|{{{}{|{{{x
{{{{{{}{{}{{zz||||{|}|zz|~||{{|{{{}{{{}x
{{{{{{}{{}{{zz||||{|}|zz|~||{{|{{{{{{{x
{{{{{{}{{}{{zz||||{|}|zz|~||{{|{{{{{z{z{zx
{{{{{{}{{}{{zz||||{|}|zz|~||{{|{{{{{~{{x
{{{{{|{{{~{}zz|z}{~|
{{{{{|{{{~{}zz|z}{~|
{{{{{|{{{}{zz|z}{~|
{{{{{|{{{}{zz|z}{~|
{|{|{{{{{{z{zz|}{|~~}|~}~~~zz}~~~~~}zz{{{zzz~~}{|}|{}z|}z}z|}zzzz|}{|}~{z~~z}z|}zzzz|}z{{{{{|z{zz{zz{|{
{|{|{{{{{{z{zz||||{|}|zz|~||{{{{|{{{{{{x
{|{|{{{{{{z{zz||||{|}|zz|~||{{{{|{{{{{x
{|{|{{{{{{z{zz||||{|}|zz|~||{{{{|{{{{}{{x
{|{|{{{{{{z{zz||||{|}|zz|~||{{{{|{{{{z{{x
{|{|{{{{{{z{zz||||{|}|zz|~||{{{{|{{{{~{x
{|{|{{{{{{z{zz||||{|}|zz|~||{{{{|{{{{|{x
{|{|{{{{{{z{zz||||{|}|zz|~||{{|{{{{z{~{x
{|{|{{{{{{z{zz||||{|}|zz|~||{{|{{{~{{{{}x
{|{|{{{{{{z{zz||||{|}|zz|~||{{|{{{}{|{{{x
{|{|{{{{{{z{zz||||{|}|zz|~||{{|{{{}{{{}x
{|{|{{{{{{z{zz||||{|}|zz|~||{{|{{{{{{{x
{|{|{{{{{{z{zz||||{|}|zz|~||{{|{{{{{z{z{zx
{|{|{{{{{{z{zz||||{|}|zz|~||{{|{{{{{~{{x
{|{|{{{{{{|{~zz|zz
{|{|{{{{{{~{zz|z}{~|
{|{|{{{{{{~{zz|z}{~|
{|{|{{{{{{{zz|z}{~|
{|{|{{{{{{{zz|z}{~|
{|{|{{{{{{~{zz|z}{~|
{|{|{{{{{{~{zz|z}{~|
{|{|{{|{z{{~{}zz|z}{~|
{|{|{{|{z{{~{}zz|z}{~|
{|{|{{|{|{{}{zz|z}{~|
{|{|{{|{|{{}{zz|z}{~|
{|{|{{|{{{~{zz|z}{~|
{|{|{{|{{{{zzz|z}{~|
{|{|{{|{{{z{zz|z{|}z~
{|{|{{|{{{z{zz|z{|}z~
{|{|{{|{{{~{}zz|z}z|
{|{|{{|{{{~{zzz|z{|}z~
{|{|{{|{{{~{zzz|z{|}z~
{|{|{{~{~{{z{}zz|z~zz|}
{|{|{{~{~{{z{}zz|z~zz|}
{|{|{{~{~{{{{{zz|z~{{z~}|}
{|{|{{~{~{{{{{zz|z~{{z~}|}
{|{|{{~{~{{|{zzz|z}~zz}z|}~}}
{|{|{{~{{{~{zz|z~{{z~}|}
{|{|{{~{{{~{zz|z~{{z~}|}
{|{|{{~{{{z{}zz|z}~zz}z|}~}}
{|{}{{|{{{{}zz|}{|~~}|~}~~~zz}~~~~~}zz{{{zzz~~}{|}|{}z|}z}z|}zzzz|}{|}~{z~~z}z|}zzzz|}z{{{{{|z{zz{zz{|{
{|{}{{|{{{{~zz||||{|}|zz|~||{{{{|{{{{{{x
{|{}{{|{{{{~zz||||{|}|zz|~||{{{{|{{{{{x
{|{}{{|{{{{~zz||||{|}|zz|~||{{{{|{{{{}{{x
{|{}{{|{{{{~zz||||{|}|zz|~||{{{{|{{{{z{{x
{|{}{{|{{{{~zz||||{|}|zz|~||{{{{|{{{{~{x
{|{}{{|{{{{~zz||||{|}|zz|~||{{{{|{{{{|{x
{|{}{{|{{{{~zz||||{|}|zz|~||{{|{{{{z{~{x
{|{}{{|{{{{~zz||||{|}|zz|~||{{|{{{~{{{{}x
{|{}{{|{{{{~zz||||{|}|zz|~||{{|{{{}{|{{{x
{|{}{{|{{{{~zz||||{|}|zz|~||{{|{{{}{{{}x
{|{}{{|{{{{~zz||||{|}|zz|~||{{|{{{{{{{x
{|{}{{|{{{{~zz||||{|}|zz|~||{{|{{{{{z{z{zx
{|{}{{|{{{{~zz||||{|}|zz|~||{{|{{{{{~{{x
{|{}{{}{}{{}{zz|z~~}
{|{}{{}{~{{|{zz|z~~}
{|{}{{}{~{{}{zz~~~~{|~|~{|}~~|~~~zz~~~~{{|{{zz}|}|~}||{}}~{}~}~}||~~~}~~|~{~~~zz~~|~{~~~}~~{~zzzz}}z{z{}x
{|{}{{}{{{|{zzz|z~}
{|{}{{}{{{|{zz|z~}
