{z{z{{}{{{z{~zz|}{|~~}|~}~~~zz}~~~~~}zz{zz~~}{|}|z}z|}zzzz|}{|{~~~~~~}~|~{~~|zzzz|}z{{{{{|z{zz{{z{
{z{{{{{|{{z{zz|z~}
{z{{{{{|{{z{zz|z~}
{z{{{{{}{{z{~zz|z}{~|
{z{{{{{}{{z{zz|z}{~|
{z{{{{{{{|{{zz|z}{~|
{z{{{{{{{|{{zz|z}{~|
{z{{{|{z{{{{zz|z}{~|
{z{{{|{z{{{{zz|z}{~|
{z{{{|{|{{~{~zz|z}{~|
{z{{{|{|{{~{zz|z}{~|
{z{{{|{~{{z{zz|z}{{}}
{z{{{|{{{{|zz|z}{{}}
{z{{{|{{{z{zz|z~
{z{{{|{{{~{zzz|z~|}{
{z{{{}{{{{~{zz|z~z
{z{{{}{|{{{{|zz|z}{~|
{z{{{}{|{{{{}zz|z}{~|
{z{{{}{|{{}{zz|z}{~|
{z{{{}{|{{}{zz|z}{~|
{z{{{}{}{{{{{zz|z{~|}z~
{z{{{}{}{{{{|zz|z{~|}z~
{z{{{}{{{z{|zz|z|z
{z{{{}{{{|{zz|z}~zz}z|}~}}
{z{{{}{{{|{zz|z~|}{
{z{{{~{}{{{zz|z|{|z}~zz~
{z{{{~{}{{{zz|z|{|z}~zz~
{z{{{~{{{}{~zz|z}{~|
{z{{{~{{{}{~zz|z}{~|
{z{{{{{{{z{zz|z}{~|
{z{{{{{{{z{zz|z}{~|
{z{{{{{{{{{zz|z}{~|
{z{{{{{{{{{zz|z}{~|
{z{{{|{{{~{~zz|z}z|
{z{{{|{{{}{~zz|z|{|z}~zz~
{z{{{|{{{}{zz|z|{|z}~zz~
{z{{{}{~{{z{}zz|z}~zz}z|}~}}
{z{{{}{~{{{zz|z~|}{
{z{{{~{{{{{~zz|z}{~|
{z{{{~{{{{{zz|z}{~|
{z{{{~{{{~{zz|z}{~|
{z{{{~{{{~{zz|z}{~|
{z{{{~{{{{zz|z{}|}z~
{z{{{~{{{{zz|z{}|}z~
{z{{{{{{{z{|zz|z{}|}z~
{z{{{{{{{z{|zz|z{}|}z~
{z{{{{{{{}{|zz|z{}|}z~
{z{{{{{{{}{|zz|z{}|}z~
{z{{{{{{|{zz|z}{~|
{z{{{{{{|{zz|z}{~|
{{{z{{z{z{{z{{zz|z{}|}z~
{{{z{{z{z{{z{|zz|z{}|}z~
{{{z{{z{|{{}{}zz|z{}|}z~
{{{z{{z{|{{}{}zz|z{}|}z~
{{{z{{z{|{{}{zz|z{}|}z~
{{{z{{z{|{{}{zz|z{}|}z~
{{{z{{z{{{|{~zz|z{}|}z~
{{{z{{z{{{|{zz|z{}|}z~
{{{z{{z{{{|{zz|z{}|}z~
{{{z{{z{{{|{zz|z{}|}z~
{{{z{{z{{{{{zz|z{}|}z~
{{{z{{z{{{{{zz|z{}|}z~
{{{z{{z{{{~{zzz|z}{~|
{{{z{{z{{{~{zzz|z}{~|
{{{z{{z{{{|{zz|z}{~|
{{{z{{z{{{}{zzz|z}{~|
{{{z{{{{z{{}{}zz|z}{~|
{{{z{{{{z{{}{~zz|z}{~|
{{{z{{{{{{{z{zz|z}{~|
{{{z{{{{{{{z{zz|z}{~|
{{{z{{{{~{{}{zz|z}{~|
{{{z{{{{~{{}{zz|z}{~|
{{{z{{{{~{{~{zz|z}{~|
{{{z{{{{~{{~{zz|z}{~|
{{{z{{{{{{}{~zz|z{}|}z~
{{{z{{{{{{}{~zz|z{}|}z~
{{{z{{{{{{z{zz|z}{~|
{{{z{{{{{{z{zz|z}{~|
{{{z{{{{{{}{~zz|z{}|}z~
{{{z{{{{{{}{~zz|z{}|}z~
{{{z{{{{{{{zz|z{}|}z~
{{{z{{{{{{{zz|z{}|}z~
{{{z{{{{{{{{zz|z~}
{{{z{{{{{{{{zz|z~}
{{{z{{{{{{}{zz|z}{~|
{{{z{{{{{{}{zz|z}{~|
{{{z{{{{{{~{zz|z}{~|
{{{z{{{{{{~{zz|z}{~|
{{{z{{{{{{{zz|z{~|}z~
{{{z{{{{{{{zz|z{~|}z~
{{{z{{{{{{{zz|z{}|}z~
{{{z{{{{{{{zz|z{}|}z~
{{{z{{|{z{{z{{zz|z~}
{{{z{{|{z{{z{{zz|z~}
{{{z{{|{z{{}{zz|z}{~|
{{{z{{|{z{{}{zz|z}{~|
{{{z{{|{{{{{{{zz|z{}|}z~
{{{z{{|{{{{{{{zz|z{}|}z~
{{{z{{|{}{{{{zz|z{~|}z~
{{{z{{|{}{{{{zz|z{~|}z~
{{{z{{|{~{{|{zz|z{|}z~
{{{z{{|{~{{|{zz|z{|}z~
{{{z{{|{{{z{|zz|z}z|
{{{z{{}{}{{{{zz|z|{|z}~zz~
{{{z{{}{}{{{{zz|z|{|z}~zz~
{{{z{{}{~{{|{zz|z|{|z}~zz~
{{{z{{}{~{{|{zz|z|{|z}~zz~
{{{z{{~{{{|{zzz|z}{~|
{{{z{{~{{{|{{zz|z}{~|
{{{z{{~{{{|{{zz|z|{|z}~zz~
{{{z{{~{{{|{{zz|z|{|z}~zz~
{{{z{{~{{{}{{zz|z~|
{{{z{{~{{{}{|zz|z~|
{{{z{{~{{{}{}zz|z{|}z~
{{{z{{~{{{}{}zz|z{|}z~
{{{z{{~{{{}{zz|z~|
{{{z{{~{{{}{zz|z~|
{{{z{{~{{{z{}zz|z{|}z~
{{{z{{~{{{z{}zz|z{|}z~
{{{z{{{|{{~{zz|z}~zz}z|}~}}
{{{z{{{}{{{zz|z~|}{
{{{z{{{{{|{}zz|z{}|}z~
{{{z{{{{{|{}zz|z{}|}z~
{{{z{{{{{~{|zz|z{|}z~
{{{z{{{{{~{|zz|z{|}z~
{{{z{{{{{z{zz|z}~zz}z|}~}}
{{{z{{{{{|{zzz|z~|}{
{{{{{{|{{{z{}zz|}{|~~}|~}~~~zz}~~~~~}zz{zz~~}{|}|z}z|}zzzz|}{|{~~~~~~}~|~{~~|zzzz|}z{{{{{|z{zz{{z{
{{{{{{}{|{{~{zzz|z~}
{{{{{{}{~{{z{{zz|z~z
{{{{{{}{~{{~{{zz|z~}
{{{{{{~{{{z{zz|z|{|z}~zz~
{{{{{{~{{{z{zz|z|{|z}~zz~
{{{{{{~{{{~{zzz|z|{|z}~zz~
{{{{{{~{{{~{zzz|z|{|z}~zz~
{{{}{{{{{{{{zz|z~z
{{{}{{{{{{~{zz|z~z
{{{}{{{{{{}{zz|z~z
{{{}{{{{{z{zz|z~}
{{{~{{{{{{{z{zz|z|{|z}~zz~
{{{~{{{{{{{z{zz|z|{|z}~zz~
{{{~{{{{{{{|{~zz|z|{|z}~zz~
{{{~{{{{{{{|{~zz|z|{|z}~zz~
{{{~{{{{{{z{~zz|z|{|z}~zz~
{{{~{{{{{{z{~zz|z|{|z}~zz~
{{{~{{|{{{~{~zz|z|{|z}~zz~
{{{~{{|{{{~{~zz|z|{|z}~zz~
{{{~{{|{{{{{}zz|z|{|z}~zz~
{{{~{{|{{{{{}zz|z|{|z}~zz~
{{{~{{|{{{|{~zz|z}{~|
{{{~{{|{{{|{~zz|z}{~|
{{{~{{}{z{{~{zz|z|{|z}~zz~
{{{~{{}{z{{~{zz|z|{|z}~zz~
{{{~{{}{{{z{}zz|z}{~|
{{{~{{}{{{z{}zz|z}{~|
{{{~{{}{{{}{|zz|z}{~|
{{{~{{}{{{}{}zz|z}{~|
{{{~{{}{{{{{zz|z{|}z~
{{{~{{}{{{{{zz|z{|}z~
{{{~{{}{{{|{zz|z}z|
{{{~{{~{}{{z{}zz|z{|}z~
{{{~{{~{}{{z{}zz|z{|}z~
{{{~{{~{{{|{~zz|z{|}z~
{{{~{{~{{{|{~zz|z{|}z~
{{{{{|{z{{z{zzz|z}~zz}z|}~}}
{{{{{|{{{{|{zzz|z}~zz}z|}~}}
{{{{{|{|{{}{zz|z~|}{
{{{{{}{{{}{{zz|z{|}z~
{{{{{}{{{}{{zz|z{|}z~
{{{{{{~{{{{}zz|z~z
{{{{{{{{|{~zz|z|{|z}~zz~
{{{{{{{{|{~zz|z|{|z}~zz~
{{{{{{{{}{{zz|z|{|z}~zz~
{{{{{{{{}{{zz|z|{|z}~zz~
{{{{{{{{z{zz|z}{~|
{{{{{{{{z{zz|z}{~|
{{{{{{{{{{zz|z}z|
{{{{{~{{{z{zz|z|{|z}~zz~
{{{{{~{{{z{zz|z|{|z}~zz~
{{{{{|{{{|{}zz|z|{|z}~zz~
{{{{{|{{{|{}zz|z|{|z}~zz~
{{{{{|{{{}{{zz|z|~}
{{{{{|{{{}{{zz|z|~}
{{{{{|{{{}{|zz|z|{|z}~zz~
{{{{{|{{{}{|zz|z|{|z}~zz~
{{{{{|{{{z{zz|z|{|z}~zz~
{{{{{|{{{z{zz|z|{|z}~zz~
{{{{{|{{{|{{zz|z|{|z}~zz~
{{{{{|{{{|{{zz|z|{|z}~zz~
{{{{{}{{{{}{~zz|z|{|z}~zz~
{{{{{}{{{{}{~zz|z|{|z}~zz~
{{{{{}{}{{{{zz|z{|}z~
{{{{{}{}{{{{zz|z{|}z~
{{{{{}{{{~{zz|z{|}z~
{{{{{}{{{~{zz|z{|}z~
{{{{{}{{{|{zzz|z{|}z~
{{{{{}{{{|{zzz|z{|}z~
{{{{{~{z{{~{zz|z{|}z~
{{{{{~{z{{~{zz|z{|}z~
{{{{{~{|{{|{|zz|z{|}z~
{{{{{~{|{{|{|zz|z{|}z~
{{{{{~{{{{|zz|z{|}z~
{{{{{~{{{{|zz|z{|}z~
{{{{{{|{{}{zz|z{|}z~
{{{{{{|{{}{zz|z{|}z~
{{{{{{{{|{zz|z}~zz}z|}~}}
{{{{{{{{~{zz~~~~{|~}||~~|~~{~~{zz~~~~{{{~{zz}|}}}|}}}|}~}}z}~~~~|~{~~}z|~~|~{~z~}}~~z}~~{~zzz~}z|~~|~{~}~~{~zzzz|}~}}z~}~z|zzz}}z~}~|~}}z~{~~zzz}|}}}|}~}}z}|}}~}z}}~}}||}~}}}|}}~}z}}~}|~||||||~zzzz|||}}~|}|}~zz|{|~}{}x
{{{{{{{{{}zz~~~~{|~}||~~|~~{~~{zz~~~~{{{~{zz}|}}}|}}}|}~}}z}~~~~|~{~~}z|~~|~{~z~}}~~z}~~{~zzz~}z|~~|~{~}~~{~zzzz|}~}}z~}~z|zzz}}z~}~|~}}z~{~~zzz}|}}}|}~}}z}|}}~}z}}~}}||}~}}}|}}~}z}}~}|~||||||~zzzz|||}}~|}|}~zz|{|~}{}x
{{{{{{{{{zz~~~~{|~}||~~|{z~zz~~~~{{~{~{{zz}|}}}|}}}|}~}}z}~~~~|~{~~}z|~~|~{~z~}}~~z}~~{~zzz~}z|~~|~{~}~~{~}}~}zzz~z}}z~}~|~{~~zzz}|z~|~}z~{~~zzz}|}}}|}~}}z}|}}~}z}}~}}||}~}}}|}}~}z}}~}|~||||||~zzzz|||}}~|}|}~zz|{|~}{}x
{{{{{{{{z{|zz~~~~{|~}||~~|~~{~~{zz~~~~{{{~{zz}|}}}|}}}|}~}}z}~~~~|~{~~}z|~~|~{~z~}}~~z}~~{~zzz~}z|~~|~{~}~~{~zzzz|}~}}z~}~z|zzz}}z~}~|~}}z~{~~zzz}|}}}|}~}}z}|}}~}z}}~}}||}~}}}|}}~}z}}~}|~||||||~zzzz|||}}~|}|}~zz|{|~}{}x
{{{{{{{{z{zz~~~~{|~}||~~|~~{~~{zz~~~~{{{~{zz}|}}}|}}}|}~}}z}~~~~|~{~~}z|~~|~{~z~}}~~z}~~{~zzz~}z|~~|~{~}~~{~zzzz|}~}}z~}~z|zzz}}z~}~|~}}z~{~~zzz}|}}}|}~}}z}|}}~}z}}~}}||}~}}}|}}~}z}}~}|~||||||~zzzz|||}}~|}|}~zz|{|~}{}x
{{{{{{{{{{{zz~~~~{|~}||~~|{z~zz~~~~{{~{~{{zz}|}}}|}}}|}~}}z}~~~~|~{~~}z|~~|~{~z~}}~~z}~~{~zzz~}z|~~|~{~}~~{~}}~}zzz~z}}z~}~|~{~~zzz}|z~|~}z~{~~zzz}|}}}|}~}}z}|}}~}z}}~}}||}~}}}|}}~}z}}~}|~||||||~zzzz|||}}~|}|}~zz|{|~}{}x
{{{{{z{z{{{zz|z}~zz}z|}~}}
{{{{{z{{{{{{{zz~~~~{|~}||~~|~~{~~{zz~~~~{{{~{zz}|}}}|}}}|}~}}z}~~~~|~{~~}z|~~|~{~z~}}~~z}~~{~zzz~}z|~~|~{~}~~{~zzzz|}~}}z~}~z|zzz}}z~}~|~}}z~{~~zzz}|}}}|}~}}z}|}}~}z}}~}}||}~}}}|}}~}z}}~}|~||||||~zzzz|||}}~|}|}~zz|{|~}{}x
{{{{{z{{{{{{~zz~~~~{|~}||~~|~~{~~{zz~~~~{{{~{zz}|}}}|}}}|}~}}z}~~~~|~{~~}z|~~|~{~z~}}~~z}~~{~zzz~}z|~~|~{~}~~{~zzzz|}~}}z~}~z|zzz}}z~}~|~}}z~{~~zzz}|}}}|}~}}z}|}}~}z}}~}}||}~}}}|}}~}z}}~}|~||||||~zzzz|||}}~|}|}~zz|{|~}{}x
{{{{{z{|{{|{zz|z~|}{
{{{{{}{|{{{zz|z{|}z~
{{{{{}{|{{{zz|z{|}z~
{{{{{}{}{{{{zz|z{|}z~
{{{{{}{}{{{{zz|z{|}z~
{{{{{}{~{{}{zz|z}z|
{{{{{}{{{|{zz|z{|}z~
{{{{{}{{{|{zz|z{|}z~
{{{{{{{{~{zz|z}~zz}z|}~}}
{{{{{{{{~{zz|z{|}z~
{{{{{{{{~{zz|z{|}z~
{{{{{{{{~{|zz|z~|}{
{{{{{{{{z{}zz|z}~zz}z|}~}}
