{|{{{{}{{{{|{zz|}{|~~}|~}~~~zz}~~~~~}zz{{{zzz~~}{|}|{}z|}z}z|}zzzz|}{|}~{z~~z}z|}zzzz|}z{{{{{|z{zz{zz{|{
{|{{{{}{{{{|{zz||||{|}|zz|~||{{{{|{{{{{{x
{|{{{{}{{{{|{zz||||{|}|zz|~||{{{{|{{{{{x
{|{{{{}{{{{|{zz||||{|}|zz|~||{{{{|{{{{}{{x
{|{{{{}{{{{|{zz||||{|}|zz|~||{{{{|{{{{z{{x
{|{{{{}{{{{|{zz||||{|}|zz|~||{{{{|{{{{~{x
{|{{{{}{{{{|{zz||||{|}|zz|~||{{{{|{{{{|{x
{|{{{{}{{{{|{zz||||{|}|zz|~||{{|{{{{z{~{x
{|{{{{}{{{{|{zz||||{|}|zz|~||{{|{{{~{{{{}x
{|{{{{}{{{{|{zz||||{|}|zz|~||{{|{{{}{|{{{x
{|{{{{}{{{{|{zz||||{|}|zz|~||{{|{{{}{{{}x
{|{{{{}{{{{|{zz||||{|}|zz|~||{{|{{{{{{{x
{|{{{{}{{{{|{zz||||{|}|zz|~||{{|{{{{{z{z{zx
{|{{{{}{{{{|{zz||||{|}|zz|~||{{|{{{{{~{{x
{|{}{{{|{{|{zz|}{|~~}|~}~~~zz}~~~~~}zz{{{zzz~~}{|}|{}z|}z}z|}zzzz|}{|}~{z~~z}z|}zzzz|}z{{{{{|z{zz{zz{|{
{|{}{{{|{{|{zz||||{|}|zz|~||{{{{|{{{{{{x
{|{}{{{|{{|{zz||||{|}|zz|~||{{{{|{{{{{x
{|{}{{{|{{|{zz||||{|}|zz|~||{{{{|{{{{}{{x
{|{}{{{|{{|{zz||||{|}|zz|~||{{{{|{{{{z{{x
{|{}{{{|{{|{zz||||{|}|zz|~||{{{{|{{{{~{x
{|{}{{{|{{|{zz||||{|}|zz|~||{{{{|{{{{|{x
{|{}{{{|{{|{zz||||{|}|zz|~||{{|{{{{z{~{x
{|{}{{{|{{|{zz||||{|}|zz|~||{{|{{{~{{{{}x
{|{}{{{|{{|{zz||||{|}|zz|~||{{|{{{}{|{{{x
{|{}{{{|{{|{zz||||{|}|zz|~||{{|{{{}{{{}x
{|{}{{{|{{|{zz||||{|}|zz|~||{{|{{{{{{{x
{|{}{{{|{{|{zz||||{|}|zz|~||{{|{{{{{z{z{zx
{|{}{{{|{{|{zz||||{|}|zz|~||{{|{{{{{~{{x
{|{}{{{{{}{zz|z~|
{|{}{{{{{}{zz|z~|
