{{{{{{|{{{~{|zz|}{|~~}|~}~~~zz}~~~~~}zz{zz~~}{|}|z}z|}zzzz|}{|{~~~~~~}~|~{~~|zzzz|}z{{{{{|z{zz{{z{
{{{{{{|{{{~{~zz||||{|}|zz|~||{{{{|{{{{{{x
{{{{{{|{{{~{~zz||||{|}|zz|~||{{{{|{{{{{x
{{{{{{|{{{~{~zz||||{|}|zz|~||{{{{|{{{{}{{x
{{{{{{|{{{~{~zz||||{|}|zz|~||{{{{|{{{{z{{x
{{{{{{|{{{~{~zz||||{|}|zz|~||{{{{|{{{{~{x
{{{{{{|{{{~{~zz||||{|}|zz|~||{{{{|{{{{|{x
{{{{{{|{{{~{~zz||||{|}|zz|~||{{|{{{{z{~{x
{{{{{{|{{{~{~zz||||{|}|zz|~||{{|{{{~{{{{}x
{{{{{{|{{{~{~zz||||{|}|zz|~||{{|{{{}{|{{{x
{{{{{{|{{{~{~zz||||{|}|zz|~||{{|{{{}{{{}x
{{{{{{|{{{~{~zz||||{|}|zz|~||{{|{{{{{{{x
{{{{{{|{{{~{~zz||||{|}|zz|~||{{|{{{{{z{z{zx
{{{{{{|{{{~{~zz||||{|}|zz|~||{{|{{{{{~{{x
{{{{{{}{}{{~{zzz|z}{~|
{{{{{{}{}{{~{zzz|z}{~|
{{{{{{{{{{{zz|z}{~|
{{{{{{{{{{{zz|z}{~|
{{{{{{{{{|{~zz|z}{~|
{{{{{{{{{|{~zz|z}{~|
{{{{{{{{{~{}zz|z}{~|
{{{{{{{{{~{}zz|z}{~|
{{{{{{{{{{{zz|z}{~|
{{{{{{{{{{{zz|z}{~|
{{{|{{z{z{{|{~zz|z}{~|
{{{|{{z{z{{|{~zz|z}{~|
{{{|{{z{z{{~{~zz|z}{~|
{{{|{{z{z{{~{~zz|z}{~|
{{{|{{z{z{{~{zz|z}{~|
{{{|{{z{z{{~{zz|z}{~|
{{{|{{z{{{{z{zzz|z}{~|
{{{|{{z{{{{z{zzz|z}{~|
{{{|{{z{}{{|{zz|z}{~|
{{{|{{z{}{{|{zz|z}{~|
{{{|{{z{~{{z{~zz|z{|}z~
{{{|{{z{~{{z{~zz|z{|}z~
{{{}{{{|{{z{zz|z}
{{{}{{{|{{z{zz|z}
{{{}{{{}{{|{|zz|z}
{{{}{{{}{{|{|zz|z}
{{{}{{{{{}{zz|z}z|
{{{~{{z{{{}{|zz|z|z
{{{~{{{{{{|{zz|z{{|}z~
{{{~{{{{{{|{zz|z{{|}z~
{{{~{{{{{{}{{zz|z|{|z}~zz~
{{{~{{{{{{}{|zz|z|{|z}~zz~
{{{~{{{{{{{{zz|z|{|z}~zz~
{{{~{{{{{{{{zz|z|{|z}~zz~
{{{~{{|{z{{z{zz|z}~zz}z|}~}}
{{{~{{|{~{{{zzz|z~|}{
{{{~{{|{{{{zz|z}}~}
{{{~{{|{{{z{zzz|z}}~}
{{{~{{|{{{z{zz|z}}~}
{{{~{{|{{{z{zz|z}}~}
{{{~{{}{}{{{~zz|z~|}{
{{{~{{}{~{{|{zz|z~|}{
{{{~{{~{|{{~{zz|z}{~|
{{{~{{~{|{{~{zz|z}{~|
{{{~{{~{}{{{zz|z}{~|
{{{~{{~{}{{{zz|z}{~|
{{{~{{~{{{z{zz|z}{~|
{{{~{{~{{{z{zz|z}{~|
{{{~{{~{{{{{~zz|z}{~|
{{{~{{~{{{{{~zz|z}{~|
{{{~{{~{{{}{zz|z}{~|
{{{~{{~{{{}{zz|z}{~|
{{{~{{~{{{~{zz|z}{~|
{{{~{{~{{{~{zz|z}{~|
{{{~{{~{{{{}zz|z|{|z}~zz~
{{{~{{~{{{{}zz|z|{|z}~zz~
{{{~{{~{{{{{}zz|z|{|z}~zz~
{{{~{{~{{{{{}zz|z|{|z}~zz~
{{{~{{~{{{|{|zz|z}{~|
{{{~{{~{{{|{|zz|z}{~|
{{{~{{{{{{~{zz|z}{~|
{{{~{{{{{{~{zz|z}{~|
{{{~{{{{{{zz|z}{~|
{{{~{{{{{{zz|z}{~|
{{{~{{{{{z{zz|z}{~|
{{{~{{{{{z{zz|z}{~|
{{{~{{{{{{}zz|z}{~|
{{{~{{{{{{}zz|z}{~|
{{{~{{{{{{{zzz|z|{|z}~zz~
{{{~{{{{{{{{zz|z|{|z}~zz~
{{{~{{{{{{{{zz|z}{~|
{{{~{{{{{{{|zz|z}{~|
{{{~{{{{{|{zz|z}{~|
{{{~{{{{{|{zz|z}{~|
{{{~{{{{{{zzz|z}{~|
{{{~{{{{{{zzz|z}{~|
{{{{{{{z{{~{zz|z}{{}}
{{{{{|{|{{{zz|z}{{}}
{{{{{|{}{{{zzz|z{{
{{{{{}{}{{}{zz|z
{{{{{}{{{z{{zz|z
{{{{{~{{{{{}zz|z|{|z}~zz~
{{{{{~{{{{{}zz|z|{|z}~zz~
{{{{{~{{{|{|zz|z|{|z}~zz~
{{{{{~{{{|{|zz|z|{|z}~zz~
{{{{{{{{{zz|z}{~|
{{{{{{{{{zz|z}{~|
{{{{{z{z{{{{zz|z}{~|
{{{{{z{z{{{{zz|z}{~|
{{{{{z{|{{{{}zz|z}{~|
{{{{{z{|{{{{}zz|z}{~|
{{{{{z{|{{~{zzz|z}{~|
{{{{{z{|{{~{{zz|z}{~|
{{{{{z{{{z{zz|z}{~|
{{{{{z{{{z{zz|z}{~|
{{{{{{{{{{{|zz|z}{~|
{{{{{{{{{{{|zz|z}{~|
{{{{{|{{{~{|zz|z}{~|
{{{{{|{{{~{|zz|z}{~|
{{{{{~{{{}{zz|z}z|
{{{{{{}{{z{zz|z{|}z~
{{{{{{}{{z{zz|z{|}z~
{{{{{{}{{z{zz|z{|}z~
{{{{{{}{{z{zz|z{|}z~
{{{{{{{{z{~zz|z{}|}z~
{{{{{{{{z{~zz|z{}|}z~
{{{{{}{{{{zzz|z{|}z~
{{{{{}{{{{zzz|z{|}z~
{{{{{}{{{{zzz|z{|}z~
{{{{{}{{{{{zz|z{|}z~
{{{{{{{{}{zzz|z~|
{{{{{{{{}{zzz|z~|
{{{{{{{{{{}zz|z~|
{{{{{{{{{{}zz|z~|
{{{{{z{|{{}{~zz|z|{|z}~zz~
{{{{{z{|{{}{~zz|z|{|z}~zz~
{{{{{z{}{{{{~zz|z|{|z}~zz~
{{{{{z{}{{{{~zz|z|{|z}~zz~
{{{{{z{~{{{{}zz|z|{|z}~zz~
{{{{{z{~{{{{}zz|z|{|z}~zz~
{{{{{z{~{{~{{zz|z|{|z}~zz~
{{{{{z{~{{~{{zz|z|{|z}~zz~
{{{{{{{{z{zz|z|
{{{{{{{{{{zz|z|
{{{{{|{{{{{zz|z}z|
{{{{{}{{{z{~zz|z}z|
{{{{{}{{{~{zz|z}z|
{{{{{}{{{|{|zz|z}z|
{{{{{~{z{{z{{zz|z|z
{{{{{~{{{{|{{zz|z~{{z~}|}
{{{{{~{{{{|{{zz|z~{{z~}|}
{{{{{~{{{{|{zz|z}~zz}z|}~}}
{{{{{~{}{{{zz|z}~zz}z|}~}}
{{{{{~{~{{|{zzz|z~zz|}
{{{{{~{~{{|{zzz|z~zz|}
{{{{{~{{{|{{zz|z~{{z~}|}
{{{{{~{{{|{{zz|z~{{z~}|}
{{{{{~{{{|{~zz|z~zz|}
{{{{{~{{{|{~zz|z~zz|}
{{{{{~{{{}{zz|z}~zz}z|}~}}
{{{{{~{{{{{zz|z~zz|}
{{{{{~{{{{{zz|z~zz|}
{{{{{~{{{|{zz|z}~zz}z|}~}}
{{{{{~{{{~{zz|z~zz|}
{{{{{~{{{~{zz|z~zz|}
{{{{{~{{{z{zzz|z}~zz}z|}~}}
{{{{{~{{{{{}zz|z~zz|}
{{{{{~{{{{{~zz|z~zz|}
{{{{{~{{{|{{zz|z}~zz}z|}~}}
{{{{{{z{{~{zz|z~zz|}
{{{{{{z{{~{zz|z~zz|}
{{{{{{{{{z{zz|z}~zz}z|}~}}
{{{{{{|{{{{zz|z~zz|}
{{{{{{|{{{{zz|z~zz|}
{{{{{{|{{|{zz|z}~zz}z|}~}}
{{{{{{}{{|{zz|z~zz|}
{{{{{{}{{|{zz|z~zz|}
{{{{{{}{{}{zz|z}~zz}z|}~}}
{{{{{{~{{}{zz|z~zz|}
{{{{{{~{{}{zz|z~zz|}
{{{{{{~{{~{~zz|z}~zz}z|}~}}
{{{{{{{{~{~zz|z~zz|}
{{{{{{{{~{~zz|z~zz|}
{{{{{{{{{zz|z}~zz}z|}~}}
{{{{{{{{{zz|z|z
{{{{{{{{{zz|z~zz|}
{{{{{{{{{zz|z~zz|}
{{{{{{{{z{{zz|z}~zz}z|}~}}
{|{z{{z{{{{|{zz|z~|}{
{|{z{{}{|{{|{|zz|z~|}{
{z{{{{{{{{zz|z}~zz}z|}~}}
{z{{{{{{{~{zz|z}~zz}z|}~}}
{z{{{}{{{|{}zz|z}~zz}z|}~}}
{z{{{~{z{{{zzz|z}~zz}z|}~}}
{z{{{~{{{z{zz|z~{{z~}|}
{z{{{~{{{z{zz|z~{{z~}|}
{z{{{z{{{}{zz|z{~|}z~
{z{{{z{{{}{zz|z{~|}z~
{z{{{z{{{{|zz|z{~|}z~
{z{{{z{{{{|zz|z{~|}z~
{z{{{z{{{{zz|z{|}z~
{z{{{z{{{{zz|z{|}z~
{z{{{z{{{}{zz|z}{~|
{z{{{z{{{}{zz|z}{~|
{z{{{z{{{}{zz|z{|}z~
{z{{{z{{{}{zz|z{|}z~
{z{{{{{z{{z{zz|z}z|
{z{{{{{~{{{|zz|z{|}z~
{z{{{{{~{{{|zz|z{|}z~
{z{{{|{{{{zz|z{|}z~
{z{{{|{{{{zz|z{|}z~
{z{{{|{{{}{{zz|z{~|}z~
{z{{{|{{{}{{zz|z{~|}z~
{z{{{|{{{}{zz|z{~|}z~
{z{{{|{{{}{zz|z{~|}z~
{z{{{|{{{{{{zz|z{|}z~
{z{{{|{{{{{{zz|z{|}z~
{{{~{{{{{{{~zz|z}~zz}z|}~}}
{{{~{{{{{{z{}zz|z~|}{
{{{~{{|{z{{~{zzz|z}{~|
{{{~{{|{z{{~{zzz|z}{~|
{{{~{{|{z{{{~zz|z}{~|
{{{~{{|{z{{{zz|z}{~|
{{{~{{|{{{{}{zz|z|{|z}~zz~
{{{~{{|{{{{}{zz|z|{|z}~zz~
{{{~{{|{|{{|{zz|z}{~|
{{{~{{|{|{{|{zz|z}{~|
{{{~{{|{|{{~{zz|z}{~|
{{{~{{|{|{{~{zz|z}{~|
{{{~{{|{}{{{{{zz|z}{{}}
{{{~{{|{~{{{zz|z{{{{{~
{{{~{{|{~{{{zz|z{{{{{~
{{{~{{|{{{}{zz|z}{~|
{{{~{{|{{{}{zz|z}{~|
{{{~{{|{{{{|zz|z}{~|
{{{~{{|{{{{|zz|z}{~|
{{{~{{}{z{{|{|zz|z}{~|
{{{~{{}{z{{|{|zz|z}{~|
{{{~{{}{z{{{}zz|z}z|
{{{~{{}{{{{~{zz|z{|}z~
{{{~{{}{{{{~{zz|z{|}z~
{{{~{{}{}{{{zzz|z{|}z~
{{{~{{}{}{{{zzz|z{|}z~
{{{~{{~{{{{~{zz|z~|
{{{~{{~{{{{~{zz|z~|
{{{~{{~{{{{{|zz|z{|}z~
{{{~{{~{{{{{|zz|z{|}z~
{{{~{{~{{{{{zz|z}{~|
{{{~{{~{{{|{zzz|z}{~|
{{{~{{{{{{{}zz|z|z
{{{~{{{|{{z{zzz|z}~zz}z|}~}}
{{{~{{{|{{|{zzz|z~|}{
{{{~{{{~{{{zz|z}z|
{{{{{{{~{{z{zz|z}~zz}z|}~}}
{{{{{{{{{}{~zz|z{|}z~
{{{{{{{{{}{zz|z{|}z~
{{{{{}{{{~{~zz|z{|}z~
{{{{{}{{{~{~zz|z{|}z~
{{{{{{z{{}{zz|z{|}z~
{{{{{{z{{}{zz|z{|}z~
{{{{{{z{{{|zz|z}
{{{{{{z{{{|zz|z}
{{{{{{|{{{zz|z}z|
{{{{{|{z{{~{zz|z}z|
{{{{{{|{{z{|zz|z{~|}z~
{{{{{{|{{z{}zz|z{~|}z~
{{{{{{|{{z{~zz|z{|}z~
{{{{{{|{{z{zz|z{|}z~
{{{{{{|{{z{zz|z{|}z~
{{{{{{|{{z{zz|z{|}z~
{{{{{{|{{z{zz|z{|}z~
{{{{{{|{{z{zz|z{|}z~
{{{{{{|{{{{{zz|z{|}z~
{{{{{{|{{{{{zz|z{|}z~
{{{{{|{}{{{zz|z|{|z}~zz~
{{{{{|{}{{{zz|z|{|z}~zz~
{{{{{|{~{{~{{zz|z}{~|
{{{{{|{~{{~{{zz|z}{~|
{{{{{|{{{{zz|z|{|z}~zz~
{{{{{|{{{{zz|z|{|z}~zz~
{{{{{|{{{|{zzz|z}{~|
{{{{{|{{{|{zzz|z}{~|
{{{{{|{{{|{zz|z}{~|
{{{{{|{{{|{zz|z}{~|
{{{{{|{{{}{zz|z}{~|
{{{{{|{{{}{zz|z}{~|
{{{{{|{{{{{zz|z}{~|
{{{{{|{{{{{zz|z}{~|
{{{{{}{z{{{zz|z}{~|
{{{{{}{z{{{zz|z}{~|
{{{{{}{{{{{|zz|z}{~|
{{{{{}{{{{{|zz|z}{~|
{{{{{}{{{{{zz|z{~|}z~
{{{{{}{{{{{zz|z{~|}z~
{{{{{}{|{{{{{zz|z}{~|
{{{{{}{|{{{{{zz|z}{~|
{{{{{}{~{{z{zz|z}{~|
{{{{{}{~{{z{zz|z}{~|
{{{{{}{{{{{zz|z}{~|
{{{{{}{{{{{zz|z}{~|
{{{{{}{{{~{{zz|z}z|
{{{{{}{{{{{zz|z}~zz}z|}~}}
{{{{{}{{{~{zz|z}~zz}z|}~}}
{{{{{}{{{{zzz|z~|}{
{{{{{~{{{{zz|z{~|}z~
{{{{{~{{{{zz|z{~|}z~
{{{{{~{{{{zz|z{|}z~
{{{{{~{{{{zz|z{|}z~
{{{{{~{{{{zz|z{~|}z~
{{{{{~{{{{zz|z{~|}z~
{{{{{~{{{z{|zz|z{|}z~
{{{{{~{{{z{|zz|z{|}z~
{{{{{~{{{z{|zz|z{|}z~
{{{{{~{{{z{|zz|z{|}z~
{{{{{~{{{|{~zz|z{|}z~
{{{{{~{{{|{~zz|z{|}z~
{{{{{~{{{}{~zz|z}z|
{{{{{{{{{z{zz|z}~zz}z|}~}}
{{{{{{|{{}{zz|z~|}{
{{{{{{{{~{zz|z|{|z}~zz~
{{{{{{{{~{zz|z|{|z}~zz~
{{{{{|{z{{z{zz|z{|}z~
{{{{{|{z{{z{zz|z{|}z~
{{{{{|{z{{{{~zz|z{|}z~
{{{{{|{z{{{{~zz|z{|}z~
{{{{{|{z{{}{{zz|z}z|
{{{{{~{|{{z{zzz|z}~zz}z|}~}}
{{{{{~{|{{~{}zz|z~|}{
{z{{{{{{{{}{zzz|z|
{z{{{{{{{|{zz|z{|}z~
{z{{{{{{{|{zz|z{|}z~
{z{{{{{{{|{zz|z}{~|
{z{{{{{{{|{zz|z}{~|
{z{{{{{{{~{zz|z}z|
{z{{{{{{{{zz|z{|}z~
{z{{{{{{{{zz|z{|}z~
{z{{{}{{{{{{zz|z}z|
{z{{{{z{{{{{zz|z}~zz}z|}~}}
{z{{{{z{{{|zz|z~|}{
