{z{{{~{{{{zzz|}{|~~}|~}~~~zz}~~~~~}zz{zz~~}{|}|z}z|}zzzz|}{|{~~~~~~}~|~{~~|zzzz|}z{{{{{|z{zz{{z{
{z{{{~{{{{zzz||||{|}|zz|~||{{{{|{{{{{{x
{z{{{~{{{{zzz||||{|}|zz|~||{{{{|{{{{{x
{z{{{~{{{{zzz||||{|}|zz|~||{{{{|{{{{}{{x
{z{{{~{{{{zzz||||{|}|zz|~||{{{{|{{{{z{{x
{z{{{~{{{{zzz||||{|}|zz|~||{{{{|{{{{~{x
{z{{{~{{{{zzz||||{|}|zz|~||{{{{|{{{{|{x
{z{{{~{{{{zzz||||{|}|zz|~||{{|{{{{z{~{x
{z{{{~{{{{zzz||||{|}|zz|~||{{|{{{~{{{{}x
{z{{{~{{{{zzz||||{|}|zz|~||{{|{{{}{|{{{x
{z{{{~{{{{zzz||||{|}|zz|~||{{|{{{}{{{}x
{z{{{~{{{{zzz||||{|}|zz|~||{{|{{{{{{{x
{z{{{~{{{{zzz||||{|}|zz|~||{{|{{{{{z{z{zx
{z{{{~{{{{zzz||||{|}|zz|~||{{|{{{{{~{{x
{z{{{z{{{{}{|zz|}{|~~}|~}~~~zz}~~~~~}zz{zz~~}{|}|z}z|}zzzz|}{|{~~~~~~}~|~{~~|zzzz|}z{{{{{|z{zz{{z{
{z{{{z{{{{}{|zz||||{|}|zz|~||{{{{|{{{{{{x
{z{{{z{{{{}{|zz||||{|}|zz|~||{{{{|{{{{{x
{z{{{z{{{{}{|zz||||{|}|zz|~||{{{{|{{{{}{{x
{z{{{z{{{{}{|zz||||{|}|zz|~||{{{{|{{{{z{{x
{z{{{z{{{{}{|zz||||{|}|zz|~||{{{{|{{{{~{x
{z{{{z{{{{}{|zz||||{|}|zz|~||{{{{|{{{{|{x
{z{{{z{{{{}{|zz||||{|}|zz|~||{{|{{{{z{~{x
{z{{{z{{{{}{|zz||||{|}|zz|~||{{|{{{~{{{{}x
{z{{{z{{{{}{|zz||||{|}|zz|~||{{|{{{}{|{{{x
{z{{{z{{{{}{|zz||||{|}|zz|~||{{|{{{}{{{}x
{z{{{z{{{{}{|zz||||{|}|zz|~||{{|{{{{{{{x
{z{{{z{{{{}{|zz||||{|}|zz|~||{{|{{{{{z{z{zx
{z{{{z{{{{}{|zz||||{|}|zz|~||{{|{{{{{~{{x
{z{{{z{|{{}{}zz|z
{z{{{z{|{{~{zzz|z}
{z{{{z{{{~{zz|z}z|
{z{{{{{~{{{{|zz|z}z|
{z{{{{{{{~{zz|z|z
{z{{{{{{{{zz|z|z
{z{{{{{{{|{zz|z|z
{z{{{{{{{}{zz|z}~zz}z|}~}}
{z{{{{{{{~{zz|z}~zz}z|}~}}
{z{{{{{{{z{zz|z~|}{
{z{{{|{{{{{{zz|z}~zz}z|}~}}
{z{{{|{{{|{zz|z~|}{
{z{{{~{{{{{{|zz|z}{~|
{z{{{~{{{{{{|zz|z}{~|
{z{{{~{{{{{{zz|z~
{z{{{~{|{{|{{zz|z~|}{
{z{{{{{{~{zz|z{|}z~
{z{{{{{{~{zz|z{|}z~
{{{z{{z{{{{z{{zz|z{|}z~
{{{z{{z{{{{z{{zz|z{|}z~
{{{z{{z{|{{{zz|z{~|}z~
{{{z{{z{|{{{zz|z{~|}z~
{{{z{{z{|{{{zz|z{~|}z~
{{{z{{z{|{{{zz|z{~|}z~
{{{z{{z{~{{{zz|z{|}z~
{{{z{{z{~{{{zz|z{|}z~
{{{z{{z{{{z{~zz|z{|{z|}z~
{{{z{{z{{{z{~zz|z{|{z|}z~
{{{z{{z{{{|{zz|z{|}z~
{{{z{{z{{{|{zz|z{|}z~
{{{z{{{{{{z{{zz|z}z|
{{{z{{~{z{{}{zz|z{|}z~
{{{z{{~{z{{}{zz|z{|}z~
{{{z{{~{|{{{{~zz|z{|}z~
{{{z{{~{|{{{{~zz|z{|}z~
{{{z{{~{|{{{{zz|z{|}z~
{{{z{{~{|{{{{zz|z{|}z~
{{{z{{~{{{|{zzz|z|{|z}~zz~
{{{z{{~{{{|{{zz|z|{|z}~zz~
{{{{{{{{{}{zz|z|
{{{{{{{{{~{zzz|z{z|
{{{{{{{{{{{zz|z|
{{{{{{{{{~{zz|z|
{{{{{{{{{~{}zz~~~~{}~}~zz~~~~{{{}{zz}|}}}}~}||}|}~{}~}~{~~z~}|~~~{~~~||~zzzz~{~~zzzzz~{z{}x
{{{{{{{{{~{~zz~~~~{}~}~zz~~~~{{{}{zz}|}}}}~}||}|}~{}~}~{~~z~}|~~~{~~~||~zzzz~{~~zzzzz~{z{}x
{{{{{{{{{~{zz~~~~{}~}~zz~~~~{{|{{zzz}|}}}}~}||}|}~{}~}~{~~z~}|~~~{~~~||~zzzz~{~~zzzzz~{z{}x
{{{{{{{{{~{zz~~~~{}~}~zz~~~~{{{}{zz}|}}}}~}||}|}~{}~}~{~~z~}|~~~{~~~||~zzzz~{~~zzzzz~{z{}x
{{{{{{{{{{}zz|z|
{{{|{{z{}{{{{}zz|}{|~~}|~}~~~zz}~~~~~}zz{zz~~}{|}|z}z|}zzzz|}{|{~~~~~~}~|~{~~|zzzz|}z{{{{{|z{zz{{z{
{{{|{{z{}{{{{~zz||||{|}|zz|~||{{{{|{{{{{{x
{{{|{{z{}{{{{~zz||||{|}|zz|~||{{{{|{{{{{x
{{{|{{z{}{{{{~zz||||{|}|zz|~||{{{{|{{{{}{{x
{{{|{{z{}{{{{~zz||||{|}|zz|~||{{{{|{{{{z{{x
{{{|{{z{}{{{{~zz||||{|}|zz|~||{{{{|{{{{~{x
{{{|{{z{}{{{{~zz||||{|}|zz|~||{{{{|{{{{|{x
{{{|{{z{}{{{{~zz||||{|}|zz|~||{{|{{{{z{~{x
{{{|{{z{}{{{{~zz||||{|}|zz|~||{{|{{{~{{{{}x
{{{|{{z{}{{{{~zz||||{|}|zz|~||{{|{{{}{|{{{x
{{{|{{z{}{{{{~zz||||{|}|zz|~||{{|{{{}{{{}x
{{{|{{z{}{{{{~zz||||{|}|zz|~||{{|{{{{{{{x
{{{|{{z{}{{{{~zz||||{|}|zz|~||{{|{{{{{z{z{zx
{{{|{{z{}{{{{~zz||||{|}|zz|~||{{|{{{{{~{{x
{{{|{{z{}{{~{}zz|z|
{{{|{{z{~{{~{zz|}{|~~}|~}~~~zz}~~~~~}zz{zz~~}{|}|z}z|}zzzz|}{|{~~~~~~}~|~{~~|zzzz|}z{{{{{|z{zz{{z{
{{{|{{z{~{{~{zz||||{|}|zz|~||{{{{|{{{{{{x
{{{|{{z{~{{~{zz||||{|}|zz|~||{{{{|{{{{{x
{{{|{{z{~{{~{zz||||{|}|zz|~||{{{{|{{{{}{{x
{{{|{{z{~{{~{zz||||{|}|zz|~||{{{{|{{{{z{{x
{{{|{{z{~{{~{zz||||{|}|zz|~||{{{{|{{{{~{x
{{{|{{z{~{{~{zz||||{|}|zz|~||{{{{|{{{{|{x
{{{|{{z{~{{~{zz||||{|}|zz|~||{{|{{{{z{~{x
{{{|{{z{~{{~{zz||||{|}|zz|~||{{|{{{~{{{{}x
{{{|{{z{~{{~{zz||||{|}|zz|~||{{|{{{}{|{{{x
{{{|{{z{~{{~{zz||||{|}|zz|~||{{|{{{}{{{}x
{{{|{{z{~{{~{zz||||{|}|zz|~||{{|{{{{{{{x
{{{|{{z{~{{~{zz||||{|}|zz|~||{{|{{{{{z{z{zx
{{{|{{z{~{{~{zz||||{|}|zz|~||{{|{{{{{~{{x
{{{|{{z{{{{{|zz|z|
{{{|{{z{{{}{zzz|}{|~~}|~}~~~zz}~~~~~}zz{zz~~}{|}|z}z|}zzzz|}{|{~~~~~~}~|~{~~|zzzz|}z{{{{{|z{zz{{z{
{{{|{{z{{{}{zzz||||{|}|zz|~||{{{{|{{{{{{x
{{{|{{z{{{}{zzz||||{|}|zz|~||{{{{|{{{{{x
{{{|{{z{{{}{zzz||||{|}|zz|~||{{{{|{{{{}{{x
{{{|{{z{{{}{zzz||||{|}|zz|~||{{{{|{{{{z{{x
{{{|{{z{{{}{zzz||||{|}|zz|~||{{{{|{{{{~{x
{{{|{{z{{{}{zzz||||{|}|zz|~||{{{{|{{{{|{x
{{{|{{z{{{}{zzz||||{|}|zz|~||{{|{{{{z{~{x
{{{|{{z{{{}{zzz||||{|}|zz|~||{{|{{{~{{{{}x
{{{|{{z{{{}{zzz||||{|}|zz|~||{{|{{{}{|{{{x
{{{|{{z{{{}{zzz||||{|}|zz|~||{{|{{{}{{{}x
{{{|{{z{{{}{zzz||||{|}|zz|~||{{|{{{{{{{x
{{{|{{z{{{}{zzz||||{|}|zz|~||{{|{{{{{z{z{zx
{{{|{{z{{{}{zzz||||{|}|zz|~||{{|{{{{{~{{x
{{{|{{z{{{z{~zz|z}{~|
{{{|{{z{{{z{~zz|z}{~|
{{{{{|{{{{~{zz|z}{~|
{{{{{|{{{{~{zz|z}{~|
{{{{{|{z{{{{zz|z}{~|
{{{{{|{z{{{{zz|z}{~|
{{{{{|{z{{~{zz|z{~}
{{{{{{{}{{~{zz|z|{|z}~zz~
{{{{{{{}{{~{zz|z|{|z}~zz~
{{{{{{{~{{~{~zz|z{{{{{~
{{{{{{{~{{~{~zz|z{{{{{~
{{{{{}{z{{}{|zz|z{{{{{~
{{{{{}{z{{}{|zz|z{{{{{~
{{{{{}{{{{zz|z{~|}z~
{{{{{}{{{{zz|z{~|}z~
{{{{{}{{{{zz|z{|}z~
{{{{{}{{{{zz|z{|}z~
{{{{{}{{{{zz|z{|}z~
{{{{{}{{{{zz|z{|}z~
{{{{{}{{{z{zzz|z{~|}z~
{{{{{}{{{z{zzz|z{~|}z~
{{{{{}{{{{{~zz|z{|}z~
{{{{{}{{{{{~zz|z{|}z~
{{{{{}{{{}{~zz|z}z|
{{{{{~{{{z{zzz|z}~zz}z|}~}}
{{{{{~{{{{~zz|z~|}{
{|{z{{{{{{{}{~zz|}{|~~}|~}~~~zz}~~~~~}zz{zz~~}{|}|z}z|}zzzz|}{|{~~~~~~}~|~{~~|zzzz|}z{{{{{|z{zz{{z{
{|{z{{{{{{{}{~zz||||{|}|zz|~||{{{{|{{{{{{x
{|{z{{{{{{{}{~zz||||{|}|zz|~||{{{{|{{{{{x
{|{z{{{{{{{}{~zz||||{|}|zz|~||{{{{|{{{{}{{x
{|{z{{{{{{{}{~zz||||{|}|zz|~||{{{{|{{{{z{{x
{|{z{{{{{{{}{~zz||||{|}|zz|~||{{{{|{{{{~{x
{|{z{{{{{{{}{~zz||||{|}|zz|~||{{{{|{{{{|{x
{|{z{{{{{{{}{~zz||||{|}|zz|~||{{|{{{{z{~{x
{|{z{{{{{{{}{~zz||||{|}|zz|~||{{|{{{~{{{{}x
{|{z{{{{{{{}{~zz||||{|}|zz|~||{{|{{{}{|{{{x
{|{z{{{{{{{}{~zz||||{|}|zz|~||{{|{{{}{{{}x
{|{z{{{{{{{}{~zz||||{|}|zz|~||{{|{{{{{{{x
{|{z{{{{{{{}{~zz||||{|}|zz|~||{{|{{{{{z{z{zx
{|{z{{{{{{{}{~zz||||{|}|zz|~||{{|{{{{{~{{x
{|{z{{{{}{{|{zzz|z}~zz}z|}~}}
{|{z{{{{{{|{zz|z}~zz}z|}~}}
{z{{{{{}{{~{{zz|z}~zz}z|}~}}
{z{{{{{~{{|{zzz|z}~zz}z|}~}}
{z{{{|{{{|{|zz|z}~zz}z|}~}}
{z{{{~{{{|{zz|z}~zz}z|}~}}
{z{{{~{{{{zz|z}~zz}z|}~}}
{z{{{~{{{{{zzz|z~|}{
