{z{{{{{{{{{{}zz|}{|~~}|~}~~~zz}~~~~~}zz{{{zzz~~}{|}|{}z|}z}z|}zzzz|}{|}~{z~~z}z|}zzzz|}z{{{{{|z{zz{zz{|{
{z{{{{{{{{{{~zz||||{|}|zz|~||{{{{|{{{{{{x
{z{{{{{{{{{{~zz||||{|}|zz|~||{{{{|{{{{{x
{z{{{{{{{{{{~zz||||{|}|zz|~||{{{{|{{{{}{{x
{z{{{{{{{{{{~zz||||{|}|zz|~||{{{{|{{{{z{{x
{z{{{{{{{{{{~zz||||{|}|zz|~||{{{{|{{{{~{x
{z{{{{{{{{{{~zz||||{|}|zz|~||{{{{|{{{{|{x
{z{{{{{{{{{{~zz||||{|}|zz|~||{{|{{{{z{~{x
{z{{{{{{{{{{~zz||||{|}|zz|~||{{|{{{~{{{{}x
{z{{{{{{{{{{~zz||||{|}|zz|~||{{|{{{}{|{{{x
{z{{{{{{{{{{~zz||||{|}|zz|~||{{|{{{}{{{}x
{z{{{{{{{{{{~zz||||{|}|zz|~||{{|{{{{{{{x
{z{{{{{{{{{{~zz||||{|}|zz|~||{{|{{{{{z{z{zx
{z{{{{{{{{{{~zz||||{|}|zz|~||{{|{{{{{~{{x
{z{{{{{|{{}{|zz|}{|~~}|~}~~~zz}~~~~~}zz{{{zzz~~}{|}|{}z|}z}z|}zzzz|}{|}~{z~~z}z|}zzzz|}z{{{{{|z{zz{zz{|{
{z{{{{{|{{}{}zz||||{|}|zz|~||{{{{|{{{{{{x
{z{{{{{|{{}{}zz||||{|}|zz|~||{{{{|{{{{{x
{z{{{{{|{{}{}zz||||{|}|zz|~||{{{{|{{{{}{{x
{z{{{{{|{{}{}zz||||{|}|zz|~||{{{{|{{{{z{{x
{z{{{{{|{{}{}zz||||{|}|zz|~||{{{{|{{{{~{x
{z{{{{{|{{}{}zz||||{|}|zz|~||{{{{|{{{{|{x
{z{{{{{|{{}{}zz||||{|}|zz|~||{{|{{{{z{~{x
{z{{{{{|{{}{}zz||||{|}|zz|~||{{|{{{~{{{{}x
{z{{{{{|{{}{}zz||||{|}|zz|~||{{|{{{}{|{{{x
{z{{{{{|{{}{}zz||||{|}|zz|~||{{|{{{}{{{}x
{z{{{{{|{{}{}zz||||{|}|zz|~||{{|{{{{{{{x
{z{{{{{|{{}{}zz||||{|}|zz|~||{{|{{{{{z{z{zx
{z{{{{{|{{}{}zz||||{|}|zz|~||{{|{{{{{~{{x
{z{{{{{}{{{{zz|z{|}z~
{z{{{{{}{{{{zz|z{|}z~
{z{{{{{}{{{{zz|z{|}z~
{z{{{{{}{{{{zz|z{|}z~
{z{{{{{{{}{zz|z}z|
{z{{{{{{{z{zzz|z}z|
{z{{{}{{{{zzz|z}z|
{z{{{{{{{{zzz|z}~zz}z|}~}}
{z{{{{{{}{|zz~~~~{|~}||~~|~~{~~{zz~~~~{{{~{zz}|}}}|}}}|}~}}z}~~~~|~{~~}z|~~|~{~z~}}~~z}~~{~zzz~}z|~~|~{~}~~{~zzzz|}~}}z~}~z|zzz}}z~}~|~}}z~{~~zzz}|}}}|}~}}z}|}}~}z}}~}}||}~}}}|}}~}z}}~}|~||||||~zzzz}}zx
{z{{{{{{}{zz~~~~{|~}||~~|{z~zz~~~~{{~{~{{zz}|}}}|}}}|}~}}z}~~~~|~{~~}z|~~|~{~z~}}~~z}~~{~zzz~}z|~~|~{~}~~{~}}~}zzz~z}}z~}~|~{~~zzz}|z~|~}z~{~~zzz}|}}}|}~}}z}|}}~}z}}~}}||}~}}}|}}~}z}}~}|~||||||~zzzz}}zx
{z{{{{{{~{}zz|z}~zz}z|}~}}
{z{{{|{|{{}{zzz|z}{~|
{z{{{|{|{{}{zzz|z}{~|
{z{{{~{{{|{zz|z}{{}}
{z{{{{z{{|{zz|z}{{}}
{z{{{{{{{{{}zz|z{{
{z{{{{{{|{zz|z|{|z}~zz~
{z{{{{{{|{zz|z|{|z}~zz~
{z{{{{{{z{{zz|z}{~|
{z{{{{{{z{{zz|z}{~|
{z{{{{{{{{zz|z}z|
{{{z{{z{|{{z{|zz|z{|}z~
{{{z{{z{|{{z{|zz|z{|}z~
{{{z{{z{{{|{{zz|z~|
{{{z{{z{{{|{{zz|z~|
{{{z{{{{{{~{{zz|z}z|
{{{z{{{{{{}{zz|zz~
{{{z{{{{{{}{zz|zz~
{{{z{{{{{{~{~zz|z}{~|
{{{z{{{{{{~{~zz|z}{~|
{{{z{{{|{{{{}zz|z}{~|
{{{z{{{|{{{{}zz|z}{~|
{{{{{{{{}{{~{zz|z}~zz}z|}~}}
{{{{{{{{~{|zz|}{|~~}|~}~~~zz}~~~~~}zz{{{zzz~~}{|}|{}z|}z}z|}zzzz|}{|}~{z~~z}z|}zzzz|}z{{{{{|z{zz{zz{|{
{{{{{{{{~{}zz||||{|}|zz|~||{{{{|{{{{{{x
{{{{{{{{~{}zz||||{|}|zz|~||{{{{|{{{{{x
{{{{{{{{~{}zz||||{|}|zz|~||{{{{|{{{{}{{x
{{{{{{{{~{}zz||||{|}|zz|~||{{{{|{{{{z{{x
{{{{{{{{~{}zz||||{|}|zz|~||{{{{|{{{{~{x
{{{{{{{{~{}zz||||{|}|zz|~||{{{{|{{{{|{x
{{{{{{{{~{}zz||||{|}|zz|~||{{|{{{{z{~{x
{{{{{{{{~{}zz||||{|}|zz|~||{{|{{{~{{{{}x
{{{{{{{{~{}zz||||{|}|zz|~||{{|{{{}{|{{{x
{{{{{{{{~{}zz||||{|}|zz|~||{{|{{{}{{{}x
{{{{{{{{~{}zz||||{|}|zz|~||{{|{{{{{{{x
{{{{{{{{~{}zz||||{|}|zz|~||{{|{{{{{z{z{zx
{{{{{{{{~{}zz||||{|}|zz|~||{{|{{{{{~{{x
{{{{{{{{z{zz|z
{{{{{z{z{{{{zz|z}z|
{{{{{|{~{{z{zz|z{||}z~
{{{{{|{~{{z{zz|z{||}z~
{{{{{|{~{{{{|zz|z}~zz}z|}~}}
{{{{{|{{{{{|zz|z{{|}z~
{{{{{|{{{{{|zz|z{{|}z~
{{{{{|{{{{{|zz|z{||}z~
{{{{{|{{{{{|zz|z{||}z~
{{{{{|{{{{{~zz|z}~zz}z|}~}}
{{{{{|{{{~{{zz|z{{|}z~
{{{{{|{{{~{{zz|z{{|}z~
{{{{{|{{{{~zz|z~
{{{{{{~{{|{zz|z|{|z}~zz~
{{{{{{~{{}{zzz|z|{|z}~zz~
{{{{{{{{{{zz|}{|~~}|~}~~~zz}~~~~~}zz{{{zzz~~}{|}|{}z|}z}z|}zzzz|}{|}~{z~~z}z|}zzzz|}z{{{{{|z{zz{zz{|{
{{{{{{{{{|zz||||{|}|zz|~||{{{{|{{{{{{x
{{{{{{{{{|zz||||{|}|zz|~||{{{{|{{{{{x
{{{{{{{{{|zz||||{|}|zz|~||{{{{|{{{{}{{x
{{{{{{{{{|zz||||{|}|zz|~||{{{{|{{{{z{{x
{{{{{{{{{|zz||||{|}|zz|~||{{{{|{{{{~{x
{{{{{{{{{|zz||||{|}|zz|~||{{{{|{{{{|{x
{{{{{{{{{|zz||||{|}|zz|~||{{|{{{{z{~{x
{{{{{{{{{|zz||||{|}|zz|~||{{|{{{~{{{{}x
{{{{{{{{{|zz||||{|}|zz|~||{{|{{{}{|{{{x
{{{{{{{{{|zz||||{|}|zz|~||{{|{{{}{{{}x
{{{{{{{{{|zz||||{|}|zz|~||{{|{{{{{{{x
{{{{{{{{{|zz||||{|}|zz|~||{{|{{{{{z{z{zx
{{{{{{{{{|zz||||{|}|zz|~||{{|{{{{{~{{x
{{{{{z{{{{{zzz|}{|~~}|~}~~~zz}~~~~~}zz{{{zzz~~}{|}|{}z|}z}z|}zzzz|}{|}~{z~~z}z|}zzzz|}z{{{{{|z{zz{zz{|{
{{{{{z{{{{{zzz||||{|}|zz|~||{{{{|{{{{{{x
{{{{{z{{{{{zzz||||{|}|zz|~||{{{{|{{{{{x
{{{{{z{{{{{zzz||||{|}|zz|~||{{{{|{{{{}{{x
{{{{{z{{{{{zzz||||{|}|zz|~||{{{{|{{{{z{{x
{{{{{z{{{{{zzz||||{|}|zz|~||{{{{|{{{{~{x
{{{{{z{{{{{zzz||||{|}|zz|~||{{{{|{{{{|{x
{{{{{z{{{{{zzz||||{|}|zz|~||{{|{{{{z{~{x
{{{{{z{{{{{zzz||||{|}|zz|~||{{|{{{~{{{{}x
{{{{{z{{{{{zzz||||{|}|zz|~||{{|{{{}{|{{{x
{{{{{z{{{{{zzz||||{|}|zz|~||{{|{{{}{{{}x
{{{{{z{{{{{zzz||||{|}|zz|~||{{|{{{{{{{x
{{{{{z{{{{{zzz||||{|}|zz|~||{{|{{{{{z{z{zx
{{{{{z{{{{{zzz||||{|}|zz|~||{{|{{{{{~{{x
{{{{{}{|{{|{zz|z}~zz}z|}~}}
